==== checkpointed_evaluation_mixed_timeline ====
case_name: case39
tau_verify: -1.0
schedule: clean:80;att-1-0.15:20;clean:40;att-2-0.20:20;clean:40;att-3-0.30:20;clean:20
start_offset: 2100
seed_base: 20260811
max_wall_seconds: 43200.0
output: /home/pang/projects/DDET-MTD-q1-case39/metric/case39/q1_top_sprint_20260424_094946/gate8_v2_hardening_20260426_101517/reduced_fresh/mixed_bank_test_gate8_reduced_interleaved_0.npy
partial_output: /home/pang/projects/DDET-MTD-q1-case39/metric/case39/q1_top_sprint_20260424_094946/gate8_v2_hardening_20260426_101517/partials/mixed_bank_test_gate8_reduced_interleaved_0.partial.npy
runtime_jsonl: /home/pang/projects/DDET-MTD-q1-case39/metric/case39/q1_top_sprint_20260424_094946/gate8_v2_hardening_20260426_101517/logs/runtime_gate8_reduced_interleaved_0.jsonl
resume_from_partial: NONE
total_steps: 240
z noise size: (35134, 170)
v est size: (35134, 39)
test dataset size scaled: 7022
test dataset size unscaled: 7021
valid dataset size scaled: 7022
valid dataset size unscaled: 7021
Using cuda device
LSTM_AE(
  (encoder): Encoder(
    (LSTM_layers): ModuleList(
      (0): LSTM(170, 116, batch_first=True)
      (1): LSTM(116, 63, batch_first=True)
      (2): LSTM(63, 10, batch_first=True)
    )
  )
  (decoder): Decoder(
    (LSTM_layers): ModuleList(
      (0): LSTM(10, 10, batch_first=True)
      (1): LSTM(10, 63, batch_first=True)
      (2): LSTM(63, 116, batch_first=True)
    )
    (output_layer): Linear(in_features=116, out_features=170, bias=True)
  )
)
The LSTM-AE detection threshold: [0.00714405 0.00737264 0.00760189 0.00785079 0.00817295 0.00854597
 0.00895281 0.00942822 0.01018794 0.01194939 0.01701637]
Quantile: 0.92
Threshold: 0.008952813036739827
-8.008895012803454e-06
-6.0939263184296283e-05
-5.7835617397712014e-05
-1.590028123099805e-07
-0.8314168337790391
-0.454668684077934
-0.27574093654798476
-0.24394550439058915
-2.784930714337431e-07
-1.621213722562189e-06
-5.9977149946162446e-05
-3.6988770842097607e-06
-1.2328113237374534e-05
-3.727977517997714e-05
-9.711107887845372e-05
-2.9146503826629216e-05
-1.4636137710689515e-05
-1.1885075170991461
-0.9054260691954013
-0.29310645794509055
-0.034639570191199655
-0.05528989481211713
-1.9566583127752e-05
-3.0515878037373374e-05
-0.30968838323236764
-0.30689811042155574
-1.2851503159575784e-06
-4.1138221700648594e-05
-5.088530952005518e-05
-0.00018525140715441619
-0.02298809740572109
-0.14916146399565777
-0.14088546817276074
-0.0001447230657642184
-9.769223690791541e-06
-1.6276628021264487e-05
-0.0006888500096631385
-0.00045424969412784786
-3.597484617421435e-06
-0.004930906959042857
-8.219284305861623e-06
-0.035226899654158816
-1.4980259362302225e-05
-3.9422736324336694e-06
-8.360699787906361e-06
-4.086803703457308e-06
-1.5895937874080687e-05
-4.647034632210034e-06
-2.1980363889872963e-06
-8.756275604619441e-07
-0.00013044012578483657
-4.388149864247621e-05
-9.839975542595163e-05
-1.7752420326162217e-06
-6.537331345373786e-06
-2.9918831682039414e-06
-0.04281839678462379
-9.304833686115576e-06
-3.2939562328858226e-06
-2.301652146251904e-05
-6.392561807614975e-05
-9.726537185202454e-08
-5.487868417259323e-06
-2.1106338166869786e-05
-3.6115019580654813e-06
-0.00013078992461083833
-2.2140318742715407e-05
-4.4740311005054876e-07
-5.224051443822299e-05
-0.0007664302314535895
-0.02437167073396646
-3.840139462719738e-06
-0.00013664841137968212
-0.03813242903742596
-1.355584512657607e-06
-7.092357332593725e-06
-3.018893480287025e-05
-0.041151402856892005
-1.8999677236797917e-05
-3.1527462737753315e-06
-9.308694165880951e-09
-1.5995670631997365e-06
-0.00023490677956962544
-2.081427464062141e-05
-3.363462130733933e-05
-6.608783466045726e-05
-1.2222276644236967e-05
-0.00025907793438220906
-6.511708786730713e-06
-0.00029114633752308744
-4.37830521047389e-05
-1.3328735757353189e-05
-3.297381341241476e-07
-0.0001577536852302524
-6.478373316503109e-05
-4.811776725660909e-05
-6.504098845915575e-05
-0.00010981385851262983
-1.201456158640471e-05
-1.2276699971409071e-05
-8.813300849863478e-05
-0.9828705334919068
-1.5450536134993895
-1.5967949662018248
-7.17929405809766e-05
-1.0699070279947462e-05
-4.095101157723686e-05
-1.625779137374666e-05
-0.0012741015948120442
-1.7811754161567362e-05
-2.992217453906799e-06
-0.00018426716793569929
-0.0011841887979058578
-0.0013933261125852663
-1.8109303478050784e-05
-8.283012906367874e-06
-2.6616674176401898e-06
-5.8966533508233196e-08
-1.0919109097830064e-05
-1.1156474359869337e-05
-1.8416329471076266e-06
-0.00011518031799901534
-3.0938361662928725e-05
-3.441068049754011e-07
-3.1759611190203285e-05
-8.398540998502854e-05
-0.00036421975302768496
-0.0007600235041217917
-2.3393204982420166e-06
-2.6212791068736794e-05
-5.997231930814638e-07
-2.853620437396458e-07
-0.000375475831915173
-3.2141209138181316e-08
-0.11492597962494165
-0.00012828932946416812
-3.408593905782955e-05
-5.588956978421104e-05
-4.176448764120349e-07
-1.0773905601886646e-05
-6.379203970979946e-06
-1.604613905420942e-07
-5.913168780909275e-06
-5.346272064493969e-06
-5.046203018697584e-06
-1.1275006193976295e-06
-4.884729637903382e-05
-3.5522392014167237e-09
-0.11245221465645208
-0.10372823397315878
-6.871171461290713e-06
-0.001691979670217827
-3.507935762323128e-05
-0.04417423582509095
-0.023246540780482303
-1.3707707897865277e-05
-0.1852414261853558
-0.22046398218031815
-2.729256748472231e-05
-0.0038422886968528225
-0.014782470950326546
-2.1938184205594567e-05
-6.972698135393428e-06
-0.0018272410663278454
-1.4957915832832202e-05
-0.00010027457940906673
-1.027460510835014e-05
-1.7182505531582903e-05
-4.354741842470885e-06
-0.00015536355697292226
-9.028815319998302e-06
-0.0005186013969363704
-3.4677724589042575e-05
-9.387414872394555e-06
-5.704988978909483e-05
-0.00013426934009643933
-0.00023314576948268097
-0.7821724403106105
-4.228906492094108e-05
-2.1671784319206393e-05
-3.823463538487004e-05
-9.012056744220517e-05
-2.183871875408711e-05
-0.10486270159644467
-0.08957889563572724
-9.897850321187877e-06
-4.2584354918679466e-07
-0.00010575054372243103
-0.2600197851122296
-8.367139926357613e-06
-3.323855111119799e-05
-0.00012106648088142142
-1.0010882412125234e-05
-2.4198316497559224e-05
-4.1384491480015315e-06
-0.8190281834549505
-0.4247138178328349
-0.5455525666913542
-0.203754139468567
0.8785367999061312
1.2550090505302869
1.4931074537239322
1.6936769189696348
1.9213171313754873
2.1611385596692543
2.393558923423225
2.474665229344763
-2.015105462255284e-05
-1.4618020135881133e-06
-1.4765906079304512e-05
-1.7477139145855793e-05
10886581.623937674
623031.4088574067
285150.7497621332
144754.61725210497
72891.21358225684
47793.626405817115
36534.50716019473
30024.425968426887
26101.102684625093
23748.711860833802
22451.42645799425
21418.707268390204
20444.463449299987
19627.992303086394
18894.76260161309
18234.8794502969
17612.319815246912
17013.961569386945
16438.120238940803
15884.003996418049
15349.177680349649
14832.560830735109
14333.080098438128
13849.698022368882
13381.495491609707
12927.607879128233
12487.30623185017
12059.982709132486
11645.122498243087
11242.281258573226
10851.140972701724
10473.383846747696
10107.29174977618
9751.580315627758
9405.943607734423
9070.111306452705
8743.822786909654
8426.828181527653
8118.878932524532
7819.72522405725
7529.106256356809
7246.74405808121
6972.332218818564
6705.5206106632695
6445.899163874705
6192.977024842178
5946.164608297273
5704.757957500201
5467.8775181190285
5234.227328893499
5005.05398733246
4789.888204553733
4580.460763059955
4372.572702321379
4154.36317432047
3930.130198615375
3733.3052802709453
3544.3310083673055
3363.0474605419213
3193.961309617909
3035.8012845583926
2888.7968437538852
2756.1296891436627
2637.473080338225
2524.274177477477
2415.755112818051
2311.686127354887
2211.913423520856
2116.3152420799784
2024.7878048349528
1937.2372483922015
1853.5735503075105
1773.7108381193802
1697.565898160365
1625.0577188910584
1556.107136910757
1490.6370492660913
1428.5602997648564
1370.1998915746049
1316.0365599753238
1266.0264740762034
1220.0487906417334
1177.9298009186589
1139.4555655767504
1104.3847695970276
1072.4595262553448
1043.414539195046
1016.9842111587051
992.9087861433759
970.9391363706934
950.8397334803276
932.3924888536573
915.3985982002755
899.6782623870871
885.0699056458059
871.4291881297262
858.6267371600019
846.5468695826322
835.0861113635209
824.151054427861
-3.7307933274060565e-05
-1.9975138761357725e-08
-2.2986092597710624e-05
-5.840798064572963e-05
-5.656310788310641e-06
-3.102994319549232e-06
-0.02715819157136242
-2.1754106032702894e-05
-0.0004157126391334325
-2.27959888529453e-05
-6.69407192692644e-07
-2.660492815244646e-06
-1.0700595509373505e-05
-0.00020611834839735413
-5.932479836427834e-06
-3.922883663408114e-05
-4.5295881653698466e-05
-0.00012446250402974837
-0.10582457491723993
-0.3159126167788281
-0.20522559375585017
-0.1313022351746635
-1.391224830089977e-07
-0.011970406074583193
-2.341866499093689e-06
-6.321331464413808e-08
-4.744594365620622e-05
-0.00013259246139822823
-1.0884377581940523e-05
-8.910111311366415e-05
-6.8878162525012136e-06
-4.527413693380358e-06
-0.0067717803619168895
-6.613183422054102e-06
-3.6884423354098907e-06
-0.00017292926157013282
-0.025618229026668823
-2.5218980152977194e-07
-0.00013707125541621558
-4.250500898222013e-05
-1.0029070132254894e-05
-1.6937119135680102e-05
-0.16318929846457111
-0.035910095317981026
-0.04294156414393851
-3.787050120149794e-05
-2.239530659925219e-06
-0.00010280378625747686
-1.590215114375589e-06
-5.023945560772972e-05
-0.00010670976802630564
-1.4103326761741546e-05
-2.362081453891125e-05
-1.9611554014672812e-06
-1.0138461529331105e-05
-2.881536981639413e-05
-1.5375013811789156e-05
-2.637651324740724e-06
-5.065900983480879e-07
-1.0889118957095343e-05
-0.0009980002555662162
-1.2717232489373633e-05
-6.689877656209345e-07
-8.791279675091763e-06
-1.1387938280456807e-05
-3.06416306995397e-05
-1.5751034129639053e-06
-1.3551478770939641e-05
-0.025909768563880154
-3.93191022927712e-06
-4.101584199626314e-05
-6.045203794626664e-05
-0.2093568426137435
-0.006604640562432643
-0.11928806543306769
-0.050401900033719645
-4.8869816749329655e-06
-9.664036409176424e-06
-1.2217809073091937e-06
-3.311693357823151e-05
-2.163894190331987e-05
-4.291375437194548e-06
-1.0548151530794953e-05
-4.136681119244462e-06
0.09436205691192961
-7.734407326837137e-05
-5.5921875111189204e-05
-0.00014002006864162378
-0.013534831270906586
-0.005080391333438337
-3.5389284279953586e-06
0.14262494578351986
0.34995578328776955
0.5801513518947397
0.9270082835427081
1.3442891744988386
1.9933879248269597
3.1933647618642858
3.978591740227471
4.406583850552082
4.629388897909672
4.750465050167627
4.83485391140998
-7.904740374458267e-06
-0.0005492584562128364
-7.417142668728634e-05
-0.06175604367359163
-2.500936333805447e-06
-3.463440939158731e-05
5225925.324720688
1003085.1855158515
306088.22179734573
120786.21104890823
49732.957265292825
23033.835586384514
14810.085391581846
10541.064854525997
8061.511632369054
6711.1779416606905
5777.194463261989
5065.461842399767
4487.401816541155
3998.536898398565
3574.2821557988073
3201.7462048531033
2873.1935157766284
2584.641691472431
2334.980048937342
2116.126608328824
1920.9593011891818
1746.6805616757692
1590.1510244687904
1450.3993822180717
1346.8533846081177
1269.147867061119
1204.1317680135062
1145.038777421669
1089.072150111327
1034.4088697827456
983.8603518731961
934.7440901668715
885.5799861335236
835.8658909102439
785.6000178542394
735.5367815039378
686.6624558878007
640.3127570856102
596.9536178387166
567.3744654679034
559.0036365343018
554.1403544495528
550.1664292713947
546.67124342441
543.5144521338526
540.6288548791623
537.9737093001197
535.5284689458348
533.2796509213862
531.2127655038059
529.315650213088
527.5820100582232
525.9961040147269
524.5597593944755
523.2582586956715
522.0632929366311
521.0004214501669
520.0347504457142
-1.8271357981253821e-06
-4.488006419846446e-05
-4.540554804550403e-06
-1.8429525594248225e-07
-1.1463637790129286e-06
-5.822058316206139e-07
-8.55880825491398e-09
-8.387089434618846e-08
-5.206726784631296e-08
-1.7649673381067436e-07
-2.998028176811821e-05
-4.3105785948339745e-08
-2.3447851579551014e-07
-2.5738147966998205e-05
-0.0002634296140528182
-1.7516884646130123e-05
-1.4585280309010117e-06
-4.148360612911713e-09
-0.00011504619218960819
-5.7441519186866534e-08
-4.8709369664925804e-05
-3.960136410953527e-06
-2.9730348716475526e-06
-3.5132621684119016e-07
-2.1792087569717037e-06
-1.6586124969561917e-05
-1.2771983195424715e-07
-1.418416069800651e-06
-7.2019357294469415e-09
-1.3508887693605267e-07
-2.685373689178925e-06
-5.5107133813129565e-08
-9.212763188541803e-08
-1.9547005210109592e-07
-7.730101262880052e-06
-6.871414550435448e-07
-9.408580295227644e-06
-1.61318000498453e-05
-6.225501425468652e-06
-6.013051381353319e-06
-1.4694593521591255e-05
-4.886179118597996e-08
-4.316176588832946e-08
-0.00020639203460027017
-3.2498990566045e-05
-2.08625697173075e-05
-1.3236870210290154e-05
-6.588223179086773e-05
-1.1331256728596991e-07
-9.990324914865504e-06
-8.70934581132442e-07
-8.046367315977004e-06
-1.483472596357298e-06
-2.0919111699611133e-05
-2.3457736799114002e-05
-1.3095105475836377e-07
-3.2244148505208608e-06
-3.4870541556519596e-08
-3.0960931957192833e-06
-2.4495536544631e-05
-6.66790445338957e-07
-6.972717596115587e-06
-8.122830029687133e-06
-0.0004901897398176342
-2.5107632747884347e-05
-1.0118447677850456e-07
-1.3005614361236824e-07
-0.00023650249392879823
-1.791088683651633e-06
-7.12651587595688e-06
-2.319668406687804e-05
-1.993841573649225e-08
-6.549481971905746e-08
-2.773675134190043e-07
-8.023043056074657e-07
-2.6222976374634464e-05
-1.075437545098878e-06
-2.840178888413308e-05
-3.575297819799562e-06
-7.07811799231126e-05
-2.351708342823378e-05
-5.0521734324026864e-05
-5.323280446989833e-08
-1.2471990738604504e-08
-0.00019728280279748405
-1.6915655182367947e-05
-1.5440911454349506e-05
-6.724676792734467e-06
-7.546034473978252e-05
-2.1601484454724518e-05
-1.1153073297721166e-05
-0.00041122654811457494
-2.1119529297945996e-06
-1.004717478495479e-05
-0.0035248219561116955
-0.07637162760382495
-1.0532239212613766e-05
-0.2688787459083552
-1.4276342327015112e-05
-3.0231737536630295e-05
-3.2233250264525305e-05
-5.751035116786037e-06
-6.305837841816963e-05
-0.00015652505496960753
-7.884901166400617e-07
-1.3565066060111085e-06
-3.308941211328701e-05
-3.643906869574078e-06
-2.387652609188518e-08
-2.5007133106211443e-06
-0.00010992954763128418
-2.767936315251918e-08
-4.800231812284968e-06
-0.00046032443741774847
-4.999302901081382e-08
-3.8074619857300103e-06
-1.5571232617253395e-05
-9.810402756670045e-06
-1.066145475140226e-06
-3.212704920892194e-08
-7.648709608625317e-06
-4.0880571498151755e-05
-3.062039506105285e-05
-1.5911812931650016e-05
-2.697949354036204e-07
-9.501780956278867e-07
-1.8175994280406717e-05
-6.895693625694076e-06
-8.278465198536641e-07
-1.887109729581333e-06
-1.5113811766315799e-05
-4.3258646703985364e-05
-3.414367048816772e-07
-5.1166024624964e-05
-2.5746673746602522e-05
-7.967178556334174e-05
-3.7059780696261087e-06
-7.179493522974639e-06
-1.0618611634504311e-06
-3.3390810037105674e-05
-2.0763972894555796e-06
-0.00014515003908806073
-1.279876478779482e-06
-3.0670082419362625e-06
-2.1669406041168755e-05
-1.1367561006214544e-06
-1.1360048928446525e-06
-3.5893592264881187e-07
-1.4205572444096034e-07
-5.2831833377766245e-09
-6.865517701883525e-06
-0.0008744589183777552
-3.661950258793271e-06
-4.5307345861964826e-05
-2.114735386915936e-06
-1.0008477902060371e-05
-2.4771241072475393e-06
-6.18402614649556e-06
-2.1208099290056678e-07
-8.282024194108587e-07
-1.6919905510127292e-06
-7.492306541197357e-07
-0.0006085089226633666
-6.984992859111817e-08
-2.3794138004512726e-06
-8.289564136716878e-05
-8.376981186352474e-06
-3.836782468592165e-05
-1.2954254365126667e-05
-1.11738272464027e-05
-1.0341496928030944e-05
-5.7458151578856235e-05
-1.7473666416397103e-05
-1.1206332097297286e-05
-1.4188107816571135e-05
-3.2839391975344966e-05
-3.9665298445657335e-05
-0.00012413095878183563
-4.490174002310545e-06
-3.137294507483117e-05
-7.715185840371581e-06
-6.458649091645652e-06
-3.876407141201909e-06
-1.6246816792635966e-08
-1.4849200263312328e-07
-2.3720282602258575e-06
-2.1322819299897111e-07
-1.1832408794073477e-07
-5.014526340650499e-06
-2.024824877338484e-06
-1.705547617683769e-06
-3.3352789883118245e-05
-1.8283921696429914e-06
-1.7478056030418695e-07
-5.990614874934726e-07
-1.3418083077948502e-06
-2.3188155245972564e-05
-5.54564882986063e-06
-0.00010305287254003991
-0.01420309365976073
-3.9686434905193075e-05
-5.758084627836496e-07
-0.0001552367698185716
-0.00011639996529745458
-2.802159572337223e-06
-1.3656589217506564e-05
-0.002935682349400376
-3.3959549539397025e-05
-4.335696458603516e-06
-5.510989962985632e-06
-8.664888966476793e-07
-1.2097838189926086e-05
-2.4838245846008632e-05
-0.00015559937000076538
-6.618275805287593e-06
-2.4629514595006107e-05
-1.5243283953573667e-05
-0.0005031283370146943
-0.0013962419453022808
-4.911527953983969e-05
-0.00011644670858305644
-0.00012661407370737678
-1.6543822240580304e-05
-0.00029904537967941633
-3.8821637001381154e-05
-2.1935147623965895e-06
-0.00027271704650689915
-0.5110634668059905
-5.010467623263595e-05
-2.0834746585168166e-05
-1.1911728157921385e-05
-9.361924889310025e-05
-2.8500790960382514e-07
-1.8949841596185178e-05
-8.130814890241739e-05
-3.051961497267039e-05
-5.7656249821333134e-05
-2.4003596037888643e-06
-4.2224525157097505e-06
-4.3048616463150314e-05
-1.367250879522121e-05
-5.440295727183828e-06
-0.0002895000694541077
-2.5648175745693307e-05
-1.4543386625656547e-05
-1.241066636594642e-08
-1.5381652629172574e-05
-4.0427905005587244e-08
-3.0560532494768554e-06
-1.2284728724103926e-05
-4.474774614846363e-06
-4.648141368557819e-06
-1.9779895287683238e-07
-6.464547867460757e-06
-9.234327448555484e-06
-6.609295782661516e-08
-4.5795753856505877e-07
-1.112648664105332e-06
-2.649658233173628e-05
-8.257461439434644e-08
-8.074293435528308e-07
-9.969200813267057e-06
-1.2372639649286355e-07
-0.00010331981344152134
-2.9427608557403314e-05
-2.0959993419951603e-05
-2.8150729406264514e-07
-9.728162513132802e-06
-0.12373535330883312
-0.0002476620317952485
-0.00011610092227535518
-1.181267715472166e-07
-7.985120552545594e-07
-1.017047135384452e-05
-8.607736653210985e-06
-2.171915105338593e-06
-3.5358305736721324e-06
-2.4691975266374293e-06
-2.314649611269756e-06
-2.1495832382013924e-06
-6.313717861115234e-09
-0.00010739572995463969
-1.9172554527975754e-07
-5.2442298813663514e-05
-2.920213938411896e-08
-1.0844306151573521e-07
-0.0002494416128424556
-7.595566981232328e-06
-2.5378652364761698e-05
-1.914789872042826e-08
-1.4399065250951577e-07
-8.296104723335846e-06
-4.662705897468804e-06
-1.8746771819684872e-06
-3.844030214790949e-06
-0.00011039794818930892
-4.188112081102721e-05
-3.5439518883046386e-09
-1.7193876606895165e-06
-4.7533932209656636e-07
-3.0748551166746534e-08
-3.263622650805105e-06
-9.6940153494626e-05
-3.4530681327429682e-06
-1.65025319869288e-05
-3.3000676556723917e-09
-7.230880003644951e-05
-2.6223038809604096e-05
-2.250800754872929e-05
-3.9072623945530694e-05
-5.156771140791874e-05
-1.2082686030152998e-05
-1.8532753883267894e-07
-4.81272135502113e-05
-7.993769656865988e-06
-0.00011022892063931559
-0.00528109914745357
-0.0008450126685279671
-0.09406849663725143
-0.003618879460395834
-4.311656367240347e-07
-4.766494773322474e-05
-7.303531603042228e-05
-2.958670771045588e-05
-0.00011766079457973965
-2.2157506011413413e-06
-1.864340415239122e-05
-6.702979572150239e-05
-0.0003722633209444212
-0.00022560593111421568
-5.996427535356487e-05
-1.300647961996719e-05
-2.184009641961788e-05
-3.42196510446757e-05
-2.469252036795705e-06
-1.0643019824803157e-06
-0.00012419214961665605
-0.00028871008335107834
-0.00023408233866066018
-0.0022833182360127912
-9.077470666531942e-09
-3.875954412377639e-06
-1.0603553000256112e-05
-1.4707575600724048e-06
-5.678634200141993e-08
-3.870281040962099e-06
-1.6492359511940966e-05
-7.108904209109665e-06
-2.172996572593492e-05
-5.956556439660079e-08
-1.640959475540508e-06
-1.0502246162982158e-06
-1.167280494689709e-05
-3.2604996853737036e-05
-7.327295744727189e-06
-4.271457456285321e-09
-1.2209480376218585e-07
-3.5950115664521095e-06
-4.424095039984378e-06
-1.978714694023451e-06
-9.894741659795903e-06
-5.76964305448258e-06
-1.6797125860477638e-05
-6.940828449386258e-06
-3.5523188255973966e-05
-0.00010662081950450215
-5.366578334782689e-07
-2.7068502182465865e-05
-3.509417129096096e-05
-1.1854833677980733e-05
-8.302368736726499e-05
-0.2810751019132299
-0.2717146207511605
-0.35387524773283274
-6.181463984904682e-05
-1.9534532113588858e-05
-5.548572369833452e-05
-3.372261618344727e-05
-6.325615781643592e-05
-0.00022352964455203233
-4.466403051798324e-05
-0.36987715240805064
-0.33636017664768525
-0.39319845653168006
-0.10138653245754517
-0.09305197406076016
-5.533779389736376e-06
-2.336455816461666e-07
-7.997216703663669e-07
-2.578609525565025e-07
-3.6251500622220425e-05
-7.567056445004202e-07
-2.0824599046449997e-06
-4.365225532067853e-06
-1.7243395958113283e-05
-5.439213980404778e-06
-6.920451842606696e-08
-1.9104991013858963e-05
-1.344484679203182e-07
-3.3034247810765854e-07
-1.0288763641766985e-06
-7.876740424694284e-08
-2.1472098492294406e-05
-5.5152500271399677e-08
-1.0641371576543604e-05
-4.693687107376101e-05
-1.1730693996110836e-05
-7.505838916608333e-06
-7.647629896827102e-07
-8.260315883823328e-06
-0.00020155203728183116
-0.0001938143897325414
-0.027073291721372055
-0.03226326501638849
-1.3868431493161554e-06
-0.02298023881267056
-8.939420678219298e-05
-2.295349693059141e-05
-3.382157552126288e-06
-1.2918182393107744e-05
-1.5708150539218457e-05
-4.4069577951838436e-08
-3.6122803669924285e-06
-3.5056283646707577e-06
-7.452701677038053e-06
-8.378862832598537e-08
-2.3198422928099064e-05
-3.604521065895499e-06
-4.0021414165873593e-07
-6.412400243945625e-08
-1.7483930315103476e-06
-4.729066800201354e-06
-0.00043092756271669844
-6.946443190137525e-08
-5.9867016509197216e-06
-0.00019889696056995965
-2.331299648717968e-06
-3.504545586725942e-06
-1.8242421906896065e-08
-3.1412796037210875e-07
-2.3137471503250525e-07
-4.811272403023383e-08
-5.416595556707602e-07
-2.568137079488962e-07
-1.7492137012725306e-08
-8.532306364519307e-06
-6.96040411618496e-07
-2.0107979141425253e-07
-5.555450636539944e-06
-4.243401373774694e-08
-5.396448487511743e-05
-3.5799898260556007e-06
-4.675456222470001e-09
-7.2675547761376496e-06
-1.4635644771259863e-05
-5.371383203963606e-07
-1.2697181676906538e-05
-1.6637286104140237e-05
-6.262359671999235e-08
-7.688623354931977e-09
-8.164232130654093e-06
-1.7075728424448116e-06
-3.3681351487091965e-07
-2.0860616305644024e-06
-7.627918414669353e-05
-2.0153701492365016e-06
-1.5225962930709456e-06
-1.9617804225091062e-05
-5.513034174470108e-06
-3.9032092539851624e-05
-3.0308161314720663e-06
-2.0452199551284158e-08
-1.1710990794943198e-06
-3.228506895713042e-08
-0.00023976401156413434
-7.260176256172082e-07
-9.312541542023776e-07
-2.7073896986850503e-08
-2.947119458709919e-08
-1.3942953043917272e-05
-1.2729151831981957e-05
-1.292013579918523e-06
-8.27713726090938e-06
-1.3232885708748475e-05
-0.000154970305591592
-5.886365039099001e-06
-1.4069673662811297e-05
-3.900568929180972e-06
-1.779535571731323e-05
-1.8559646425584332e-05
-2.8776854795707346e-06
-3.2903526573371665e-06
-2.116164412010335e-08
-1.5979638541748436e-06
-1.7712544886829832e-05
-2.3948821680434857e-06
-4.3516385131157476e-05
-9.54602073157413e-08
-1.721433518561312e-07
-0.0001012384292865904
-2.0597863618750335e-06
-3.938163248607925e-05
-2.75692275979651e-07
-6.005101170161012e-08
-1.4738823333131016e-08
-3.1635488690665632e-06
-2.815390627362348e-05
-4.1011122074021685e-05
-4.144783356746757e-07
-8.005561724276125e-06
-1.0110568747930721e-08
-3.422001456543154e-06
-4.282355345447887e-07
-2.0210139127903247e-05
-0.00019128304584518943
-1.0487033339835939e-06
-5.523974186856153e-08
-0.00017242265134137546
-1.9587817191650803e-07
-1.9087455595076502e-07
-0.0002883179533267715
-3.1532132650400794e-06
-3.294682625701241e-05
-3.0298952713312958e-05
-1.1886679715676484e-05
-0.00024595910090380074
-2.8846419723433453e-06
-3.077034899229931e-06
-2.747299628455591e-06
0.1434034132767868
-0.0009814983065339561
-2.9976458995520362e-05
-2.1652315818916946e-07
-0.00016894939104422762
-2.4702881063010874e-07
3.1631318744105292
4.3650401240391234
4.549548674426626
-6.470804267753672e-08
-4.723574691150038e-06
-5.061755135575201e-07
-5.9011853271076936e-08
-3.6499317384874257e-06
-0.00016257021455822376
-1.6006484889678646e-06
-1.757784429650696e-06
-3.394550191514166e-06
-0.0004558770644475207
-2.548952858086077e-05
-0.00011874291237063864
-6.0317158193070146e-05
-7.499162154262053e-07
-2.4021432036546733
-0.6180971503608951
-0.18792118288936752
-0.07121098317862243
-0.04089301330861018
-0.00010937916844180305
-2.670480827889301e-06
-1.4766762394504157e-05
-1.9921199651213254e-07
-8.214713501520709e-07
-1.1114464048596834e-06
-1.462940874659849e-07
-1.1209917911351273e-06
-3.0322238537758813e-06
-6.239457344797164e-06
-3.6463011208767165e-07
-1.0940204215185244e-06
-7.694220288939056e-05
-1.8459450947338004e-08
-1.7562249399049709e-07
-3.2145228872180516e-08
-2.3861420443064e-07
-3.9545584759344066e-06
-1.1081860392292303e-06
-1.2698826959718008e-05
-0.00024774079080488857
-1.7861457137408932e-06
-2.851122368952177e-06
-3.95212297563792e-05
-2.52662401097868e-07
-2.505036852340556e-06
-1.9001514616432256e-06
-2.2034358179344588e-08
-3.057004336763706e-05
-1.649667700042073e-05
-7.0986060214090905e-06
-1.930290166113076e-06
-6.33618751944641e-08
-1.6944990157612782e-06
-7.79883737352373e-05
-6.718148254169178e-07
-2.929409495730938e-07
-3.3265053189269056e-08
-1.789468792425658e-05
-4.842240355936169e-06
-1.0972356688583376e-05
-1.05879826587103e-05
-9.187947363764561e-06
-7.632974537448611e-07
-3.00102344951857e-07
-1.0997274433973987e-07
-4.685230868410183e-06
-1.5138041577671465e-06
-1.0449519245886784e-05
-1.1667794335403216e-07
-1.8504968144691927e-06
-6.388096668036254e-08
-2.5201349735471237e-05
-6.816236409443397e-05
-3.4484905260308986e-05
-5.065375929999569e-06
-2.437529368091101e-06
-1.8251302906820732e-05
-4.5748807007218755e-08
-2.5362113522676104e-06
-1.3699742452397109e-05
-7.140149314404001e-06
-3.285735342002723e-08
-2.8389888224033166e-08
-4.83987034158693e-07
-1.8345251500935286e-05
-6.425177524956024e-06
-5.998714634473416e-07
-4.0571911579939546e-05
-0.00011491402731237218
-8.737868633673103e-08
-1.9131780138377443e-06
-1.5276418725945126e-05
-9.618296496430613e-06
-1.5791421286483317e-06
-5.029257395226071e-08
-7.949874155420461e-06
-3.6805362104052413e-06
-6.634104119748614e-06
-2.6192095830426705e-08
-7.628963489326075e-07
-3.2784465200840314e-07
-5.186594647134079e-06
-1.0780684101930398e-05
-1.027253815699073e-08
-3.854509866698535e-05
-1.0273508531334132e-06
-3.83677543176049e-05
-2.3603122345148886e-07
-5.320884389824802e-06
-0.11956271579138879
-0.15294065739503598
-7.345715921512072e-07
-4.370736492896029e-07
-2.508562114545488e-05
-0.0002982025055809227
-0.00027987519007488277
-6.790150648459277e-09
-2.5022938803632844e-07
-2.2538111578079296e-05
-3.8359134887110565e-05
-1.543048203705021e-05
-1.1088119031472401e-07
-4.474985004831052e-07
-5.53322503448205e-05
-5.333744366524763e-07
-1.0636621412984654e-05
-6.862193670257967e-08
-1.686055161442373e-08
-1.4863493907955024e-07
-1.3970371905418653e-06
-0.0012103491524197948
-1.5611408643193837e-06
-1.404278472158634e-07
-1.951168838657909e-06
-8.934977587591621e-06
-7.273798262819556e-05
-1.7619558712272343e-06
-5.849443106109874e-05
-2.21745374531885e-07
-5.8692652407278225e-05
-1.1219288912460017e-07
-4.856831973190335e-07
-4.342860017867157e-05
-4.3586070442909015e-08
-2.2324065266957427e-07
-1.274257210830811e-06
-4.1502130927360176e-06
-4.79348019702507e-07
-8.877596065802535e-08
-8.65353775636583e-06
-3.111122184387223e-08
-0.0008929357755820946
-1.258548481985139e-06
-3.855216832738721e-06
-2.364610425055907e-08
-2.7982754116140445e-05
-1.4045798923803317e-06
-5.524012342846674e-07
-5.001518187358621e-06
-0.00014704201923464364
-3.978039478781082e-05
-0.00029303381022398485
-1.2716353183318826e-06
-0.0001570792996717331
-1.4040772487557314e-05
-1.7347188852875873e-06
-6.961851316885234e-05
-2.273842576341188e-06
-1.235897443805561e-06
-3.0331002343527954e-05
-0.00027739332663829765
-2.504672811357291e-06
-7.2418542220515e-07
-2.3979320183099874e-05
-1.0372716606342203e-06
-1.1210316329142316e-05
-4.3739521243212156e-05
-8.025415572748956e-06
-0.00010133570804662512
-6.859784186322505e-08
-1.0021255109053453e-06
-6.226986819947416e-06
-3.2762378027266075e-06
-0.0001423701756846055
-7.371603118980795e-05
-2.513905977022328e-06
-0.00020362852377249423
-2.445535531414501e-08
-2.0338762497827696e-05
-2.480047108673422e-07
-0.0003478985814935365
-1.620105884561467e-08
-6.760392636633668e-07
-2.8913549871321406e-07
-1.3608152681318302e-06
-5.515775812036356e-07
-5.118625878101663e-06
-2.5864945183073334e-05
-3.8609536832119864e-08
-1.4905862274439796e-06
-0.00046999258688531137
-1.6412772400673868e-07
-8.515626303391178e-07
-2.7526704762964327e-05
-0.0001188880271314153
-0.00042679328283666876
-2.948122644717775e-07
-4.138324395888858e-06
-1.5800275423750843e-07
-6.8652159768555756e-06
-1.4216177511705747e-07
-0.00018780894242116734
-1.278143163630903e-07
-4.949630441948383e-08
-6.424218658899385e-07
-8.664495124222482e-06
-1.1641867322305358e-06
-0.00029361014213790917
-2.7144725166428597e-06
-3.453671400930463e-05
-5.825458524094802e-06
-2.0751658714164955e-05
-1.0024903366361243e-05
-4.765900542505416e-06
-0.05716126601839246
-7.952397650468707e-06
-7.135812780282464e-05
-1.2951443053998713e-05
-8.342329636434445e-06
-4.354805368902816e-06
-2.182774630681864e-05
-0.030050569650595223
-9.303434949157576e-06
-4.049434748260776e-06
-0.014865120229257438
-5.895976227596306e-07
-0.0001099024859450582
-7.696921927732448e-06
-2.926527846841633e-06
-0.00013897065752384115
-3.2418534552748106e-06
-9.004184386064296e-08
-3.1163612752732214e-05
-4.951108905679882e-06
-2.100497276102525e-06
-1.0341116303033418e-06
-0.0004919552589686428
-4.343511428578744e-07
-2.6986362462278275e-07
-0.0010394164787800387
-4.2212109927619404e-06
-1.991755573265697e-06
-1.0081569649000632e-05
-5.029148092439395e-07
-3.964972504239747e-05
-2.4355010142104375e-07
-3.077441695302992e-07
-0.00015153855751300015
-8.911136697051734e-06
-6.560893012982527e-06
-4.720219946011342e-06
-8.71097666387409e-06
-4.786463100618282e-06
-6.979000537829541e-06
-1.0030824934524476e-06
-2.34717281689832e-08
-1.8616057227915382e-06
-2.9159161311767205e-07
-8.779509568383864e-06
-1.629847183784605e-06
-1.915649492418365e-08
-6.278186847520424e-05
-1.2119479884714111e-08
-5.881906422618733e-07
-0.0003892343475113502
-1.2109714975608228e-06
-1.070728243412598e-08
-1.1192514375977428e-06
-7.099176207550551e-05
-4.3668241760912575e-06
-1.5695210948591619e-06
-1.0829423305997176e-06
-1.588790074662054e-06
-3.4817738489110727e-06
-1.5790089641595702e-07
-2.7917830606860058e-08
-4.0975650220878065e-07
-3.231691238734539e-05
-1.4008483565897547e-07
-2.4093456000490574e-06
-1.2325532385545185e-07
-2.621786006942355e-07
-0.0003072664311739413
-1.7376433788488e-06
-9.16282827943694e-06
-2.052295289090167e-05
-0.0003978795221552898
-5.339642287717392e-07
-1.574540475875941e-05
-1.6439566787618587e-06
-3.7778979587481456e-07
-9.883455230641688e-06
-5.428357203433576e-07
-8.468367531402051e-05
-8.745138187842667e-06
-1.4530409536763409e-06
-1.2357373065278967e-05
-3.317939826649114e-07
-1.1503546135492588e-05
-3.6070842061551902e-06
-6.991857562343839e-05
-1.2772018078534718e-05
-0.00012354132059731
-0.0020290912853904923
-5.551216973191453e-06
-0.00016515806194117506
-9.398969578811802e-06
-0.011501114835892454
-2.0651579116465435e-08
-5.471975601751622e-05
-7.446845132790814e-05
-0.3323962932197888
-0.0003318332149645863
-0.00010791740161484196
-0.22358781688552268
-5.320573739990676e-05
-0.00010136197849356167
-0.00011791963842599029
-4.8819593800596646e-05
-1.1676030906102864e-06
-0.0002940321392870078
-2.9988285414593985e-07
-2.6128875358217184e-05
-1.2742830782164231e-05
-2.8514606241657995e-07
-0.0008690673633947375
-7.006320002991722e-07
-1.0164455288318066e-06
-1.2147839346357022e-07
-1.0612583935920021e-07
-1.4981583177555064e-07
-1.276117012492534e-05
-1.6681547557655967e-05
-1.0527505615568237e-05
-2.7267636170854837e-07
-9.778150800194206e-07
-2.834480254687963e-05
-6.92327710171708e-08
-1.4412415845519238e-06
-2.6320533697015105e-06
-4.53872140149338e-06
-4.836748674909187e-07
-7.44746496239154e-08
-1.4259676599382663e-06
-2.72235847616357e-06
-0.00016430920989595222
-1.1723360365799616e-06
-9.551650769309475e-06
-3.851033614087765e-06
Saved complete output: /home/pang/projects/DDET-MTD-q1-case39/metric/case39/q1_top_sprint_20260424_094946/gate8_v2_hardening_20260426_101517/reduced_fresh/mixed_bank_test_gate8_reduced_interleaved_0.npy
