==== checkpointed_evaluation_mixed_timeline ====
case_name: case39
tau_verify: -1.0
schedule: clean:120;att-1-0.15:20;clean:60;att-2-0.25:20;clean:20
start_offset: 2220
seed_base: 20260813
max_wall_seconds: 43200.0
output: /home/pang/projects/DDET-MTD-q1-case39/metric/case39/q1_top_sprint_20260424_094946/gate8_v2_hardening_20260426_101517/reduced_fresh/mixed_bank_test_gate8_reduced_cleanheavy_2.npy
partial_output: /home/pang/projects/DDET-MTD-q1-case39/metric/case39/q1_top_sprint_20260424_094946/gate8_v2_hardening_20260426_101517/partials/mixed_bank_test_gate8_reduced_cleanheavy_2.partial.npy
runtime_jsonl: /home/pang/projects/DDET-MTD-q1-case39/metric/case39/q1_top_sprint_20260424_094946/gate8_v2_hardening_20260426_101517/logs/runtime_gate8_reduced_cleanheavy_2.jsonl
resume_from_partial: NONE
total_steps: 240
z noise size: (35134, 170)
v est size: (35134, 39)
test dataset size scaled: 7022
test dataset size unscaled: 7021
valid dataset size scaled: 7022
valid dataset size unscaled: 7021
Using cuda device
LSTM_AE(
  (encoder): Encoder(
    (LSTM_layers): ModuleList(
      (0): LSTM(170, 116, batch_first=True)
      (1): LSTM(116, 63, batch_first=True)
      (2): LSTM(63, 10, batch_first=True)
    )
  )
  (decoder): Decoder(
    (LSTM_layers): ModuleList(
      (0): LSTM(10, 10, batch_first=True)
      (1): LSTM(10, 63, batch_first=True)
      (2): LSTM(63, 116, batch_first=True)
    )
    (output_layer): Linear(in_features=116, out_features=170, bias=True)
  )
)
The LSTM-AE detection threshold: [0.00714405 0.00737264 0.00760189 0.00785079 0.00817295 0.00854597
 0.00895281 0.00942822 0.01018794 0.01194939 0.01701637]
Quantile: 0.92
Threshold: 0.008952813036739827
-3.3877997672950284e-05
-5.83660609148288e-07
-3.137795113519559e-05
-1.635484919548724e-06
-4.712831668996749e-07
-1.0436358003901711e-07
-4.177619689669861e-06
-5.2405600903314843e-08
-2.7908475447096604e-06
-2.8115249902372175e-08
-1.1657665405966135e-06
-1.7607317616032618e-06
-4.778461133941896e-07
-1.8274968836640473e-06
-3.1194474558078988e-06
-4.90556419967492e-06
-1.092466204310781e-06
-5.689448364383749e-06
-0.0003469683644062377
-1.3805281055382712e-06
-1.6205857704750076e-05
-1.410787327782952e-07
-1.3601446201253933e-08
-6.497638776981222e-06
-1.422850525719262e-07
-3.0222067465311125e-05
-8.673716575244463e-05
-6.192395844298304e-07
-4.591252222134067e-07
-1.297229372351172e-06
-0.0001030452874080801
-1.7607297391623255e-06
-2.562703956013637e-05
-2.0188159411777256e-05
-0.3622101047578725
-0.27492580019343965
-3.5672319983908445e-06
-3.3520269956132345e-06
-0.00012022559490262577
-1.2043683175772069e-05
-0.000558962022065199
-1.3111959399989435e-06
-2.308196936086529e-06
-1.0391239544404374e-05
-0.0006181267576743897
-3.0249769600253694e-07
-2.01093432351468e-05
-2.277752546930012e-06
-1.493541483439565e-05
-0.00016699958349783114
-1.5463220489821568e-06
-0.0002062247061032057
-0.00028769404838489024
-6.737150547985357e-06
-1.7453770191058425e-05
-0.0001355996301540645
-6.845069698667183e-06
-3.6949331752400226e-06
-9.951025812960237e-06
-1.0377173983660457e-05
-1.114321057865667e-06
-3.407420710846923e-06
-4.819759214248748e-06
-2.010783395761427e-05
-1.3885785281809616e-05
-0.00028171342534247734
-9.390277204581167e-07
-1.8981987668251338e-07
-7.498129089786368e-07
-4.158629895391556e-08
-1.843919222512348e-05
-3.262681503592918e-06
-2.532097245284985e-07
-1.1435126887282633e-05
-7.158951602352188e-07
-2.176510702790764e-05
-8.561109858824849e-07
-0.00021723293637993134
-3.7017334497607484e-05
-7.728255982751798e-06
-7.832683912040532e-08
-1.6066059506846853e-05
-6.156507980853435e-07
-2.4116272052547923e-05
-6.185543736130362e-06
-0.00018414362395171235
-0.00010694421459666657
-0.00013066562938128054
-5.300231341382706e-06
-2.2198583872427893e-07
-1.8844997585953086e-06
-0.009334135864451828
-0.0004537683550759347
-0.03854295521069254
-1.071976892866734e-05
-0.16889231186961562
-0.1522790412619837
-6.9812337690077344e-06
-1.9221479531514755e-05
-0.00014450979346635682
-3.999099289199628e-06
-1.299982112411914e-05
-2.1312056308092454e-05
-3.0635767035495093e-06
-0.0007618906679987828
-3.934188294152599e-05
-6.623477677532838e-05
-1.7999810800064222e-05
-6.615882055309354e-07
-2.3978355242484412e-05
-3.439799096849868e-06
-1.449420812893384e-07
-5.083044008683677e-06
-4.4437905578611585e-08
-1.150035693866237e-06
-8.08940409781281e-08
-1.334188942182946e-07
-6.720892146494291e-09
-2.6099687608638666e-06
-0.000139320607851414
-1.4442600037945742e-06
-2.1777726204502174e-06
-0.0420936469938097
-0.38157932011804996
-0.2629242480129107
-0.15091799118964344
-0.07537533474434135
-0.0006166883940759594
-0.0002646207977119097
-0.36737272860770587
-0.3185534601110247
-3.9066002550100507e-05
-6.554819804856473e-09
-2.6388394190708314e-06
-2.8032863878622027e-05
-0.0013036822859774345
-8.236937389290967e-05
-2.8159527412953564e-05
-2.5066625910331153e-05
-4.856966535051244e-05
-0.00018224997479789884
-4.007930955913202e-06
-3.882279070427242e-06
-0.0009835971781767473
-4.6752696973524463e-07
-1.0975718588490645e-05
-1.4494084910455703e-05
-2.0001557043619518e-05
-1.3863745846693777e-05
-1.6840627255994827e-05
-3.1473043332466554e-06
-8.583149017744053e-06
-1.8189385622148819e-06
-2.784243824812744e-06
-3.7339569493144434e-06
-1.0116357777873955e-06
-6.90803219031898e-08
-2.2817232626497954e-06
-4.611558372155342e-05
-1.0622229408567365e-06
-9.266810420111651e-09
-6.287721883666836e-07
-1.3040442263138012e-06
-3.979792854536105e-06
-1.135393111950527e-08
-1.449191120390475e-07
-3.3360455518237777e-06
-3.2576484130372157e-07
-5.352555886705404e-08
-1.0238092745363241e-06
-3.955218973200392e-05
-3.078047780270963e-06
-0.002467303018790159
-0.0001946308663688952
-1.5843789891290647e-06
-7.49113757333411e-07
-1.693333086475147e-05
-6.58769526738785e-07
-6.820828269103608e-06
-4.7132148497907596e-07
-1.7148911946784183e-07
-4.338516655576071e-06
-2.102714493341424e-05
-0.00013616954932196395
-4.746417683306064e-05
-7.720209049330758e-09
-6.270098586950143e-09
-2.0236328064144386e-06
-0.001291289515449285
-1.3742432134794573e-05
-1.1100017607924855e-05
-5.503486524478691e-08
-2.8127360147285865e-07
-0.00015447373145729512
-1.7014085718646758e-07
-3.076236752995251e-06
-2.819451987909273e-06
-0.00021209773914888884
-2.57936880335924e-06
-1.6907512799623953e-07
-2.7252839568338597e-06
-7.172742372115307e-06
-0.00036007537843887085
-9.660370984431496e-06
-8.155958998060554e-07
-3.0378361070138115e-06
-9.528002405458882e-08
-9.089907115761299e-05
-9.047959450015921e-06
-5.119335262025721e-06
-2.327886567048807e-06
-7.490302469322326e-07
-5.470133021088737e-08
-2.051892605777449e-08
-5.741140246243545e-07
-1.0235236444316818e-07
-3.2073504385529033e-06
-2.4760235446610524e-06
-2.772326457333078e-07
-8.251143889395862e-07
-2.47359319387297e-07
-8.182181891643995e-06
-8.800549066792404e-07
-1.0726214061320961e-06
-4.105176194672594e-07
-1.0806068084992028e-05
-5.665113035664845e-06
-3.6279608516838473e-07
-6.230112499808178e-05
-1.8680652654877657e-07
-1.0909706064803245e-06
-1.6268399206290668e-08
-1.0332292176070317e-08
-1.4021604993611169e-06
-4.7126356867536634e-07
-2.075406842033571e-07
-0.0006321245485660125
-0.0009312676234219533
-8.181593186277579e-06
-0.00012036693074716183
-4.228737108912104e-07
-1.096743520629579e-07
-1.0678169890667291e-05
-6.376366581154436e-06
-7.561487322115203e-08
-0.023897002852552075
-1.3027833787613184e-07
-9.899795657154386e-05
0.7199211923322836
1.4825786261551333
2.22864699482269
2.89099989847443
3.6966222051634623
-3.7784593263890755e-07
-3.3937510074111246e-07
-0.00018659799483191418
-9.138684375910089e-08
-2.4303605452922163e-05
1.0355873135252522
1.324790527905796
1.3477619370143936
-1.0222660046380975e-05
-1.7419695272099726e-06
-2.4104124449823664e-06
-1.5484409278577814e-06
-1.8986062965593918e-05
-2.582228603759035e-06
1.366202935046891
3.4982786396441377
4.310080731644246
5.071812812319224
5.801695245143919
6.687435607875451
7.623115885906822
8.735739285820507
10.742596798482912
13.505016190891567
14.384801157182922
15.24770391669286
16.152510883003725
17.091552461610032
18.205720049918085
19.37706066481833
20.074339363288335
-1.092903582016708e-07
2533149.241512159
1053542.4138065078
330519.8796200755
87582.24300842552
54582.039549668465
36901.12364699358
23623.534166694724
14684.771296917592
9108.587233337441
6005.885965789141
4481.433100866844
3791.4113065651477
3441.971660155442
3215.680243802822
3043.8214358968467
2902.836505486471
2782.5827938029965
2677.6599271648033
2584.912975867929
2502.194635224959
2428.013624672601
2363.939427064073
2308.661434812226
2261.3956753164416
2220.3953405278403
2183.6314662815503
2149.7056956694046
2117.768973717625
2087.291626304614
2057.9250107226803
2029.4098573723081
2001.5381356003131
1974.1185624803354
1946.957208187804
1919.8409925991605
-0.0002512303029577622
-6.611597356762764e-05
-1.1189634253872368e-05
-1.089644455771352e-08
-4.71285445835529e-05
-0.00047290290550907157
-1.1986469198427097e-05
-5.013689238162498e-06
-5.096429836629344e-06
-4.70971040825751e-06
-4.0550764085303515e-05
-0.00022270793572504443
-2.4050810181950193e-05
-0.09008535938494992
-6.270307430885144e-06
-2.9758564637996824e-06
-4.0037592000165885e-05
-1.2604720103144973e-07
-4.372251439939347e-06
-1.7912379396838876e-06
-0.00021134056393801856
-1.8468249734930605e-06
-2.2758136868827882e-07
-0.0004030042248313811
-1.869711594216159e-08
-3.8622246537657153e-08
-3.0476498204463763e-06
-5.664412918804089e-06
-4.2882218519496294e-06
-0.00011563503839162328
-1.2824714145029031e-05
-2.1983730603847487e-05
-2.685611760291175e-07
-3.361877141496008e-06
-1.112892358586922e-06
-0.0004377007894774327
-1.309805767487502e-07
-7.865324620811368e-06
-6.728828549633747e-06
-2.4999116271548195e-05
-1.403638167432197e-07
-9.423303182615882e-06
-1.2991095950785396e-05
-0.0001472627789498709
-1.9442845944828926e-06
-0.00018883950005982918
-8.393559292844732e-07
-2.254371810778292e-07
-6.72368889398395e-08
-2.595385366028515e-07
-4.496886817225205e-06
-2.028686334431331e-06
-1.5399787877044254e-07
-4.985933884166785e-06
-1.0316141197753995e-05
-6.316929432373379e-06
-3.4336910382979783e-06
-3.40606222387235e-08
-1.8803002687453112e-06
-1.0832335952115336e-06
-2.0429109781534065e-07
-2.6360209666573543e-07
-2.3671211723567165e-07
-1.08019023942476e-06
-2.3324686129990645e-05
-3.182819388913926e-06
-4.296109611587915e-06
-3.109556893216114e-07
-1.7584563020319852e-08
-7.866105951393186e-07
-4.5502221743397875e-06
-2.6504291484721297e-06
-8.743676943002534e-06
-7.5862041337082e-08
-2.7059030505320075e-06
-3.934009453718597e-08
-5.591475931518761e-06
-2.0249122804665936e-07
-4.7185206009474775e-06
-4.472763670647928e-08
-5.905971707051174e-07
-1.0022897827939885e-08
-1.441631604542147e-07
-1.710940246861815e-06
-0.00040063475456589276
-3.312860318004297e-07
-2.0627867060882054e-05
-1.0833922113872905e-05
-2.9406404336409493e-06
-2.381835299325885e-06
-1.4843176223513714e-05
-0.06518820688632285
-3.74046300078984e-06
-0.004662729069166188
-2.9197091736442737e-05
-0.0729363136608175
-4.815261290807668e-05
-4.154440011295675e-05
-9.530874747001376e-06
-6.193072742469551e-06
-6.284854723708452e-05
-5.097842719916168e-05
-0.00013408388336019723
-5.7023307991456936e-05
-5.7872834824830663e-08
-5.036622337461826e-06
-1.6141563507217174e-06
-3.556370229000937e-08
-4.903427341784107e-06
-1.2532376659405474e-07
-2.839768068388079e-07
-1.7064381209961153e-06
0.19792515825738696
0.443765479087572
0.45990379736408565
-3.80254468030567e-08
-8.202250516389568e-06
-2.160500105842079e-06
-1.3438403639356638e-05
-3.582506527531905e-08
-5.520962958723091e-09
-1.6188366033760958e-07
212638.86864882996
73302.65515086176
46299.303359517035
28544.08967639581
16095.73318092326
8511.34357897739
5656.514071505821
4866.596567415746
4195.376189804355
3593.297127688318
3055.732809871771
2581.608211966818
2169.4645620542133
1817.3686500262856
1523.2218768526682
1287.505251118431
1107.8788115633006
977.2474369634756
881.0588578204122
806.176720114948
743.7376274687119
688.9302239510965
639.6493665970402
594.8186880395178
553.8252839777703
516.3462915092722
482.50173313621593
453.863056543682
431.4757895513603
412.1525641434677
394.55163878230894
379.1223541495904
365.0453445162702
351.8128099958282
339.27634663893605
327.31839066266525
316.34061038079915
305.6070803739681
295.6242005017302
286.2688384363025
277.4872585511359
269.27777503770955
261.6366458437278
254.59298416021542
248.223645473965
242.6519303337353
238.0712673399074
234.66478354139505
231.7996418065202
229.3680467297918
227.221848883105
225.2806682517039
223.49556955374715
221.8306517848467
220.25911964738933
218.7675774773669
217.34108287864052
215.96948351074934
214.64518511727618
213.36367644022857
212.11855148397655
210.90523624658252
209.72198544676345
208.5644715206593
207.43001942657122
206.31536045649443
205.22109133312335
204.14435791456236
-2.7999009614261397e-07
-2.778658681015651e-07
-2.29630267947527e-08
-3.322720937049078e-07
-1.7472333541615654e-06
-7.415480828853713e-06
-9.5705574145186e-06
-1.102035427896743e-05
-9.453279978311059e-06
-2.4790730776877405e-06
-2.0538689317361242e-08
-6.5660808232333035e-06
-2.5428393722105365e-06
-1.245295280473387e-07
-0.00016181934682833537
-1.7665134983256483e-05
-1.7717724346123755e-06
-2.4999772630773924e-05
-3.023906394954948e-06
-0.00018323746418496154
-8.237618388365707e-05
-1.0945388657331802e-05
-0.00019138736497129838
-0.00011524475888437718
-0.00023461664790936932
-5.626912480242778e-07
-0.00010358406217309368
-1.1326740903375548e-05
-4.9679288742795946e-05
-4.507371748153195e-05
-3.952380216700331e-06
-8.532472200190294e-06
-1.5795399645712277e-07
-2.275878911129007e-06
-1.7038027417737794e-06
-8.270157061617828e-07
-6.562110117123079e-06
-1.0920582667749177e-06
-6.618894695416595e-07
-1.5988682300505006e-07
-1.3800156733344538e-07
-2.128295413360179e-05
-3.321610161867201e-05
-7.288716886313539e-06
-8.709199472793411e-07
-4.032670928488368e-09
-1.5159533978035308e-05
-3.795040054201206e-06
-8.622753421594388e-06
-1.3614077466585123e-07
-2.407956154172162e-05
-8.039425952510701e-07
-5.856273194903521e-07
-5.39940402860433e-07
-2.2128233805273626e-06
-3.4660294278050757e-05
-3.623688909590803e-07
-1.2031123402487703e-08
-8.654814681243853e-09
-0.000178706245145482
-5.567336936721542e-05
-8.131074333717568e-07
-9.692712176719558e-07
-9.232081016917937e-05
-6.250499266283662e-05
-0.0009973940772099817
-3.1784850673312745e-08
-1.2030992460120284e-08
-7.314911841431832e-08
-8.391255231667727e-06
-5.057013187341603e-06
-1.2176089316004557e-05
-0.00047611111296142297
-3.7674295821873917e-06
-5.619782053537251e-06
-0.00013004087715909703
-0.09771066049277582
-5.060932076043825e-05
-0.0001739590241192804
-1.7107696537944727e-05
-6.497609472262898e-06
-0.000260264623522246
-3.735466994940776e-06
-1.0268005237716957e-05
-7.730514029374402e-05
-7.292272718879585e-05
-4.100821001687476e-05
-8.947215440857345e-05
-3.402669626604915e-06
-2.1648334713202718e-05
-1.3045802369909009e-05
-6.282305396944379e-06
-6.069760281138402e-07
-1.1353195293339007e-05
-2.9148290351604077e-06
-4.007680618980795e-07
-9.38287739524614e-06
-1.545959335413623e-05
-5.2599668989882135e-06
-1.1311569835172155e-05
-1.8549218502910997e-07
-1.3981139826255787e-08
-1.480836602913113e-05
-7.766448571980741e-06
-9.692983812977725e-07
-0.00010922597143539245
-2.612782797634771e-05
-4.843192365970663e-07
-0.0002124086742830852
-5.520754590996724e-05
-1.3316570117829242e-05
-0.00016574851931092717
-0.000585322529656423
-2.4110276153096302e-05
-2.140365785267048e-05
-1.9681682536644594e-07
-3.87185985395075e-05
-0.024542670091545492
-1.8014626382440057e-06
-9.535634191897584e-05
-3.2183606447697966e-06
-2.373825800498998e-07
-5.4484661630950616e-08
-3.7935388621540765e-06
-5.816303206585029e-05
-0.00011423374432416937
-6.682591612455225e-06
-2.785040240060771e-06
-4.51556254730535e-06
-1.8228030100568386e-05
-8.377865120366099e-05
-0.0019239477218395968
-1.2899023949512969e-05
-3.254954288880108e-06
-4.956319227320407e-06
-1.1926764000351058e-05
-5.094068402933909e-05
-0.4538204712513095
-0.6555948730447059
-0.5322901816833386
-0.45193747344984614
-2.6550062864407793e-05
-0.0006911039912006622
-2.6949581579816534e-05
-2.329115269001415e-06
-1.1560312690463814e-05
-0.09926759777033053
-9.794946528144919e-08
-3.957814319265821e-05
-9.034408520487059e-05
-2.8214501804658317e-05
-4.16209959363929e-06
-3.4999014811208014e-05
-8.767906889671647e-06
-6.332246463681856e-06
-0.0004984968908625983
-5.45967416903295e-06
-4.4545032070196516e-05
-3.713980653738408e-05
-7.90056751203577e-06
-6.793692543978454e-09
-6.516058909976237e-05
-4.7404260776254856e-06
-1.1179893265013724e-05
-4.136523810559512e-06
-0.00011749851645869045
-3.758281398677136e-07
-1.5338965116729382e-06
-1.455981540668313e-07
-4.138245739345028e-06
-1.9980125935562653e-07
-4.901904713560906e-05
-5.1787900579815634e-05
-5.133509886848472e-06
-0.0005661100114665469
-1.9884291088442924e-06
-3.8747097638460797e-07
-7.40904098071188e-05
-5.40451993978138e-06
-3.775296369796104e-06
-0.0007492889471851691
-9.667212314890328e-05
-4.3889579533916203e-05
-1.813057430099635e-05
-5.691392617752758e-05
-1.0142600298726008e-05
-5.455200305910527e-07
-3.4465638555982107e-06
-0.0005228603025850131
-6.410164696983426e-05
-8.989918273752024e-08
-3.2577931904709125e-05
-7.722732171136561e-07
-6.100443653275829e-06
-3.1951886265379014e-06
-7.821614828536596e-07
-5.238653307856384e-05
-0.00060140808414877
-4.325608217756669e-06
-5.580897056650635e-07
-2.055599620281634e-05
-4.2537657928066997e-07
-0.0791959668227131
-4.426370133578778e-05
-0.3689242832971926
-0.22549103699425416
-0.17983865206330957
-0.00011702554176763706
-1.435516968099912e-05
-5.838733681508918e-05
-9.706268478449492e-05
-0.03797526215403907
-4.613804227521641e-06
-4.824783786036586e-05
-8.17621288840627e-06
-6.067603054571982e-09
-2.8161829578429697e-08
-7.417837165406602e-05
-1.0806986564067471
-0.23239383946401043
-1.0856708796186333e-05
-8.071436829724993e-06
-4.380011872343389e-08
-3.78349393952164e-06
-9.55524691480673e-09
-0.06335627609459567
-9.285368771806826e-06
-2.8403362933321226e-05
-1.8839678290856253e-06
-8.275174533464038e-05
-7.645868197222504e-06
-4.752700723731827e-06
-4.532401432571543e-06
-2.9184525910706046e-06
-1.7602623516463664e-06
-2.8080370563214756e-05
-0.00014277422821019672
-3.1112093826819453e-06
-1.7792562816470114e-08
-7.544141500524198e-06
-9.794143827931584e-08
-2.352033329363782e-07
-8.974183261877924e-07
-2.2709328543075896e-08
-9.740444844413192e-06
-0.00019515693799992623
-0.00040107619940051936
-1.4912342946068017e-05
-5.019762930763224e-06
-0.00012979839085801732
-9.054520969419727e-07
-0.0002758329690679824
-3.9839706036071395e-07
-1.9578077004965292e-07
-7.703507868834318e-07
-3.242950148387038e-06
-1.197608097228414e-05
-1.9759291467283128e-05
-5.949071116989643e-07
-1.4905783115008008e-05
-6.126841485910317e-06
-1.9112228837102656e-06
-4.012466603189954e-06
-1.0597542012765196e-07
-4.12376314606803e-06
-0.3088500189457104
-0.02157431612541895
-0.02137080314648862
-1.8547184932214704e-06
-1.1278191200015987e-06
-1.316733740141491e-06
-8.040386877387471e-05
-0.0001520456826742134
-5.694966433135626e-07
-8.646489014559354e-05
-1.943401593950487e-05
-1.1838640306109892e-06
-0.00013142371735760792
-5.386222572217687e-05
-9.122212654131532e-07
-1.608086393405671e-05
-0.0005962243125106467
-0.009522006541912233
-0.00015888996638622783
-1.2605701698718914e-05
-6.864683458671327e-08
-1.7070811751214503e-05
-8.691771219998432e-07
-0.01803520662381758
-2.1318141141070296e-06
-4.190973780596062e-06
-6.40469381938778e-05
-2.7517832021718472e-06
-1.1018433031458658e-05
-9.394140325435291e-05
-1.3210781772454609e-05
-3.571539226487643e-05
-4.457309832399638e-06
-3.4159107277280425e-05
-0.2876585369939616
-0.43084003905074514
-0.17513357971074295
-0.024123298433022574
-0.007519569933084698
-0.04248670201883661
-1.5093703882974474e-05
-0.0006170331820435055
-0.0036367078134201666
-2.538996449035726e-06
-0.06681992209174971
-3.852926389616724e-05
-2.8214244338183683e-06
-7.675833424111909e-07
-0.0005131274419143929
-0.01577366213534476
-4.315442257028055e-06
-4.223261345189255e-05
-0.0034652756548283364
-0.30652352806826033
-0.30645041763168834
-0.21857248651705669
-0.002427800010582525
-0.0023680392536748244
-9.226200370303241e-06
-0.009011028018320657
-5.901284391019026e-05
-1.874868612237588e-05
-7.526546329920584e-06
-0.05224862706138056
-0.0064223816416772205
-0.00012885600158124406
-1.4797174222308085e-06
-2.7164334236784143e-06
-7.051192235114769e-06
-4.4179706635295835e-05
-1.2143097492605677e-05
-1.9795017505044177e-05
-3.693465298297698e-06
-6.030332529472973e-07
-6.0074791584347164e-06
-2.157763657141129e-07
-0.0001753023330490729
-6.591290638238757e-06
-2.1143292481815522e-06
-0.004318908991269477
-0.0001545934846306814
-2.289921210101865e-05
-1.5341410514830382e-05
-3.0988701226814945e-05
-5.690583752434174e-06
-1.2202008134768249e-05
-4.310655184300418e-05
-2.402722898996783e-05
-5.2199005097813835e-06
-0.00012146135186445879
-4.6402108579143866e-05
-9.149916930490901e-06
-4.30541316876093e-05
-1.061448281362628e-05
-5.025307375234165e-07
-5.8550293158219305e-05
-6.976084578056745e-06
-2.476848161926864e-05
-1.832453254144131e-05
-8.950589071909841e-06
-0.000127195177971719
-1.662052683296217e-05
-2.618425237066755e-05
-9.080641517946672e-06
-0.0001343703722997013
-0.001999040544505603
-1.776206355353246e-05
-5.20785758473423e-07
-0.0001653996693985987
-4.269257197742838e-05
-3.850390371871764e-05
-3.21191810579211e-05
-0.47743331182361304
-0.01670917723155399
-0.017900326299635578
-1.6477962683747822e-07
-2.0983468240007056e-05
-0.046276622655598426
-3.962941067445789e-05
-3.2309151092802005e-05
-3.1598311380742627e-05
-3.717243383780008e-06
-2.552948841893791e-06
-0.03606924340663053
-0.15143307622966817
-0.08305930468897942
-0.0813571138631533
-3.249501780717633e-06
-0.0006537249866431685
-3.173058853736939e-05
-4.839747173812054e-06
-1.256009505181193e-07
-5.659634663818212e-05
-8.366198804070063e-07
-0.3123744152986174
-0.02097358855995498
-0.08584613042075419
-1.5847895964056164e-05
-5.9476768888981406e-05
-0.010231119887283277
-7.405541650804681e-05
-1.4417476516407954e-05
-2.755293753903662e-05
-7.331542880527368e-05
-9.388395285243335e-06
-2.526926178658697e-05
-3.0431057457756547e-05
-4.54250871689152e-08
-8.75454256090643e-05
-4.08284613852451e-06
-9.340695223001727e-05
-1.8184167879345287e-05
-6.613640831778833e-05
-3.3720954324644024e-07
-7.392532175288017e-07
-0.0005172466883518968
-0.00028881199342713324
-7.151577175174237e-05
-5.036195281003006e-05
-4.349044961889983e-06
-1.90184715088643e-08
-0.0006672090873100381
-1.5971649806143297e-06
-1.2656795675835556e-06
-7.876340398701964e-05
-5.1765136949144375e-06
-3.0344247435185126e-08
-8.49260583663885e-05
-5.2344065252112537e-05
-1.3407983761671817e-05
-0.0001712602712425479
-0.02567896142253688
-0.0004302441673997664
-1.3008513873388086e-06
-1.9761483848129236e-05
-1.1493999892883798e-06
-0.00018001134178889365
-2.3616480280963637e-06
-2.53827442817787e-05
-1.7407542443509738e-05
-1.4999179401142532e-05
-0.0007766883299964355
-2.8759360894058453e-05
-0.05130054138149107
-0.0003022119398681301
-0.00011392969663127037
-8.89772556461927e-05
-9.850269259833942e-05
-1.8971528949459074e-08
-2.1480257314209136e-05
-8.768033138063467e-05
-0.007936006066107969
-1.3698727933318407e-06
-0.00017157058152756925
-7.387792126792272e-06
-3.1179079901494156e-06
-1.274392125074829e-06
-1.9916775686023182e-06
-5.969483358143157e-05
-2.2955851232322222e-05
-0.0003913297823190703
-2.747494119389479e-05
-1.8911373705160237e-05
-1.27369872908087e-07
-5.8143541306916394e-05
-2.6145266221481615e-05
-3.670011821626487e-05
-3.1346496645745435e-06
-2.1993441313991733e-07
-0.034735059417100596
-2.9916661644377214e-06
-1.0076792357556894e-07
-5.392506567830912e-06
-1.33119255237508e-05
-0.0008360361220712344
-3.429168506911786e-05
-1.2094567260096607e-05
-5.740557426746259e-07
-7.951341782328488e-06
-1.518075906377541e-05
-1.464706583143689e-05
-1.488511317739808e-05
-4.7757116187055206e-05
-5.016572238166005e-05
-2.6627720313177932e-06
-2.1037674329946866e-06
-5.3541326978601565e-05
-0.00012908022700773596
-1.6863249484586386e-05
-3.1024846548760175e-05
-0.25781518437671513
-0.22173634744541748
-6.293845907099629e-06
-2.5635322722992058e-06
-2.5975574596526753e-05
-0.005072741442937634
-2.0939598337802895e-05
-0.07327175375006295
-0.014109505007293419
-1.1369155951340054e-05
-3.344682411827195e-05
-8.075166840590312e-05
-2.6679181795242275e-05
-0.015335587949118528
-3.43668391145209e-05
-0.00015682766285484917
-0.345909940321699
-0.7237628671735431
-0.008688111349939706
-0.00030632388018749293
-3.110320273745411e-08
-4.484300273796525e-06
-1.8999105107226583e-07
-4.590363351783405e-05
-0.00022387926103919947
-3.092110254077968e-07
-2.231936523914359e-05
-1.2427345800814623e-05
-2.706467771317554e-05
-1.587565453617796e-05
-5.975310752664721e-05
-7.737054988965862e-06
-0.07763150537970236
-1.0962646894548032e-06
-1.3113194598527591e-06
-2.4919092048613523e-05
-1.0721168129831668e-05
-2.038017851513412e-06
-6.079495942390324e-05
-1.885259422703092e-05
-1.7735685171391397e-05
-1.5815345398478932e-05
-1.5469117396384308e-05
-0.00018666642178607977
-4.917532227836369e-06
-6.269337405064954e-06
-3.182181213915342e-06
-5.5849367733646804e-05
-4.8292471391070475e-06
-1.5517924576318183e-05
-9.987094236406426e-06
-4.4183823791834857e-07
-7.385068141609291e-05
-5.88235327934043e-06
-0.0004910577777107963
-5.212638943934812e-05
-5.101220072406544e-06
-0.00014618885335901892
-3.46948613702039e-05
-0.059465541371304
-1.2081434124952009e-05
-2.6822579994686296e-05
-0.0005053077303105081
-6.779444068193772e-07
-0.009309401699709927
-1.0814325280231668e-05
-2.670782224640847e-05
-5.50787967455619e-06
-0.010580197328836607
-3.8261036149968664e-05
-0.00025028547913696
-8.671847122412775e-06
-0.10940630142752253
-0.0010081747705755445
-0.0011133207889226114
-1.657128052998094e-05
-0.20785246265997173
-0.11868499363496236
-4.154488925917133e-05
-0.051290921767327226
-0.003418457942819175
-1.3659499759444893
-0.4281910498919214
-0.934625687024587
-0.17584458715267598
-0.11094011214413424
-0.012488295987173456
-0.22035155967170686
-0.22962714978277543
-0.0019158028391074364
-0.1697118249099684
-0.2833866666748312
-0.3091340884089232
-0.034614089717480256
-0.0012652003236218808
-1.4692652528821625e-05
-0.29944849251745065
-0.23603810359381752
-0.00020085189666758517
-3.8089240972790645e-05
-0.00013715903401408463
-4.63202618797878e-06
-6.98583471290051e-05
-6.978526568796627e-07
-7.165202404701163e-05
-6.500020171497466e-05
-2.2711827916741125e-05
-8.916941854857633e-05
-0.009128035005748558
-0.0006643911568917313
-0.006605081633366438
-1.3382089552855542e-05
-3.2843574504004326e-08
-3.040227773289966e-06
0.5121573570236466
1.1111548303603422
1.7760135767178387
2.426428090028968
2.7331268801803983
3.0435069163096147
3.343155023328573
3.6578139719374323
3.857695260665612
3.9113030770679535
-1.659074484347247e-05
-1.2458681541815875e-05
-1.965711638791264e-05
-4.081371925436357e-07
-1.4739221699336675e-05
-3.2210347257878802e-06
-8.065463954282357e-07
-3.9178311025002733e-07
-8.595918883349648e-07
-0.0006363101036423788
-2.6432041038980666e-08
-0.00011527766370203069
-7.06536951808457e-07
-7.966278662735996e-06
-0.012966338987429717
0.031257952332516145
-1.3262060636522758e-05
-3.811108943233697e-06
-1.8531658849007738e-06
-2.5987312453053862e-06
-0.006510887568777462
-5.860217374898962e-06
-1.0303174953036934e-05
-0.0002532239569750444
-1.1961869006980426e-06
-0.00033232688298575605
-0.28966195173340203
-1.7791210392657234e-05
-1.52589433875396e-05
5771792.123261602
1398299.831657314
28461.695750427385
7160.599293365443
2099.704081772631
950.4113239083515
506.67030243062055
332.371815642451
248.33114156582525
190.34136396010572
149.21658250659937
121.67268366598084
104.46771724838474
-4.330841735350747e-06
-3.940376203307662e-05
-4.5324487795288746e-07
-0.0028056339118022727
-4.225398677530734e-05
0.6534188065380637
6.410096646448954
13.908944004051808
17.85401785870333
22.695265558606856
-0.010394790889138332
-0.0001676229818581184
-3.973406554398992e-05
-6.119370752402909e-08
-0.0001513043691558946
-9.299821102448223e-06
-5.337570045334706e-06
-1.3618362249086158e-05
-2.1468669277413995e-05
42952.450526043365
14186.713812164384
4856.491536985022
3320.762725681975
2852.00859694164
2501.3977564726183
2175.9967400248634
1805.5094189329266
1368.1292801517643
971.7599986071377
733.6238824453895
608.9623254261858
548.5501829989395
510.8603061863525
481.1425696988464
459.78743617871436
444.7225596465406
435.06578702512996
428.78095532190673
423.6169622162779
418.8553118247436
414.1892727769956
409.44820475639347
404.4958746260899
399.36479525075913
396.33554368937916
394.2800781198242
392.3752399596682
390.5833555245596
388.8908711239876
387.2880527326191
385.7672323113644
384.3217051066937
382.94501479458796
381.63205297857974
380.3774874078047
379.1769242272484
378.0270825525456
376.9236468469519
375.86338031301904
374.8432423893106
373.8604411603278
-3.6407799094432936e-06
3.0649210894344323
5.493077346071099
9.052747884604214
12.215456355361455
12.716161870269406
13.603950687387732
14.430483453297349
15.242233788204736
15.945989167318329
16.73126483896535
17.617254625266806
18.341380886581796
19.050756300722984
19.760157878044957
20.47769525842204
-0.16066803698148896
-0.024150194537881937
0.04797885139465472
-7.10095795576903e-06
0.8942629946355353
2.6899670375345957
7.774193680706692
26.576382451799834
-0.0005046526095711279
5.831412309008737
12.079308451715029
15.64504630772466
19.784550395581636
24.861689415763863
16.681753981754202
28.356927307357243
3.9610897456650926
8.553674249276751
15.755640884984265
20.22459313621838
-1.5316067819456333e-06
11.169851834392821
30.807508033667066
3.617259402605897
5.249109036788045
6.782863069090532
8.000555405859124
9.276568948677856
10.684640517878167
11.777370964938994
12.640399787728917
13.319076290555929
13.69302089881128
14.03719347338594
14.377256597315235
14.726802917320208
15.11120785002321
15.534700694194575
16.002292036691024
16.519782368185858
17.092681934874374
17.724842124524884
18.42188273426795
19.191525670458567
20.04780806111984
1.31429348843753
2.7611085217164493
5.743254516130682
8.34035666250898
10.445623663576352
11.910738226351567
13.270013960263599
15.002481319786991
17.25921795014556
18.587672517802893
19.601897827556456
20.080798639660927
-0.06944204010743911
10.05877409410849
17.50852477572027
19.446010373207976
21.08504225874667
820913.0456778452
501751.79971618945
285930.844077588
120438.77754264469
15905.900402282885
1031.827423324244
548.2930540044182
381.2738221953092
313.9670915981948
288.0342816530596
274.09559755499134
263.7947934538357
255.43527629886947
247.97537635035087
241.03378625720325
234.46796697726253
228.1866750141896
222.09650689638957
216.14525626325994
210.32082583008457
204.6267186716654
199.07034071105943
193.6575534335406
188.38871011963244
183.25945884112
178.2619034495821
173.38778712848966
168.62964638752695
163.9809539989122
159.43618556540153
154.9909890106534
150.7117670291155
146.73455348743673
142.87612447895867
139.0970060823432
135.38224340215567
131.72264919342703
128.1106774081915
124.53942958266562
121.00216010968599
117.49224381133848
114.00341773104734
110.52891032219705
107.06278216375576
103.59922018949669
100.13287709940504
96.6584655220096
93.17192643072757
89.67095762916286
86.15345920278193
82.62049168601487
79.07574308006754
75.52988387091358
71.99427412821973
68.48699247128027
65.03582900839189
61.68168564832603
58.46155695434185
55.41889155121308
52.63272792311046
50.06115031233014
47.686100735186265
45.50758279357939
43.54836549847644
41.763893994162245
40.12689816316603
38.62308492688464
37.2398569472377
35.96507510002497
34.7880434466536
33.69964850073122
32.690468875763116
31.75223948383574
7969076.961415809
549090.2421655051
2625.450181872048
443.03992517904885
157.36872148667274
84.85629568572286
58.86803827172817
47.53424835362516
41.54640035431302
37.51685369772148
34.40918075636138
32.651930668543706
32.17053376150769
53939.23114762912
1900.5961054904844
690.0304263398283
529.7387343201918
468.5724987920476
436.4280035372759
416.6742805199633
401.90656347058444
389.40138780577144
378.0746849250538
367.3258437729788
356.7650296452063
346.0838343360175
335.06475689506436
323.4829725062532
311.0753006580285
297.58315296738164
282.83244837322627
266.8753416346785
250.0543435470994
233.10609578742424
217.84468768139158
204.6789280132676
192.6791000140329
181.85050634178842
172.09109322600278
163.25278705348595
155.95841352470467
151.88650520472206
149.32554707561718
147.44294914777353
145.8840471785901
144.50394652074826
143.238794838155
142.05489472529302
140.93775903880217
139.87413033090908
138.85926895485443
137.8868084003987
746.6608969182437
376.5046035353817
244.28177058454204
170.63422125053097
126.05599481700091
97.41353871173887
75.98274707281689
61.45545245047541
53.84907825130947
48.305095986036065
43.70958148203376
40.11900674144701
37.17218669573545
34.70752119753387
32.619398281447694
30.989512603215736
29.652632909687288
28.366799213758284
27.23628871693637
26.29078257658029
637438.4623747524
379476.7809175517
224801.11989993526
128585.53378536199
56142.441577577796
16758.21564055091
7664.250075527616
4184.813960232095
2470.912689773788
1334.3053657373189
587.198880190752
302.90146972183715
197.8719863061034
148.92687524434098
125.17117770650108
111.24140832921445
101.3526098768812
93.92448737967825
88.33510852199726
83.86669730631426
80.11640129655844
76.8928990268604
74.12659266994295
71.71524055421132
69.56725438178091
67.62367880626847
65.84068734988023
64.18958499088144
62.64953573669903
5135.983625013807
1269.0254394788694
669.4016277394487
477.37513264366703
406.80202278470995
369.7962785448524
346.57533335822
329.2842783438241
315.0001658000203
302.5462234589176
291.43086461296343
281.37176455564895
272.1711934351996
263.6802386648306
255.78472938272392
248.39623882905147
241.44519069525674
234.8751543876049
228.63833476667435
222.69232095838396
216.99799868981233
211.51567116502915
206.2048775010699
201.0213870622234
195.91421913612132
190.82209811476724
185.66947785066338
180.36113640796336
175.0697296953463
170.63505997600774
166.44606239877172
162.4205471649755
158.4990720218765
154.66572396426673
150.89221097912557
147.12917644676952
143.3594288793821
139.58060471790714
135.77345062071598
131.91065512024142
127.95301607595452
123.84460163722171
119.5062123230192
114.83424966052651
109.71259224378633
104.06224735439136
97.96900856470653
91.858015306318
86.10596666996912
81.09692772612527
77.00405205012862
73.75340378079107
71.1431622409768
68.96094844376496
67.05780074406721
65.32754244641896
63.70804495173605
62.170921677666755
60.69272112959294
59.271088246449224
57.897960299446275
56.5700826963571
55.28939783796966
54.047219207217324
52.84453975175676
51.68256371834696
50.553628584934586
49.46111219446789
48.39862734724759
47.36610992615139
46.36384213598098
45.38744502375312
1347223.851243487
978689.2550159806
821426.9492781981
735455.8550240009
670888.4499636708
610126.8193903826
544081.3042765841
469340.48731400544
404091.8920100382
344558.76861176465
299171.76965638786
268400.98402082553
245977.65286111605
227887.79396054748
212211.7718753856
198113.98784556973
185207.08366516253
173281.91578967927
162230.5481000464
151961.22402273666
142393.3254522952
133460.5177320214
125107.24212504769
117286.0178546789
109955.0475683311
103077.08210917775
96618.4975262599
90548.8152351252
84840.48631833981
79468.48590171136
74410.05129663563
69644.53457627838
65153.13424307595
60918.72245410658
56928.77265116166
53229.72612372878
49779.51772645316
46546.01680321785
43511.17695512966
40661.777590738224
37985.53100209433
35472.311772186185
33113.88661391868
30903.431706805004
28835.408654425883
26905.489932700028
25110.382130764934
23444.25195274331
21898.714251775156
20467.28704184325
19145.148482173812
17927.841981942493
16810.59832954144
15789.024434050762
14858.066863918279
14009.48972282553
13211.852101169885
12461.082332542082
11755.352266609705
11092.828085469153
10471.530190429377
9889.36179590187
9344.13570814425
8833.265216658814
8352.339376910513
7898.6945896097595
7470.105457794238
7065.2555565698685
6683.28735872317
6323.877511314177
5995.603154152691
5695.904536994952
5417.226175266506
5158.151227024971
4917.580960925413
4700.435605711243
4563.824356500586
4490.567546958906
4441.756915923441
4400.821261312698
4361.458020291713
4323.038126338106
4285.442584875366
4248.6030303713405
4212.466824303634
4176.991270643721
4142.137471286124
4107.869003183488
4074.150901988802
4040.950927044848
4008.2382528996413
3975.983905246624
3944.111734410428
3912.511421455295
3881.1736689715012
3850.090861994653
3819.2582920278483
3788.670412959933
3758.322148572549
3728.2138018675796
255886.51108227548
112215.3617683241
68652.23318317377
50126.671765917614
36390.020568486965
23824.061988967253
17364.843336130627
13926.049788013608
11453.866900516403
9623.796625814017
8284.899015370662
7321.280342556075
6634.495590425104
6145.486760036009
5762.5668867585255
5435.115797540858
5142.4892670473
4876.460743006495
4633.895768606526
4412.280129808062
4209.757179281104
4025.086902947066
3857.0222022177823
3704.3847606213117
3566.161594906375
3441.655666638396
3330.557103868327
3234.0795714316964
3168.2958974417197
3143.710805902906
3128.448967636754
3114.5299333365906
3101.1191796528924
3087.993295088484
3075.050261353584
3062.229993941405
3049.4915076086554
3036.8060450655
3024.149580185708
3011.5042333048605
2998.8540732283273
2986.1831136222268
2973.4782483520003
2960.7266636221975
2947.9145773533105
2935.029245569149
2922.05723596408
2908.9841867312284
2895.7943168216266
2882.4737762124746
2869.005853197916
2855.373311825569
2841.5575779878404
2827.5397464903876
2813.299270944335
2798.814710009951
2784.0640239476547
2769.0272738299013
2753.6768787895708
2737.9868934337105
2721.92738477702
2705.466967577231
2688.572797278079
2671.210214609641
2653.345844264785
2634.9551018769926
2616.0457238729477
2597.7723228339173
2582.675301612709
2567.818704124284
2553.330575228812
2539.1023378831
2525.034254521201
2511.0396973255274
2497.04290162883
2482.976953683798
2468.7838746780776
2454.4092242555953
2439.805851644695
2424.9292526172494
2409.737644319499
2394.1906476395097
2378.2489458248433
2361.8736028646235
2345.028452737808
2327.676702581125
2309.785385943417
2291.325686616603
2272.274776820142
2252.6199824736564
2232.361582858461
2211.5168931629178
2190.1210117890346
2168.2342929351103
2145.935608161725
2123.6276534046397
2103.305824743218
2083.2710914341956
2063.0779528606954
2042.735489376973
28538.633332771748
7514.326708026025
1705.6952980683461
780.4537036108666
-0.011365090567712255
-3.4194095669409587e-06
-7.78261937821997e-05
-0.00749300513976262
-6.1022729890620965e-05
2.3081592108832334
-0.2472815431380802
-0.17173875741417435
-0.30710575130840156
-0.22841499879061541
-0.0003274769253415641
-1.998318651823868e-05
-5.077026681761169e-06
-4.219950350429123e-05
3.3055421442279034
4.973781986473005
5.768779243254279
6.154422889485415
6.423197519206059
6.746644536304054
7.112405431628036
7.533692720152523
7.954446357569812
8.289394727382733
8.620783601548949
8.908757699737848
9.21582475792383
9.544213852157638
9.930486786047634
10.277442121292635
10.66701680297119
11.08389991624321
11.520123848562093
12.004853287446368
12.528474299873432
13.043349961445386
13.479789242701509
13.950786298291657
14.46832588904645
15.037886843947003
15.66082075964923
16.307459791016537
16.35981620532549
-1.6875514355918823e-05
6.525612141949415
-3.7007653417548116e-05
-1.0490963084733953e-05
-3.20823628208272e-06
136479.98078110738
16067.989863263621
2644.641986781304
1687.191778444134
1396.3294965364832
1261.980278753817
1169.4786221258544
1114.5703835205984
1064.215291594909
1012.2691343116545
970.2095033713003
954.9600653309428
944.0107129172565
933.9999867646196
924.6549759926804
915.8055305062823
907.1988804663048
898.3840727181395
888.4581634046849
875.6866051548417
857.4327887765859
831.5757939909579
798.940960680804
763.7657433065899
732.3556637631305
708.7102457309549
697.5283104838379
693.3775647692709
690.4190039739495
688.0989092947868
686.1550691184153
684.4515008605679
682.9145707271581
681.5021501022037
680.187260243421
678.9507859119146
677.7796672319457
676.662883463807
675.5915071720414
674.5590768474692
673.5591826083736
-5.481748019815005e-05
-2.3941162820484034e-08
-2.4696957165914623e-06
-2.703527762944014e-05
-0.0001285379726645859
-6.777999440979932e-07
-9.260862865150703e-06
-8.776217147617215e-06
-5.2945419052213125e-05
-2.746663931665138e-06
-9.214184189765887e-06
-6.170159286393814e-05
-7.732631157522408e-09
-3.289658315721829e-07
-7.487441710137874e-07
-2.7486120030503147e-07
-2.4708854943367664e-06
-4.781136750348947e-06
-0.5553348861050018
-0.8381329223540881
-0.007241962308264942
-0.000437021566908845
-8.009199791379018e-05
-1.7097310488770723e-05
-1.526593614927573e-05
-1.6151698878048388e-06
-2.780996811675478e-05
-2.7747693456828574e-06
-1.5310614899472388e-05
-0.00012421966023210056
-0.010950060493047305
-0.20778902832695842
-0.1835304559151284
-0.0001416213585512731
-0.03766254247735469
-0.000129873816847623
-8.6912779248451e-07
-3.5726727384030595e-05
2.3568372629379537
3.8627195896157107
5.488680047326897
6.976622824337661
8.732675613848762
-0.0025707968603459466
-0.0025293645630652816
0.08723005459890404
-0.0005715792914057977
1.4551107965851973
1.7099993324935334
2.0531684242955492
2.5882750426112766
3.2122021211315013
3.7354609948725064
-7.840086140186836e-06
-2.1916630929028998e-05
-2.5203282203418144e-05
-0.0011922187471576835
-4.208750692828702e-05
-2.3082440632773748e-05
-2.5075546784773097e-08
-0.01936639166589916
0.01865422634016011
3543061.8720888277
738835.9468114241
164249.27355838908
90341.73582012262
40865.203610506025
11430.401498257132
2642.1612462676785
1032.5918362671184
551.8237261706432
357.2125337738119
234.33871017760805
160.6333025735773
114.93522400205873
83.82596515153578
65.05923746301227
55.462807202965
50.90951003783075
48.03724749370898
45.76903336176217
43.782395420056424
41.96188118736068
40.262525613252144
38.664092155344925
37.15791855388615
35.7440146669981
34.43420498807192
33.248577659621795
32.19642134038703
31.263413045759243
-1.9188033085984307e-05
-1.0651441076712697e-05
12.400870393850377
16.66971154784347
20.710733920021386
-0.00031596968053498664
-6.258303576770323e-06
-9.018118008017467e-06
0.440909623993642
1.116113835216652
2.214737353912136
3.808466753120867
6.048114787079463
9.034902259355956
11.611714756735566
14.946277929794302
19.14332628845202
23.40951368097257
-3.4075762478832536e-05
0.4626290982134636
1.00593461596651
1.928830019269577
3.9891899587136734
7.987022953593038
9.971129601923414
11.705826786590588
14.118114619698801
17.2559755925359
18.591495193330005
19.434858914830134
20.284981696165126
-9.1378838994852e-06
-2.5312130137401253e-05
20.93372296102811
-0.24776934386567986
-0.15802234043530516
-1.2696875533249832e-07
-0.025874084391635726
91721.16832239156
49181.709477317716
30391.473068801646
19092.528677342532
12448.191001985992
8664.663162096987
6355.198967057675
4820.787488516803
3840.0691937449847
3252.7251901565846
3003.8219124496795
2920.4776132037728
2874.855302810957
2842.825520875581
2815.2938618479766
2790.7077743041377
2768.4425973999823
2748.0141065349126
2728.9918151881297
2710.9853851141074
2693.6473454398824
2676.6721252484695
2659.792808348799
2642.7828602515256
2625.4456770936754
2607.610072109415
2589.1277449994877
2569.8681334920607
2549.719149159948
2528.5911903759566
2506.429647861029
2483.246483324053
2459.189997750491
2434.7383961731716
2416.551852666473
2409.67006336532
2403.152610056351
2396.6912286896554
2390.2230429534884
2383.718327262832
2377.156642752416
2370.5211884232826
2363.7980305502383
2356.9736906349767
2350.036651084356
2342.9753324448893
2335.7804616796893
2328.4414660535817
2320.949633537535
2313.2963479338528
2305.4743011766186
2297.47756155704
2289.300107871687
2280.939328270801
2272.3942791994978
2263.667534193283
2254.764042984722
2245.6924563393654
2236.4657569262936
2227.101097115318
2217.6199363795495
2208.1207734373306
2198.7341155020463
2189.3324729777833
2179.9379054058318
2170.578890999751
2161.2807235350324
2152.064016595262
2142.9432145992846
2133.9264892612173
2125.0158377042158
2116.2086167009506
2107.4985097300814
2098.877108668305
2090.3354496343118
2081.9013403075696
2073.5565808843585
2065.263025388133
2057.014572004552
2048.8070052341673
2040.637989427679
2032.5055953933174
2024.4087500298551
2016.347270080014
2008.3212117510975
2000.3307047379276
1992.3762646420232
1984.4580313142524
1976.5765678325135
1968.7320612848387
1960.9247378809175
1953.1548098939616
1945.4223106559186
1937.7272203978434
1930.0693556328692
1922.4478254220478
1914.8633621892363
1907.314621837319
1899.8006391258632
1892.3201462904017
24040.540062384596
10296.386730878747
7286.474217578902
6442.469022423026
5988.874140776565
5612.0043635598295
5287.628385869372
4991.167687223391
4695.780711610051
4408.6015803506125
4198.487032098198
4051.7574393262944
3953.426547515987
3866.717156766892
3800.5759591891742
3737.066760640932
3672.8412572355287
3607.726184124849
3542.2419643796125
3477.496185743296
3412.719748136316
3348.000822803691
3283.3893267379835
3219.077292198457
3159.1382947214724
3105.973371588608
3059.7724205986106
3013.3901622527205
2965.835606995596
2917.3961353846703
2867.1880976238904
2814.8929877391756
2759.7092166722314
2700.7704608579766
2637.24842962135
2568.119285793716
2492.3263124617374
2408.946093152095
2317.4389254254484
2218.0639951318235
2112.6526057544074
2005.8278633074233
1904.5762088303293
1815.8944859144303
1742.730703400637
1677.1839415780673
1611.3384817433753
1543.310947665507
1473.0266173254581
1401.6478376834725
1332.5607054964994
1291.5235441906657
1267.136263369571
1248.357009082928
1234.6661683916398
1222.6675191318402
1211.9679037100373
1202.2050311429034
1193.1330338650146
1184.5603096647264
1176.3031637834836
1168.3001327296183
1160.4981547948507
1152.8687336245348
1145.3927776600256
1138.0415120224861
1130.8023256682318
1123.659174537565
1116.5958841820363
1109.6013010526178
1102.6665100228922
1095.7818656327263
1088.9419884924944
1082.129617992336
1075.3668291490897
1068.7830369684962
1062.3385384772
1056.006971658439
1049.769545357082
1043.6170249608062
1037.5441143687153
1031.55031484473
1025.6333160174988
1019.8042486664286
1014.0495824182755
1008.35932346666
1002.7415409422114
997.1926610494527
991.7049581199677
986.2801481695343
980.9178873495255
975.6143166997384
970.3689979063641
965.1775895339321
960.0492610623478
954.9748125459522
949.9572161657854
944.9924656562984
940.0801906964488
935.2197028908294
18718.695584131652
12345.984420318346
9310.509893050772
7071.94482448541
5365.234455205776
4159.532850873989
3423.7315554317706
3046.5053984179917
2859.9357024547176
2759.9520142043984
2700.152531577935
2661.327620933416
2637.6648987059475
2620.3048209313947
2605.5694731246203
2591.965073873171
2578.675552526766
2565.071045584123
2550.309486584484
2532.535966161254
2507.7291036283127
2466.010182401086
2395.1365201537196
2342.343642414931
2301.836794710781
2264.1513798793735
2230.2252524712508
2200.758929749678
2175.9189102074124
2155.3705102285207
2137.49147861659
2121.387662027459
2111.9852300397442
2106.6966065020733
2101.6947325790093
2096.8009385046767
2091.9510365800943
2087.1149054772545
2082.2761136281065
2077.424777375024
2072.5543691726607
2067.6602431285296
2062.738954516157
2057.78763602069
2052.804253325106
2047.787196969774
2042.7350195026806
2037.645998333404
2032.5190591424887
2027.3525595961235
2022.1456851686135
2016.8975459783528
2011.6069421707668
2006.2723623906497
2000.89275030222
1995.46691188481
1989.993548573988
1984.471243402582
1978.8987740377045
1973.274580778999
1967.597075507015
1961.8651078616795
1956.0763192354843
1950.2293960075324
1944.3225120638003
1938.3538542217436
1932.3209613168792
1926.2222742881224
1920.0554259435103
1913.8181397079863
1907.5080019477925
1901.122558127629
1894.6592267154872
1888.1152814986372
1881.4878034348394
1874.7739576990123
1867.9706847567345
1861.0743806592266
1854.082472187381
1846.991237279397
1839.79723306332
1832.496824881739
1825.0864744990324
1817.5623935968852
1809.9210443951335
1802.1588030423275
1794.271945539825
1786.2570790112713
1778.1110519490076
1769.8309070145558
1761.414058133842
1752.8584712995375
1744.162570530499
1735.3259240714883
1726.3487622787784
1717.2322029587249
1707.9794333539535
1698.5944726083185
1689.0825189646505
1679.4510619355983
23347.841552064885
9106.912851681556
6811.179619220638
6170.939022207257
5803.14184429038
5567.882551821487
5377.982298189678
5215.000588435197
5078.489406071502
4964.92351172217
4867.519378171266
4780.624310844142
4700.889396225215
4626.273202301729
4555.2185331419405
4486.40159368939
4418.753798489155
4352.81556074903
4287.926719982141
4234.653703203748
4192.36509240064
4154.617307262706
4119.915477489222
4087.251927207837
4055.831476603301
4024.99374407677
3994.16111867613
3962.803247344125
3930.398551959529
3896.387415873048
3860.1201332311743
3820.7741527411167
3777.2182810541613
3727.7990578666354
3670.012461946082
3600.164805636726
3512.646900562744
3394.2222122192065
3223.568163850207
2965.513897871468
2575.2322911006067
2060.823331803286
1630.8224883715386
1354.3608013106282
1193.3542374171086
1088.102419375119
1050.479664948827
1031.51605414795
1022.9584846163062
1014.8004277848323
1006.369353469394
997.4840756414742
988.6033394864156
980.5795503432266
972.961983680999
965.6757106331028
958.7753751107001
952.1051513798677
945.5439169856546
939.0773718474554
932.6867852944589
926.3407878020719
919.9935118070381
913.5854024223569
907.0451344840042
900.2973818297422
893.2475043685506
885.8573848907221
878.1346483693249
870.1619286418579
862.0608905702186
853.9406708860267
845.8678599711757
837.9290129682274
830.165850143284
822.657106807223
815.4906177876696
808.946523539493
803.38669924421
798.0560559618425
792.8576721998141
787.7547166577025
782.7144974799571
777.7246113972077
772.7767854910837
767.8653759349178
762.9862356306885
758.1366546451833
753.3147263594866
748.5185216019072
743.7473289821357
739.0002302638225
734.2764455839214
729.5755717113582
724.8972392646015
720.2410615374396
715.6065158719792
710.993438193896
706.4020677131103
701.8334426527952
-0.00012083291498317803
-8.452109037411666e-05
-0.00022839104763205527
-2.7981150087731417e-07
-9.306383177185209e-07
-1.2719982005241415e-05
-2.6601616329554323e-05
-2.8079466722860677e-06
-0.000767003075825074
-2.705329289828047e-05
-3.9847156729339857e-07
-2.4662925920951577e-05
-3.463412660005665e-05
-0.07118558820434416
2.656318982449199
3.8106987643870127
5.658196956565083
7.44571878009721
8.706465187630341
9.174487800880499
9.74732195024624
10.45013811492415
10.848918922180548
11.01733559677934
11.196366873477466
11.403556235897046
11.67156716825743
12.052119496358653
12.255397648170314
12.47246199477333
12.731792910666712
13.01564668743612
13.300569637266232
13.43631348625039
13.548225643668099
13.664929233331664
13.786862461364418
13.912600109484526
14.002288111975318
1509266.9546016061
233108.8490384025
151286.20973690847
113028.95120529098
91849.95461978532
78201.19700103307
67453.14108068921
57653.82117104919
53038.32349091948
50394.66427702295
48424.63466848173
46826.2584821512
45453.24530452913
44234.312301894905
43141.61958054495
42174.221462878624
41312.39823893554
40528.35624737539
39804.59620261414
39127.45665506768
38484.84244072563
37866.042411481874
37261.56645645483
36662.99260437857
36062.75706309763
35454.06712699859
34830.72463291718
34187.031358495966
33517.75640670162
32818.11067746454
32083.845653069922
31311.4387573512
30498.4343373846
29643.984829050205
28749.853856651058
27821.811367255017
26872.1773431071
25925.770530047233
25143.4162072895
24747.92130439799
24448.88270903853
24202.33289762988
23982.804125542734
23778.72230810136
23584.21713137598
23395.99530486024
23212.022825611137
23031.84308376378
22863.644713057845
22702.764665750437
22545.00434283898
22389.226647550935
22234.7692496234
22091.152554729142
21995.833649574597
21907.238113356216
21818.653611698344
21729.938606416436
21641.04573091057
21551.955322874517
21462.663334961384
21373.169692242496
21283.482022909186
21193.609558374617
21103.562367270926
21013.351160285107
20922.98675028167
20832.480069073074
20741.84183138252
20651.084008958038
20560.216195188812
20469.24666877549
20378.18746613998
20287.04863914851
20195.842568742828
20104.576481411856
20013.26262947752
19921.910191607032
19830.529426747053
19739.130481236123
19647.72334178697
19556.31845392385
19464.925931086498
19373.55595813754
19282.218888632597
19190.925247374522
19114.4916621967
19052.733881515098
18991.030407327962
18929.368677146103
18867.82830413816
18806.24112228727
18744.60043330664
18682.909715057493
18621.172765644038
18559.393652003317
18497.57578544473
18435.72282592203
18373.837531893714
18311.922812902587
-1.5398128523880673e-05
-0.0005649000520892795
-1.927152719296355e-05
-5.578412748801202e-07
-1.9040341495557933e-07
-1.0735850437728033e-05
-5.798364647892542e-09
-3.02380347806157e-06
-6.115408149119896e-06
-4.554628137587392e-05
-1.2923433725504554e-05
-1.0931219040219816e-05
-2.079822031742098e-05
-5.262470962874787e-05
-2.6301591524346477e-05
-1.6401720184791135e-06
-2.7006409789574102e-05
-7.79748621643787e-06
-0.00016644112920016494
-0.0002573152939630217
-0.18343493712817327
-0.001534974790384992
-6.406595566101676e-05
-2.7235491773164934e-05
-9.821742316258771e-06
-6.07208821748459e-05
-0.00029451109265893463
-6.688507262239054e-06
-0.0005138568143893473
-2.437860142793447e-05
-4.795427484085317e-05
-0.0012161165985260223
-1.4921850422024672e-06
-5.588515574164674e-05
-0.0007282640302399697
-2.0159652676930112e-05
-8.638075916223761e-06
-2.3444956020311455e-06
-6.712948891293986e-06
-5.09682031053745e-06
-6.296303701302307e-06
-3.7302403394550825e-05
-6.555781742303017e-05
-1.7037606504703543e-06
-9.246639589495702e-06
-5.427658431944889e-06
-0.00025592681741348246
-0.004321810123586916
-1.0299876177068839e-06
-9.534874337286024e-05
-6.802426712029578e-06
-6.457806246263938e-06
-2.3528733988319994e-08
-0.0006328025191717569
-6.387151767239359e-07
-5.8259256206184295e-06
-2.5186718425802296e-07
-5.422441541723623e-06
-1.4016030663778973e-08
-4.189839822935023e-06
-6.324379519535597e-06
-2.4343768553859934e-05
-8.376379236683421e-07
-0.26045368843751165
-0.24277606759012402
-8.291198461633689e-06
-9.464401316846239e-07
-8.312766919178169e-06
-3.5794609587988057e-06
-4.857353248585326e-06
-3.005943284126825e-05
-1.2624181053757839e-05
-0.00030688957128980086
-6.87808462541687e-09
-3.355732500777277e-05
-0.00010205814986975822
-3.8130435825532016e-08
-3.402532092802143e-05
-5.634536587589726e-06
-3.925194885137455e-05
-3.577166506332201e-05
-0.0001892457525843497
-1.5772215719458915e-05
-3.07114106929573e-05
-2.9027516139353978e-08
-2.7600857886090846e-06
-5.855124053273979e-05
-7.452314305821525e-05
-8.882784078953477e-07
-0.0002602430073145954
-0.0002293912495158111
-3.4001305520701306e-07
-1.5602199637276885e-05
-2.5531543706147287e-05
-6.808246259781714e-06
-5.138531257525948e-07
-3.8768145171458404e-05
-1.7428576408888464e-07
-1.5837634535800684e-05
-2.5217657374053486e-05
-1.2288026568856571e-08
-1.717799307472466e-06
-0.00033972397974470317
-3.9779364383301323e-05
-6.161983158844187e-06
-0.0006395287919660559
-1.2143351366369452e-05
-2.6724208533240304e-07
0.4783199425105613
1.1020163046024762
2.220056843120797
4.844081337340298
8.318342304584059
8.941141309986763
9.659238736220747
10.367386308622464
10.945321224609462
11.3287221668471
11.804349464050537
12.259374092969656
12.432569735627698
12.598521871083001
12.807675968712918
13.183375183006108
13.557806523477476
13.682006379324267
13.791905089788404
13.882287743628538
-8.018961124953175e-09
-4.144620829139658e-05
-1.0098374712805307e-05
2.127510007151522
5.233788013272365
6.018473013410847
6.661179999705537
7.274459466146991
7.868659392720439
8.35211674770153
8.83427655930651
9.33482867291936
9.841320311607364
10.347590844146866
10.84777236061395
11.325150468268824
11.78796630872831
12.14674701549345
12.21639737314498
0.10557071655003147
1.0167812565722736
2.240785897277933
4.270338768474542
6.548289463053213
8.621614629144393
9.841706701233473
10.173665945866446
10.367427580049915
10.537019492748923
10.69902505665174
10.86141133966372
11.047881937021632
11.2287234141183
11.434384723920765
11.689704494115226
12.015671120911657
12.436866904191266
12.69531180224937
12.75558119850808
0.6929420370992492
2.63428151725185
4.180362834043051
4.61624087878738
4.886642366999233
5.16025954192681
5.457321934530425
5.674472679076573
5.898797263414676
6.143744498657761
6.425513073512907
6.747793126200701
7.11210607996575
7.445149798210104
7.738589310461828
7.987805766977082
8.201243636899823
8.40300461134231
8.582204427333751
8.751753946476287
8.925674320623767
9.092253604420748
9.240183532414093
9.37917533323341
9.5186290690561
9.656529475741703
9.733323005973496
-1.089597781854815e-05
0.974454588149842
1.2815822079726558
1.619903663223922
2.0619862735647048
2.768473706093742
3.9696501698307185
5.572598787932771
6.460773647263538
7.209092205155192
7.947575798639639
8.547263331770202
9.018371733577036
9.495224023264736
9.974374995330644
10.49864779551558
10.983251580085078
11.476777592296635
11.893914093798271
12.05604302465107
12.196221944868862
12.339445267149497
12.499483167130961
12.65273147386388
12.825834955929002
12.988172346676656
13.159358629466588
13.344017302491753
13.53599083280568
13.713063394644536
13.871853526912101
14.031558800909641
14.198566202554614
14.340507162975575
14.478838352770417
14.621874237733609
14.755721683018114
14.905808747933873
15.061898134719138
15.220570550976124
15.373952560937955
15.543935568231797
15.720310152090772
15.9040942027014
16.07705811897434
16.25755725811658
16.451764815122647
16.660632822759613
16.763047651583335
16.788998164997622
-1.6987638603844344e-07
-5.046760531634716e-05
1.1805901263241043
3.6052259936360214
6.03274207411259
6.984977519837576
7.928918181073895
9.189244702389507
10.183789662877503
10.64784017606409
10.978143422099077
11.255592428388066
11.575133534091554
12.008421142994512
12.28938872832526
12.458424635164146
12.600684580096805
12.745976557614666
12.90361274517895
13.066480625274187
13.243375041424514
13.437076828890264
13.639653020604106
13.859561015982342
14.090648963875353
14.334049086437169
14.587914737063585
14.85924107571203
15.1333175402414
15.416196741565376
15.706456931534401
15.988730801126156
16.16744672580996
16.212669124601906
-1.8006857272133313e-05
-8.859087733917103e-09
-3.976196414484554e-06
43897.927839000025
20218.24199714496
11276.311384386461
6977.5478195043415
4829.841654030114
3752.808021613185
3236.068424066625
2985.581714969201
2835.7568939229955
2755.5835076975786
2707.3841779246827
2672.2908510855646
2644.430238700559
2620.445561009339
2598.599376948866
2578.2102556412874
2558.910020686928
2540.673913661724
2523.4435179490188
2506.970359733079
2491.1208828250365
2475.799812457789
2460.937727774239
2446.469177023546
2432.3504011911896
2418.5427164747516
2405.0132603859106
2391.732598659198
2378.675598213604
2365.8220546872813
2353.1510396726835
2340.641222858851
2328.2784324252025
2316.0471534294566
2303.933115055016
2291.923300069211
2280.005012871323
2268.166640768843
2256.3948416181006
2244.6823178769027
2233.0166306850083
2221.3876056920253
2209.785229509449
2198.199526772948
2186.621123319042
2175.040274049516
2163.4477156724956
2151.8337888050874
2140.189161362488
2128.504148779981
2116.769224582118
2104.9747796928814
2093.1109863166253
2081.167983166629
2069.135872438261
2057.0042703915333
2044.7654382221508
2032.4045144043191
2019.9141166315499
2007.2838708844147
1994.5013858999387
1981.5571594064363
1968.4415680400111
1955.3166562980225
1942.3523917166417
1929.459190353482
1916.6271699308613
1903.8571490023278
1891.1508713770522
1878.5116183802595
1865.943660178352
1853.452935432062
1841.0471331215317
1828.7356655013507
1816.5311683373145
1804.447389800004
1792.5005125349387
1780.7088975904085
1769.0931602816556
1757.6758467947773
1746.6671042090866
1740.8477690041777
1737.5314081835381
1734.3916040561303
1731.3565171620146
1728.400614666386
1725.5097491231277
1722.6732627746114
1719.8826949563438
1717.131364910282
1714.413155469792
1711.7237556962646
1709.05922644581
1706.416685379256
1703.7936675312483
1701.1868674649568
1698.5873171446226
1695.9755668830371
1693.3237611336162
1690.59004200544
Saved complete output: /home/pang/projects/DDET-MTD-q1-case39/metric/case39/q1_top_sprint_20260424_094946/gate8_v2_hardening_20260426_101517/reduced_fresh/mixed_bank_test_gate8_reduced_cleanheavy_2.npy
