==== checkpointed_evaluation_mixed_timeline ====
case_name: case39
tau_verify: -1.0
schedule: clean:90;att-1-0.12:15;att-2-0.18:15;clean:60;att-3-0.30:20;clean:40
start_offset: 2640
seed_base: 20260914
max_wall_seconds: 43200.0
output: /home/pang/projects/DDET-MTD-q1-case39/metric/case39/q1_top_sprint_20260424_094946/gate9_fail_only_guard_20260426_224426/reduced_fresh/mixed_bank_test_gate9_dense_middle_3.npy
partial_output: /home/pang/projects/DDET-MTD-q1-case39/metric/case39/q1_top_sprint_20260424_094946/gate9_fail_only_guard_20260426_224426/partials/mixed_bank_test_gate9_dense_middle_3.partial.npy
runtime_jsonl: /home/pang/projects/DDET-MTD-q1-case39/metric/case39/q1_top_sprint_20260424_094946/gate9_fail_only_guard_20260426_224426/logs/runtime_gate9_dense_middle_3.jsonl
resume_from_partial: NONE
total_steps: 240
z noise size: (35134, 170)
v est size: (35134, 39)
test dataset size scaled: 7022
test dataset size unscaled: 7021
valid dataset size scaled: 7022
valid dataset size unscaled: 7021
Using cuda device
LSTM_AE(
  (encoder): Encoder(
    (LSTM_layers): ModuleList(
      (0): LSTM(170, 116, batch_first=True)
      (1): LSTM(116, 63, batch_first=True)
      (2): LSTM(63, 10, batch_first=True)
    )
  )
  (decoder): Decoder(
    (LSTM_layers): ModuleList(
      (0): LSTM(10, 10, batch_first=True)
      (1): LSTM(10, 63, batch_first=True)
      (2): LSTM(63, 116, batch_first=True)
    )
    (output_layer): Linear(in_features=116, out_features=170, bias=True)
  )
)
The LSTM-AE detection threshold: [0.00714405 0.00737264 0.00760189 0.00785079 0.00817295 0.00854597
 0.00895281 0.00942822 0.01018794 0.01194939 0.01701637]
Quantile: 0.92
Threshold: 0.008952813036739827
-0.0006642686620704399
-2.9966069196527523e-05
-1.670874247955881e-05
0.3342293972533995
1.223580244333426
2.0977802276411066
2.344887919086748
2.5860193126200524
2.8315615004435855
3.106905770478489
3.4426855868509634
3.8114399304513396
4.203939200791166
4.475158031996459
4.780114341305294
5.1278793686582835
5.399139272026738
5.619471542640667
5.71616156166134
-0.00011460955154463215
0.07643589117951846
-4.763394092163777e-05
-2.193745982335678e-05
-1.7232503000313578e-05
-0.0593807429104518
-2.585941011770992e-05
-3.7999500961891056e-05
-0.002995250387412413
-6.748672498358687e-05
-3.338793151788355e-06
368217.3452611908
57141.47145865117
30627.440822418615
18908.223240683248
12550.076518945752
8716.422227165942
6456.795307941944
5007.77717811856
4003.5671321222903
3634.3697257849817
3535.9873958025983
3482.5528460359087
3440.9054889757067
3401.587540564014
3363.732207340838
3326.933810869703
3290.8882308833104
3255.3482277785247
3219.974344532724
3184.373623245981
3148.5129339485716
3112.353727461286
3075.846028399606
3038.9273783125245
3001.537411337067
2963.6194652481263
2925.117625642137
2885.9741298519116
2846.128183377392
2805.512373765646
2764.05212393358
2721.667341456863
2678.271410948982
2633.771049392667
2588.066090661409
2541.0483432406454
2492.60371192132
2442.6087230157327
2390.9324117052556
2337.4362292732962
2281.975712717439
2224.401885974897
2164.5477984804706
2102.256962743151
2037.3521892741876
1969.6634332560434
1899.0384401588192
1825.3620993511524
1748.5830616926303
1668.7423875479249
1585.9489037371445
1500.6381225394716
1413.5450714049966
1326.0659471881213
1251.9690313482186
1230.3910049151762
1214.2511125509022
1199.1367140771945
1184.718160686423
1170.9064724322743
1157.6516441797683
1144.914131519383
1132.6604214161455
1120.8610902088926
1109.48901563985
1098.5197629763993
1087.930795553848
1077.7011849927853
1067.8114758147449
1058.243682815375
1048.9809707032675
1040.0075331772846
1031.3085800688787
1022.8701552477407
1014.6792939092278
1006.7237072534842
998.991673502627
991.472418183908
984.1553350088934
977.0307529147299
970.0895466005621
963.3228643744214
956.7221903947357
950.2799803723451
943.9886384409447
937.841094736814
931.830595643644
925.9507946808867
920.1957734536792
914.5594618212973
909.0368177351703
903.6223645551239
898.31131172892
893.0990784335233
887.9810885659094
882.9530509196579
878.011270150339
873.151811385125
868.3709293208032
863.6652389469049
-4.432772893554504e-06
-6.63326203133252e-05
-2.981590113951196e-08
-0.0013461018163150199
-0.00035799184254312044
-3.457419780003673e-05
-0.4379214195340335
-0.13624360478661207
-0.1492682835973373
-5.2894654375337187e-05
-1.0308759938851546e-05
-2.3129140415486532e-06
-3.3706803587853424e-05
-0.00030556944805128005
-2.9506887248935168e-05
-0.13460136332505993
-0.09548307960487881
-0.00034196466053692295
-7.95264238293114e-05
-1.4032846048023864e-05
-3.458800429042709e-05
-4.251448956128404e-06
-3.0425066151030217e-06
-3.455128698215868e-05
-0.0007224752522194571
-6.166473582232237e-05
-3.43700610427976e-05
-5.5625120619168445e-05
-3.288952290173486e-05
-0.000569612075054705
-8.070162320155124e-06
-6.671716431314528e-06
-2.3734092549270978e-05
-4.144475442999295e-05
-0.9255969217188794
-0.4714649038282409
-0.5317990599768122
-0.0014292564947381266
-0.09647501477489952
-0.013999060755732167
-0.20146566244591607
-0.06451368311688058
-0.07081908705247497
-0.001585838779520321
-0.006260691530463183
-4.749795123416438e-05
-1.941868056366265e-05
-8.481787981496188e-05
-0.011435831289570915
-2.9927547455388023e-06
-1.580743744610714e-05
-0.36968658572890817
-0.23563029513603373
-0.19654164275005112
-9.507864656181924e-06
-0.0001720145235956793
-1.2574232032043856e-07
-2.3916640200610873e-05
-2.415726622590635e-06
-7.028340133339986e-07
-1.3478706058908885e-06
-1.689022056918358e-06
-2.9143598050620072e-06
-0.00034476432354531
-8.770531811307493e-06
-5.461042111309897e-05
-1.8544422293514184e-05
-0.07927885973772139
-0.23333311835098688
-8.257052524022652e-05
-5.104351014719736e-05
-1.6416870246871038e-06
-1.2192534787746325e-06
-3.337876841217722e-05
-1.461796612826614e-07
-3.827055663454758e-05
-2.9708944513790185e-06
-0.00016005031173972327
-7.262492002987009e-05
-4.474848350387354e-05
-0.03728301591442318
-0.00016244595858225607
-0.0003670013078430993
-0.03825148960303125
-6.364746187527867e-05
-8.239450885674748e-07
-0.001894671617792696
-6.531572337093305e-05
-1.1878977439194063e-06
-6.423311586831538e-05
-5.1153027404073216e-08
-3.985155691762556e-05
-0.00019525252644744454
-4.746902134160141e-05
-4.9389804439418484e-05
-0.0004194271289679463
-3.0409749327645224e-05
-0.4402404211809857
-0.21964324992965872
-0.010640833416985629
-0.010435643484171253
-2.600066396908542e-06
-1.0355687839013655e-05
-0.05502983716868411
-1.280275132300025e-07
-7.468022320778269e-07
-4.727859715806294e-05
-0.0001726306186757913
-2.1488752235347623e-06
-5.675202672581388e-07
-1.1920724030937864e-06
-4.392292660327755e-06
-0.00011555895420194879
-5.700290287602844e-06
-1.2740564291545784e-05
-2.2971617344201738e-06
-1.1703973069379838e-05
-8.360638268313485e-05
-6.012057598811841e-06
-1.6536709960341888e-05
-1.249289067520077e-05
-3.4334072904872256e-06
-5.984247262397223e-06
-0.00010268299110597541
-4.1081710137089946e-07
-1.5383600994764597e-05
-1.093962100787754e-05
-5.999212697445628e-06
-3.8396016760079764e-05
-2.843243512088826e-08
-0.00010853531477241285
-1.3052695061262936e-06
-7.834356146413483e-07
-1.1860868351558664e-08
-1.123244618830148e-05
-0.00046571799836275395
-9.4464547747262e-06
-0.022496707647197904
-1.1343484784916313e-05
-0.00012590014746120633
-0.0005028950778697049
-2.438387957416735e-05
-0.00012549394987479952
-2.5935410987086606e-05
-4.159049573288519e-06
-4.2997475789756106e-05
-9.331287514756607e-06
-0.00019029765778311302
-4.2674552513987814e-05
-3.248116311848704e-05
-2.0917209102977444e-06
-1.999797772141197e-05
-2.812466713480272e-05
-4.137288219480968e-05
-2.6670697823707913e-05
-1.4124797637285673e-05
-3.633825332457765e-06
-5.519193893549322e-06
-2.270502733245329e-06
-4.5079139882430054e-05
-1.7749528581865106e-05
-2.891750660451501e-05
-3.232989778684251e-05
-9.34718351551589e-05
-3.2249169921568924e-05
-0.00042060527955145615
-4.266774346838282e-05
-2.103597582084491e-05
-0.0001346523333918126
-0.0002606671879060783
-1.1585859589834757e-05
-3.7245320895106284e-05
-6.737531460869316e-07
-2.3171468657570836e-05
-2.6203349852100736e-05
-2.625626652695324e-06
-0.02071149337787769
-1.7183216742777942e-05
-6.372925946786616e-05
-2.7816362404857394e-05
-3.716099322903593e-05
-5.708911504162436e-06
-5.9721077354046176e-05
-4.820232204758215e-05
-1.0202772604204624e-05
-1.6221031266135123e-06
-0.08217971969892081
-1.1749727701825675e-05
-2.6249149320764047e-07
-0.00011284166369783126
-1.0011300048889497e-05
-6.285221458137027e-06
-3.084048510035538e-06
-2.354759139760341e-06
-0.0001538887552482691
-6.736719559236324e-05
-3.2372386068310344e-06
-1.4240772575716595e-07
-0.0001372992282491673
-0.00040635883129789044
-8.095745746714451e-07
-0.00013481226652080073
-9.337839185410176e-06
-7.135137644532051e-06
-5.557079199103241e-06
-9.607582189892623e-06
-5.3412592778571776e-05
-6.0472749145527245e-06
-3.2650559029598105e-06
-1.5180419372018682e-06
-2.5708316573519837e-06
-8.708272542684544e-06
-1.6817010098865464e-05
-0.0031802770297310263
-0.00032433227483098586
-7.905580569062707e-05
-4.254916454477052e-05
-0.00017974958120426082
-1.0443352633123117e-06
-0.0001604815802497674
-1.0889124218977295e-05
-0.0002373042238464708
-2.120204641158394e-05
-3.6703290443784045e-06
-1.970893836405077e-05
-9.644266763268603e-06
-1.769923276446725e-06
-3.6571459087454344e-05
-2.63054008241225e-05
-0.008484803472486015
-0.12602767024717867
-5.196170972162222e-06
-8.154704394063689e-06
-2.4625966509521978e-05
-1.665805186504277e-05
-4.599273294488056e-05
-4.331037208234061e-05
-0.00010554107240500823
-1.3293769169630903e-06
-1.4495493292484007e-05
-1.4667991246356493e-05
-1.120296908601052e-05
-4.870632840791901e-06
-1.0684228606911167e-05
-5.148778882095276e-06
-0.00038114323767177144
-0.09213077524523511
-1.82643280304377e-05
-0.012860074685471783
-2.3531259146298982e-05
-3.373493744416934e-06
-5.6638836797165355e-06
-0.06279773039072326
-0.0001875704436524731
-3.111147413459569e-05
-1.510220147668285e-05
-0.19889810736516705
-0.19960087966278986
-0.05364431974508371
-9.003886620883069e-06
-1.9119477747142612e-05
-2.063328029779083e-05
-0.020283594478322845
-1.5154314180599174e-05
-3.0686013418586274e-05
-2.3836409840862735e-05
-0.21123141962432168
-0.00024248309273513006
-0.00020670649967089016
-1.1332773820242593e-05
0.07765592132676984
-3.809285115629312e-05
-1.240129733581758e-05
-0.0024459878121214553
89742.88766732803
36833.343996087155
11425.813600856176
2925.8462589112255
930.4645786742121
575.0080842110898
408.53907245733313
318.02911242398835
266.2176565134331
235.77303524537757
215.50680609824462
201.08436349818248
190.13765552145097
181.77804777522826
175.10883141935182
169.63797031727805
165.01218288844646
160.9767265608498
157.35127108726317
-0.08264013794773017
-3.467225655895459e-05
-0.0002747358672197343
-4.46149317661987e-07
-0.04685982593722433
-1.5617204542821584e-05
-2.3067654861296774e-08
-0.37944948908359755
-0.3874826903495057
-2.926849928742205e-05
-0.0032815408638483673
-1.2266722196367563e-05
-0.01347647986015781
-1.81042638448612e-05
-0.17801918520629642
-0.174561979625809
-1.1105281012309188e-05
-9.118020052821823e-05
-3.8452876255924046e-05
-1.3224932088316866e-05
-1.1210298921417852e-06
-0.00021536746041818104
-1.653156377685764e-05
-1.4620469587408274e-05
-0.00010555666447109412
-9.450519132676768e-06
-0.00015815319373657386
-2.9837201105550845e-05
-7.411183821524103e-05
-0.0008918271480042708
-2.505383998490744e-05
-0.00020553111032680065
-0.0008573988440218023
-2.9379037325529607e-06
-2.6027068019163652e-06
-2.014813305070285e-06
-8.335060147565895e-08
-3.2926594299888404e-05
-5.06128230209409e-05
-3.3386775500276438e-06
-1.4773671715114284e-07
-4.710325552430504e-06
-1.8152937688988913e-06
-4.0518325083166206e-06
-6.573609472071815e-09
-1.2449599675323103e-06
-5.5703348200250604e-08
-1.4822800683540099e-06
-5.4560824955143096e-05
-0.30780203865482975
-2.182989908677371e-06
-1.140831786089412e-07
-4.226023861979791e-07
-2.234614128188986e-06
-3.555886050176025e-05
-5.430383598282832e-06
-4.504815719296377e-06
-0.00016688063707906255
-5.135111534373524e-06
-2.6653746893525757e-05
-3.990961215913725e-06
-4.479022893502737e-05
-2.4788463786480816e-06
-0.00023898923372636717
-0.00012454236018106138
-1.8648159478535292e-05
-8.200314345370064e-06
-0.26930707327488573
-0.26763413387402407
-4.031083706902282e-05
-5.345870612524982e-06
-1.0457205812984324e-05
-8.119383514411388e-06
-0.022418635248495314
-1.5265579800282252e-05
-0.1493336723533164
-0.09941094478139366
-0.00033560020780342337
-0.025935165768569277
-6.798225000812872e-05
-2.8012127620524485e-05
-7.843223652151138e-06
-4.0798792234210815e-06
-8.435269862652163e-05
-2.8812041467129265e-05
-1.5745982609650197e-05
-3.912155020472187e-05
-8.994786134396085e-08
-1.591075468479536e-05
-2.4515060505469516e-05
-2.039613414729613e-05
-3.443594631514362e-05
-1.9519238707281054e-05
-0.004081527844003612
-2.2579241079854527e-05
-6.863311508760724e-08
-2.5971463769210358e-05
-0.00568265346436463
-0.00011222501550994147
-6.461878922825709e-06
-2.8019438444034846e-05
-4.550825026384665e-05
-4.192554211100222e-06
-0.006452432889073808
-0.5063965910699564
-0.4194746858641546
-0.016589339546470013
-0.13470342863608756
-0.14114794465861694
-0.02532025365201842
-6.3031782069200455e-06
-0.000565524485523117
-2.063012968159945e-07
-1.7651054426371802e-06
-1.0967277158446174e-05
-3.2379141573915056e-05
-2.738341466336018e-07
-3.630200456431547e-05
-2.1092501183712717e-08
-1.9520467089180616e-05
-8.784452772871176e-05
-1.5550277878291212e-06
-3.439108467586645e-07
-2.5464662418662507e-05
-0.01682365604651543
-4.0882023435500616e-05
-2.8856535680517926e-06
-5.666751937007073e-08
-7.398500487668584e-06
-4.544699773339603e-06
-6.146400210725887e-06
-4.785860452209004e-05
-3.2678268313478906e-05
-3.717571899216975e-05
-0.00010149144061704562
-2.7348782984352677e-05
-4.349380643814961e-05
-0.15136904522813
-4.160417351072707e-06
-8.323021187957285e-05
-8.847970710519299e-05
-0.026597484631336515
-5.9968196762733174e-05
-0.012798802325333382
-8.63180179557808e-06
-1.913873210969506e-07
-2.2471893588174673e-06
-1.1996459540941702e-05
-0.002289385717124319
-0.0001421388883033665
-3.623151000737261e-05
-5.938678319039159e-05
-0.00017689957420794316
-5.0932336434184195e-05
-0.0005419651059039393
-4.488284840088185e-06
-2.888506785081707e-05
-0.0005243211313119683
-0.00018448876591759181
-4.63057145082466e-05
-8.188526790947834e-06
-1.5790305699292848e-05
-4.490995700529008e-07
-0.490837612349862
-0.1382878838108379
-0.0720164978267208
-1.7630605114590314e-06
-4.325552232765739e-05
-5.2372263982004426e-06
0.4881312663323299
0.5715349627716083
-2.5440483543516117e-05
-6.75964066637029e-06
-1.276413559859864e-07
-4.0545135818958465e-06
-4.128635028518654e-06
-0.00010424394799025251
-0.0002549263795874892
1195263.2934131823
510482.5702040808
258707.00582545841
93659.02607138689
19788.26667065032
8537.678676712008
6159.4443832944
4459.155167690444
3220.9442696358306
2375.4987804462235
1801.22280481689
1404.0825392287522
1119.526139653473
919.4173528767647
772.6222837429096
657.662731593837
564.8924000134672
489.49325466192886
428.36703384677287
379.1191438950531
339.6203346148188
307.7749148102713
281.58850990192303
259.5348115595831
240.58555156287488
224.3703053562555
211.8056133733625
-7.850701413493377e-05
-3.2543403123080677e-07
-5.4602013148611516e-05
-4.613301196292942e-06
-2.947681111950575e-07
-0.011290138421592679
-3.8837283274087334e-05
-0.00169455277468207
-1.0597440313901481e-05
-0.00010999897494094038
-7.342133616766853e-05
-9.563648389447547e-06
-6.582100013958313e-05
-0.0002974329588174109
-8.021169459748754e-05
-4.662004389094222e-06
-0.00046728185750209483
-0.0016474352289601937
-2.3839471021907158e-08
-4.10678788421815e-07
-0.00018470818023930434
-2.9529505087811397e-06
-4.2950135718066495e-06
-2.179272369015465e-05
-2.3181811036719998e-06
-1.4358259335405402e-05
-8.018565813613398e-05
-0.00010509198325283882
-3.5995179364406772e-06
-1.8035946419994548e-05
-0.0008318605542869497
-0.00030304928858490896
-0.00014519183383275312
-2.3330002667874035e-05
-4.226320586899427e-06
-9.753912862063414e-06
-2.9314904987233784e-05
-1.442052747040592e-05
-2.0482355202118815e-05
-0.00011358777910126357
-3.06522431202527e-05
1.1248969454665176
3.0730442331868155
8.36740236285331
10.785194386722662
11.654991167007587
12.092232888300591
12.284063591199045
12.643868063335631
13.19594905608146
13.643725947896435
14.07785566352123
14.545026376132547
15.046992082585948
15.570184925787066
15.77611424228823
15.886769164663308
16.004036662513887
16.124530977358724
16.21917909915418
-1.4818841221680079e-06
-3.1786319848642878e-06
-5.183597677378661e-06
2651313.694495865
365174.63919765234
57480.76621045749
38846.4160370192
29122.78288931023
21961.928078516998
15612.840985446956
9623.052363488363
5001.960128947213
2991.2610384240625
2093.7932143343733
1697.09463929164
1478.3634541876831
1361.4341261341367
1302.3656236617246
1260.5550846039155
1225.3408905845085
1193.6597957631252
1163.7561420606287
1135.0080052569933
1107.2814159904622
1080.404208584475
1054.3062023707553
1029.0381973018305
1004.903932408545
981.9031044101358
959.9825147128421
939.0645131121963
919.0651189685178
899.9026966738054
881.5019761342929
863.7955006452498
846.7238083851227
830.2352920247619
814.2853651928539
798.8357540958908
783.8536483028278
769.310952172713
755.1836279338661
741.4510237424996
728.0952280736346
715.1008287565634
702.454553921609
690.3316869465802
681.0390780647447
672.8723128181565
665.0024207820367
657.4057739084666
650.072036132293
642.9963541209971
636.1770238626112
629.6045298319498
623.256014215683
617.1102042879091
611.1416605331647
605.3315726524127
599.6647406882183
594.1494859848826
588.7711451576766
583.5161952557194
578.3738719561935
573.3489128778147
568.4243465507138
563.6222897042918
558.9094923884976
554.3034097013204
549.796204368927
545.3391933467336
540.9751650138415
536.6958472507933
532.4937444500786
528.3497900431095
524.2832231069093
520.3136856276948
516.3842599904873
512.5331628336679
508.73194106786997
504.9851280324187
501.3068746512302
497.68044511667296
494.1007983109509
490.5537270987288
487.0664541609427
483.6274824004268
480.2308452280236
476.8808142294779
473.5672160512892
470.29429137662686
467.0636078936998
463.8667940313417
460.71144484132566
457.59027520730007
454.5055569333668
451.448147005915
448.4330801376773
445.4436231149464
442.4927636184994
439.57443352654315
436.68228926087755
433.82568795834595
-0.0001080296522572783
-4.17880715517201e-05
-0.001128385558711433
-2.7997204814812796e-06
-0.00022097112816218725
-1.821681141562808e-05
-1.2354265410303328e-06
-2.2951247886236746e-06
-6.546087028721308e-07
-7.49116531457113e-07
-2.0120088030237593e-08
-1.3051841316596798e-06
-1.3998554894585164e-06
-3.727711487947889e-05
-8.592872956504453e-08
-6.775820475543541e-07
-0.0004379367678439746
-5.107465101552133e-06
-1.8215180114564327e-05
-1.6779177124447877e-06
-7.452637099481214e-05
-2.7533713128384426e-06
-1.0460265269223633e-06
-1.6813409636476051e-06
-1.9249807042097682e-06
-1.1749154870932665e-06
-6.105708082757583e-07
-3.919450993372617e-07
-3.55701413557599e-06
-8.645268473833589e-09
-1.3584701774696723e-06
-2.3600774821657312e-05
-1.722874077380881e-06
-3.296550957672304e-07
-0.01613484582934748
-6.2479676991340455e-06
6.584915744203738
8.864873833826229
10.495586224530648
11.604109292297514
12.863006706070005
14.531556924263796
16.667608750109395
19.028380145606548
21.805576582575654
-2.938275934335685e-05
-3.2767675730828836e-05
-4.442256842216234e-05
-6.985161405970818e-07
-0.0001535669946434449
-3.1539940960576557e-07
-4.2107742204601384e-06
-6.730245769405033e-06
184148.72357756182
61833.270514826676
17352.902961843505
2097.1571198176575
802.1468449053104
454.8368085516931
293.5992644961972
200.5840992207651
152.19899086421648
127.05438574196084
113.0359649243705
105.30514206040839
100.72019343180271
97.69424852418922
95.41455789629602
93.60481814543698
92.11604884087302
90.8600670306502
89.77970708323546
88.83526185546918
-4.537827141700325e-07
-6.535841175616949e-06
1.6034594682793897
2.201601518755818
2.711183073607076
3.167076054518215
3.618620520839646
4.150141908523888
4.7198561111804045
5.3853440635116465
6.173594626443329
7.107509148167569
8.199484297079596
9.51098539434137
11.099088737332114
13.060010328020702
15.471300254389295
18.37917019211448
19.755031046999456
20.04211063786563
6.609102820577897
14.755792625582398
19.550330197335775
22.765448066017832
-1.0988335822652638e-06
0.022023950344688775
-1.0691222548489602e-05
0.00802326310001923
5.024913100434525
6.710554878618048
7.174386277773644
7.591300479354128
7.988589594127152
8.321767651401231
8.658917051916989
8.927677511859622
9.183571521598616
9.432253627659337
9.711549071745091
10.032733858589493
10.408336124026793
10.850315489400487
11.362415603763173
11.805022032538984
12.045398931249892
12.257011714777097
12.472045204762853
12.699307537228528
12.93955226362053
13.192063322653848
13.456488491561476
13.727688512734789
13.950794560649774
14.165707927599545
14.385065366194093
14.603954056500495
14.80135667054902
14.83229116915545
-0.001211678949638533
-0.0034738960312528894
0.16396342820966636
0.8428344428540416
2.73145952418873
6.230118195398673
9.3833441390619
13.469121237901085
16.3546275164412
18.098630362939044
19.130680541135053
19.63102980982135
20.01668334409037
-4.847523546937015e-07
-0.00011722821593852156
-4.6054553159469235e-05
89491.21537936658
55571.85546645129
41324.1568337695
35610.334038356144
32213.819169555383
29970.23700760125
28536.052919909733
27669.863639973228
27089.197579095366
26633.64031873509
26249.05147464152
25905.86090019103
25586.53413745444
25280.276807286606
24980.35920289968
24682.627867035266
24384.637130213276
24085.130326539133
23783.728190724676
23480.72876093985
23176.973037810705
22873.732952064205
22572.591656470915
22275.297112288397
21983.584723948396
21698.982284483212
21422.64302200448
21155.260671563014
20897.09601088402
20648.107193122065
20408.10913325941
20176.88772663989
19954.24446149006
19739.9960666038
19533.966783726653
19335.98959467162
19146.026926121223
18964.13411922184
18789.881926466962
18623.188941184955
18464.06992369228
18312.631374569522
18169.11692198452
18033.984281633577
17907.99907627979
17792.679906331756
17690.81244782936
17611.4202367701
17573.96089562634
17546.037459592015
17518.568810540546
17491.364438895616
17464.33255466584
17437.411102743976
17410.55662545468
17383.73840916467
17356.933925240042
17330.12687231922
17303.3051064589
17276.45939131892
17249.58258745558
17222.6693674092
17195.715666847093
17168.718221048486
17141.674974891615
17114.585147748403
17087.449762174158
17060.272728425858
17033.063462600894
17005.841796391112
16978.65191201689
16951.60423950983
16925.13148773734
16905.065348672277
16885.06320098154
16865.042439623627
16844.99213050871
16824.90949923751
16804.79403463641
16784.644644832722
16764.460497645003
16744.24070630597
16723.98416133321
16703.69037490725
16683.35822250586
16662.986834624215
16642.57477057853
16622.121101956607
16601.62483797045
16581.084603062453
16560.499400655513
16539.867814949892
16519.18854294944
16498.459859959738
16477.680345679906
16456.848342595447
16435.962013509314
16415.019946225817
16394.019348309674
16372.958580642016
70099.3624700078
23735.306424251754
15849.987895329534
12376.907673991504
9989.720867849908
8503.928051247733
7454.937134035902
6492.1377978559485
5477.295876277723
4360.932546379378
2876.083665745381
1138.2724972319988
480.32006299072555
385.2367264293157
358.9898493716767
342.6256485281652
330.1802920148459
319.9939469583659
311.2178656233576
303.39190523290614
296.2498810118166
289.63015300988695
283.4301475754491
277.58189187771455
272.0386466762005
266.76672307068003
261.7415716864197
256.9451838898154
252.36538368795578
247.9954147990556
243.83598936415652
239.90170989456786
236.2399872867958
232.93420129998705
229.87188075627287
226.9565891551202
224.1638222012875
221.47783764335406
218.88562749972425
216.37670940581026
213.94178432527272
211.57237227518883
209.26196317094212
207.05442846835493
204.90459079252878
202.8464616150649
200.93409190918493
199.17880092625478
197.56544955731673
196.06181709038256
194.65476611917975
193.32083715518002
192.0408773583647
190.80031421458975
189.5888593723063
188.39949529936413
187.2274618163083
186.0694850613728
184.92325655792078
183.78710134702558
182.6597490746193
181.5402841146923
180.4279468494991
179.32216806254672
178.22249086431546
177.12858064680344
176.04008288971607
174.9568703956265
173.8787407511961
172.80556550917288
171.73722989008263
170.67363563584146
169.61470962529475
168.56038802937994
167.5106612505099
166.46548452655318
165.55430307319827
501679.50891065155
290041.55335330195
199038.6058076828
127657.57117016002
78802.8744582081
54319.79511955154
37715.14819349144
26771.19199052992
21137.072325135792
17681.561894579623
15477.56401970037
14667.693869075592
14178.666081489324
13711.856899231198
13255.975031464244
12817.40541464067
12397.755849152934
12006.644395713061
11653.730917962124
11344.822181433019
11081.197413528816
10859.856446205265
10675.941552422375
10519.149939475863
10382.612428188015
10258.989972803516
10142.953693472455
10028.305344779437
9910.841182549546
9786.989495319971
9653.31748806956
9506.46343925334
9346.512513244219
9216.013943648606
9101.068363972514
8986.425024466438
8871.70565559182
8756.629495390189
8640.876471571988
8524.128074182438
8406.099690563784
8287.288156194669
8171.2820989907195
8058.3969839749225
7948.247253520528
7840.700809378532
7735.277553964457
7631.54532474053
7529.1799977401315
7427.837618938444
7327.14789786369
7226.818508900519
7126.560775691433
7026.084597381872
6925.09688213565
6823.300261202315
6720.397463971522
6616.0781298106085
6510.005999383777
6401.835071324624
6291.191605987059
6177.659461130307
6060.765434571325
5939.876354572697
5810.70035630332
5656.546199756746
5436.226956400672
5043.43078852459
4335.660269589155
3536.664323920872
2234.8384091726166
938.815230957781
562.5891018505648
483.2390554948561
448.12756704701167
425.4427395072974
409.13845795348396
396.84889314529556
388.0829343318684
381.4632455296899
375.8339478784476
370.73979303020946
365.96329770363855
361.3936740680209
356.97030383629374
352.6585622628904
348.4377208121653
344.29413642802575
340.2185963019694
336.2044464162549
332.244170511345
328.3395415126693
324.48346847101
320.66985601943236
316.8947398343285
313.1553780440421
309.45073845282377
305.78112154344217
302.15056246808064
298.57046027246633
0.254758066031612
0.3354217446871244
-4.37651408604952e-06
-5.749636897800209e-06
-0.0006478642852518954
-0.0010292627836015718
-4.0098932054394816e-07
4.180091248889893
7.993647418510922
9.854403340443628
10.948431626906267
12.07853926499785
12.910435114178584
13.689552532197192
14.401222201870919
15.311499561829935
15.93202714875544
16.19354395209422
16.464286476928784
16.75294117782477
17.006093766283122
17.12394455618617
17.168575654742437
-0.009237063081520617
-1.1742756204233413e-06
-2.1799131016091514e-06
-5.473983495526753e-07
1.8214287986276572
3.1283003823705573
3.7132789451640016
4.180959498044118
4.601263232069545
4.82871118135996
4.978668472738578
5.126075090929075
5.173695217744674
0.06779297268862342
-9.750386039005583e-06
-2.9065111739229723e-05
2299776.5717984242
694094.707943304
300858.68937024666
185714.58340778085
119947.38138404558
75095.90682040871
45575.94685089226
26378.692948382184
14034.301935777321
8798.474009953943
8103.77498560776
7725.690874524082
7441.779222060553
7239.111904356412
7123.453705428513
7045.581213805193
6996.936720373944
6972.132188184797
6958.789500351122
6948.230498276267
6939.657127162526
6932.946179870211
6926.83100531681
6921.471365357432
6916.733945937696
6912.514618523315
6908.727054270816
6905.300391975508
6902.177486280113
6899.312557403457
6896.668610246811
6894.215278953262
6891.926965053025
6889.781783833154
6887.760729432838
6885.847186086572
6884.026569825478
6882.286054527018
6880.614343868104
6879.0014741063715
6877.438624895822
6875.917994680765
6874.4325807145615
6872.976160718859
6871.543122652225
6870.128372804412
6868.727272251441
6867.335519609011
6865.963929312504
6864.97320851308
-0.019102947486424975
-1.1341867262206476e-05
-5.497716531434386e-05
-0.11120482074714688
0.11361501998543426
0.32039120272371846
0.5307041975134908
0.7111293710967339
0.8810859518556636
1.0312783482031704
1.1703273479491687
1.2923371705983873
1.3781481924938512
-0.0137311880254539
-6.820509604738084e-05
-0.10737797367975777
-0.05571907483578016
-3.700374251512664e-05
-9.645712674716241e-05
-0.00018674790126373033
0.2975644973270017
0.689762080682639
1.040499017845588
1.2450217377478674
1.4290170423477775
1.6739803400855844
1.8730653481255484
2.1491520812901324
2.618681545155287
3.0596691099825586
3.571388867571413
4.173407506933308
4.474707279773712
4.751474055032998
5.008921317062224
5.262548795137676
5.475607175024947
5.655625228635891
5.844163590828885
6.034758353207912
6.227446257519198
6.405503038085307
6.593355065269041
6.644567390934997
-0.00018525774283192944
-0.00012623932345822152
-7.089923800402463e-06
-7.358965028156048e-05
56636.899879879966
24746.620075692783
13963.134080494487
10021.769750167985
8506.144477323089
7804.740041635156
7329.048122387894
6934.383744241804
6592.95141992667
6293.534078057798
6028.902631063067
5794.011005151902
5585.576362314489
5398.486461371654
5231.658408463605
5085.172783009865
4956.762062790142
4839.143073813587
4728.340862941294
4621.106764956382
4514.904095024422
4407.839380564976
4298.510766737872
4185.875923970231
4069.422554602619
3949.494565694846
3825.7003536931884
3694.2711736156402
3551.594637112897
3394.0845094085194
3216.1061780983277
3136.846507823612
3110.4850357875443
3088.544174691355
3067.7921106563335
3047.731291994362
3028.2247878432054
3009.1961228908076
2990.584907014564
2972.3464584181006
2954.444068615035
2936.846463961433
2919.527562218029
2902.4649392681686
2885.6399042748235
2869.0366430089653
2852.6420265385523
2836.4445862860966
2820.4354440187417
2804.6068456041276
2788.9528013904505
2773.4680337901495
2758.1483248105246
2742.990142465069
2727.9906347778506
2713.1481127633674
2698.4599853253458
2683.9255483115285
2669.5432506785332
2655.3121985832036
2641.2316813951966
2627.301018234549
2613.519769857538
2599.8876264096452
2586.4042063780144
2573.06941801894
2559.883193609201
2546.845287507096
2533.955627064811
2521.2143061948505
2508.6214145314507
2496.1773778030724
2483.8821492267643
2471.736350004023
2459.7411046453058
2447.8988792833893
2436.2145340182783
2424.6989068016524
2413.3463081826776
2402.455473154296
2398.4415163398075
2395.883988390899
2394.074499159661
2392.6299419905454
2391.4090181624483
2390.3359135826886
2389.3669003982404
-3.216430382789172e-05
-6.31134350049073e-05
-7.056672191675291e-05
-7.316978063642952e-06
-1.1894185683314051e-05
-0.0005773855804972665
-7.908483713872495e-07
-2.259075731647174e-05
-0.000614115840898225
-4.620832665531301e-05
-9.165773073235953e-06
-1.1169304654006975e-05
-0.0006728043986600516
-4.0640137025209975e-07
-5.981938443544004e-06
-4.4796336085454466e-05
9.5693929404801
11.826954556428161
14.80317220657317
19.25866447923685
25.441025739458
23.256779589078505
0.7145052875817769
2.1712541005329884
3.177827431666163
3.7814066858717528
4.437293727446956
5.185661615586261
5.875067707438216
6.632228518986041
7.5117967121457765
8.54038982069702
9.752226302238089
11.18112977561216
12.74608554284863
14.171611589553917
15.718825990274185
17.443335013531946
19.307915974377142
21.152474505384383
-0.03080389853473398
-1.3957670825713992e-05
3.7881657552096737
6.222816306920736
7.923782737453405
10.026512198887911
12.888614009141849
16.909187672057573
21.226338186089283
2.4652418497986153
3.1101324493410605
4.339788870538846
5.615005194265748
7.543453410271702
9.238962454720493
11.195434303904953
13.614453321505188
16.01907317995097
18.413627533970693
21.22038982541577
-7.759321113064332e-06
-4.917547885182878e-05
1.502275448419717
5.284305154998083
14.552565671096207
26.608571219146967
4.209020870841801
8.807101519528882
14.669021836437107
20.515262984811088
1.933640551557681
2.3070376576667724
2.7779605900305255
3.4105467509781806
4.338272519058347
5.523382133276947
6.725203399764651
8.204841646156751
9.994297761024882
12.226087069021697
15.445767623698108
20.930621547677365
11.452761258896606
13.96609878725153
18.012295319808427
22.52312705747118
-7.144269115028608e-05
1083.9858853520714
405.8495063905595
244.3651532603255
182.23688268994965
158.06056173914723
144.73079339834024
133.3374630268628
122.94206761801469
113.43469162254864
7549.750919309133
1121.5750703607123
469.77781199005204
325.3953874236898
274.43527482466953
244.5195445389036
225.60009789930743
211.68784700629624
200.6357712562242
191.59960583158625
183.83440202467534
177.00302611002064
170.87860478224295
164.921772500083
159.03131258323958
153.22040562998905
147.81368437216594
144.10695566619813
141.06672106393478
138.32253294773355
135.80971045905738
133.4880172515329
131.32766320337498
129.30530991251763
127.40470403268733
125.61179038688802
123.91602588755511
122.30992494426921
120.7883380054571
119.34015127744475
117.95470139827918
116.63761873620291
115.3845323310132
114.1861852323799
113.03763522416119
111.93938768401051
110.88734512108047
109.87388564010914
108.89316305756068
158211.65062596745
32322.32923069574
4172.274502190926
965.5691773492584
334.46024538799514
272.5493955268511
230.18672261941958
197.30844078515508
173.20424783623346
155.30347483078435
140.29312305353648
127.12950152219268
115.78546367756556
107.68266421658441
102.02399511274558
97.45894377129214
93.49063224657073
89.97915557663207
86.83823265053583
83.99064563710303
81.38921901704816
79.03654400295453
76.89292156302474
74.93240409883012
73.12466418716969
71.47688697545159
69.95584637276566
68.5163742816273
67.18227925699514
65.93729745009144
64.83502183107373
64.55957249909255
1748.5758939175832
525.1336102246281
309.9606524201939
233.29613299845508
209.93729633664248
197.25116606178733
186.49257185722402
176.66191832933515
167.32445447941396
158.3116327303026
149.94554525993073
141.9777225228892
134.55714960669147
127.49061134114919
120.72747152848036
114.48867502880789
108.5783431258629
102.90435987723106
97.66939271764231
94.22388711369872
91.76458982455286
89.67713666835914
87.86247572088712
86.8361561100841
86.60930089149713
13994.834883428151
988.9240875282799
311.8802585133576
217.6544500516935
167.27716184930907
137.0233643975627
121.04847054019046
113.16552430282056
107.89303171655172
103.39315183251546
99.31254345013885
95.6326793649419
93.0213894103004
91.13287647114036
89.47172755496085
87.95491722704581
86.52739639712128
85.15480571357304
83.81627578341246
82.49990568635666
81.20042977480412
79.9200022863317
78.70647658157566
77.93186866404073
415921.82415881107
190331.4811983308
99176.17919370756
54778.52505599725
29803.76787804538
14909.30078167101
6398.717502552416
2444.3831990057465
1091.6172240949934
645.4347917152323
474.22688010206264
396.93408730854765
346.8374233293028
309.49734140338217
288.48097223396024
274.1194927215432
262.6298017200289
253.12096546924485
245.1094188640934
238.25431178391943
232.31394025633927
227.1134189447573
222.5228541723564
218.44332245043495
214.79706484838147
211.50672599173447
208.50251910601153
205.73472571877886
203.16851047778812
200.78003966265948
198.5526360544865
196.474596743516
194.53626944746193
192.7302758387753
191.09029922029154
189.60942800334922
188.21209180508302
186.84245046082017
185.46324859134785
184.04931418033098
182.58222728008806
181.0450616189215
179.42068691284308
177.6906034911522
175.83321452910772
173.82346637729822
171.63077465555986
169.22341699399138
166.7513436576688
164.28138979576036
161.7458182132721
159.1166530275298
156.36145150036455
153.44541588389413
150.76688611669644
148.5563774891016
146.53876275248845
144.86991549175676
144.10662065455762
6230.547779023789
1274.9421456524606
470.28507161400336
344.8894827381385
283.89477929521433
246.7487083198367
214.54012949713828
187.32157226530202
163.51928200624045
143.37006616227578
129.5831228649353
118.2338878533823
109.13007637582763
103.30514718887267
99.04173824136754
95.46106216560122
92.30277317748296
89.46089131293338
86.88584415374785
84.54094964808299
82.39611876155227
80.41537673144782
78.58987407507645
76.90231450469469
75.34406244231266
74.2881297875657
73.92517817398641
1390.608941601817
672.5350500699843
457.7313762779859
356.6709687452343
291.9377499611812
247.72858043931268
227.2027210281991
218.7024615979589
213.30330736694404
208.50950972305645
203.78625994739238
198.9933400850588
194.06889335131288
188.9544339430518
183.58864234482647
177.95205343702972
172.6718133822138
167.46740951369202
162.39817892172096
157.3786087367358
153.58860997027276
150.9341618673623
148.3595077764037
145.88150620780664
143.6268177176595
141.6758954688818
139.9685102647958
138.39404459390363
136.8605431650887
135.2994631854794
133.6612993653559
131.9053665667461
130.00077225662187
127.92542917789709
125.65962574530627
123.16774387842285
120.38174814255926
117.25930726145802
113.77520589155804
109.93919837928493
105.81361129888865
101.48103098090448
97.0137574793441
92.89318654445363
90.96663051755716
89.82883825773109
88.8001147474437
87.85832663953623
4646.158218279333
1052.0908858553453
559.6514255707754
421.96365721813544
366.50389333234443
341.1649680155305
326.2674324563865
314.8791973652026
304.1296922434296
293.15917858588966
281.732637947607
269.6180590511075
255.81147838933305
239.9584081964088
223.12761092660386
205.08137451417548
-3.4538556109737213e-06
-3.8022730474825087e-06
-3.189646874960479e-05
-0.0007864215034808159
-0.00013281268814838805
-2.2276264007887223e-07
-7.1887637110676126e-06
-2.1126656461243984e-05
-2.994228011192213e-05
-1.0666909797143657e-06
-8.541004000192804e-09
-0.08166258345786184
-3.4097992031609012e-06
-2.5333204608157484e-05
-1.0525738589749815e-08
9.363844593117632
12.54181734032056
15.196140955957357
17.061137088603402
18.667530074626395
20.445850485479824
0.2528416737043248
0.6599555665121821
1.6246952538883874
3.000841085312939
3.791558515900592
4.3119905246773245
4.8349885492786
5.355835840721487
5.743357223344954
6.225133072706107
6.853357579425574
7.745515151894325
9.040673769032583
10.575901079465378
11.915663604328124
12.937554458490022
13.960213095093138
15.398721758094126
16.504420230387268
16.963239108615024
17.425434186726356
17.94430465002194
18.47454335098714
18.746790500965037
19.059765089244063
19.310828642837773
19.389606014711138
-0.002766560923293918
-5.521114150162495e-05
-5.729960325883735e-05
-4.841342166269609e-05
-0.03366806465947782
-0.11856079657862433
-0.010277105039975223
-0.01196250872993744
-2.45026951419079e-05
-0.0017399629623659886
-1.2538419952168791e-05
-7.417893799909781e-07
-6.612128807310807e-06
-0.00027995639957107326
-5.855539022268997e-05
9757.174173812802
3456.799400352448
2714.4670151478217
2368.883254975392
2117.0678100425757
1876.7512555256226
1631.8880307672612
1394.4148682990722
1172.4823521709552
1017.5996152304273
946.2981365294926
933.539053267066
925.9648777743735
918.6770255791279
911.2351335975806
903.4699650445891
895.2749698983041
886.8278763244726
880.7872490071293
875.8041061386601
871.6854138052378
868.2577280461895
865.4050472568086
863.0226124090823
861.0202542215561
859.323227198652
857.8713002727227
856.6168699095268
855.522278574894
854.5585275666274
-2.0478551454634635e-05
-0.01776936845062109
-0.0008639310486470431
-2.7024191709954526e-05
3.085871203591651
6.410046797009063
9.778370477711192
12.409076710997134
13.807537156035773
14.667290985548311
15.538775633862187
16.182066146356814
16.592817782748817
16.943149805989187
17.347564275253973
17.815266551359674
18.365345898188405
19.018325100401302
19.628355417647956
19.76928310188686
19.866347449021013
-1.5651663466645372e-05
-0.00031660374719947904
-2.2642232880961386e-05
-3.577056708596071e-06
-9.55221408411246e-07
-1.5302052023244497e-05
-0.00040300319503300063
-5.7879596916924186e-08
-3.124005515315152e-07
-2.0093464874918753e-07
-2.337005790524775e-06
-1.1471460421202387e-05
-1.9478931734691325e-08
-8.766006214150623e-05
-4.829629082357017e-06
-1.5978796837632453e-07
-2.0372357240370595e-07
-4.5136487770373694e-07
-5.422784536274802e-05
-1.14345862058045e-05
-1.2946629291395754e-05
-5.478912569736606e-08
-8.572182626308173e-07
-9.852172760294502e-09
-7.351669157295409e-07
-3.7199738090366633e-07
-6.756268348756917e-05
-2.719713470012627e-06
-1.1326640545306481e-08
-0.0015836553242839374
-0.20457507685327772
-0.1866711708058696
0.38115145340805534
0.6000426101415315
0.9455550955533641
1.4058675256829136
2.2135616575564896
3.354410055839493
4.506961286834952
5.719816110238327
6.61116682263212
7.151298578053023
7.655965574978317
8.100681485151915
8.544438274374114
8.997013919515565
9.458080366408176
9.92802671891786
10.39757756320462
10.7683711253264
10.996807131056226
11.202429566753477
11.404801405272485
11.677614043938068
12.046899914875521
12.217075739989106
12.306149352715952
-3.314106276471611e-07
-0.00037050471075618315
-0.0002070227828926103
-2.2763493179914747e-06
-8.947540225788467e-05
-0.012543216015954883
-7.230331988291595e-06
-1.6456703090451534e-06
308728.6188399141
97342.51486518468
36144.054650067956
25021.83323192907
23050.920741944934
21978.606381303023
21239.01883247651
20691.5372698052
20274.98553041417
19951.774637407492
19695.84731884408
19488.54544995145
19316.396380657057
19169.66490653659
19041.37710082797
18926.529362455774
18821.592352161544
18724.051333240284
18632.14403706204
18544.600973144814
18460.55975641203
18379.390453744323
18300.64060858502
18224.00267923366
18149.237706128155
18076.17648249292
18004.68584454384
17934.666033637575
17866.03454916138
17798.732313922468
17732.698970513993
17667.891658868008
17604.26930394407
17541.785268063024
17480.407254793914
17420.102028901016
17360.837108053503
17302.579428370424
17245.305314246878
17188.987067444737
17133.599293404335
17079.096503180805
17025.494074023347
16972.74738332208
16920.8350015121
16869.734199463255
16819.42237045739
16769.886100182415
16721.100849986353
16673.05006721525
16625.690853609918
16579.043196703984
16533.086464912707
16487.801595847635
16443.149224336084
16399.14091281422
16355.754781289485
16312.972702947174
16270.777822531432
16229.162527863185
16188.114150774676
16165.959846062493
16164.446393214317
16163.079565216802
16161.739935718271
16160.416271570692
16159.10534987208
16157.807084617056
16156.520835452218
16155.245765892429
16153.982083367158
16152.72883348001
16151.484766672118
16150.2506412825
16149.025907599827
16147.809944957464
16146.602457545758
16145.403134654085
16144.211707086872
16143.030050076295
16141.851427167201
16140.681830148758
16139.519312326345
16138.363009642235
16137.214457067852
16136.069046775683
16134.93100651472
16133.798428862377
16132.671474990862
16131.550371433026
16130.433000596342
16129.321065818876
16128.213874026904
16127.11125357437
16126.013098956595
16124.920400544132
16123.829220020523
16122.743626072612
16121.662561178708
16120.58340118311
-3.929420009871543e-06
-1.422164435833141e-06
-3.0280384693305205e-06
-1.0462621575293061e-05
-1.2669596690116046e-07
-7.356877680929039e-08
-1.9662167805214998e-05
-1.1302532796642748e-06
-1.3520459477729439e-06
-2.3305758650252196e-07
-0.0002460267224538916
-4.531456262795342e-07
-7.0911194509942835e-06
-1.2525237502122333e-05
-3.769560739461599e-08
Saved complete output: /home/pang/projects/DDET-MTD-q1-case39/metric/case39/q1_top_sprint_20260424_094946/gate9_fail_only_guard_20260426_224426/reduced_fresh/mixed_bank_test_gate9_dense_middle_3.npy
