==== checkpointed_evaluation_mixed_timeline ====
case_name: case39
tau_verify: -1.0
schedule: clean:140;att-2-0.18:20;clean:40;att-3-0.28:20;clean:20
start_offset: 2480
seed_base: 20260912
max_wall_seconds: 43200.0
output: /home/pang/projects/DDET-MTD-q1-case39/metric/case39/q1_top_sprint_20260424_094946/gate9_fail_only_guard_20260426_224426/reduced_fresh/mixed_bank_test_gate9_late_mixed_1.npy
partial_output: /home/pang/projects/DDET-MTD-q1-case39/metric/case39/q1_top_sprint_20260424_094946/gate9_fail_only_guard_20260426_224426/partials/mixed_bank_test_gate9_late_mixed_1.partial.npy
runtime_jsonl: /home/pang/projects/DDET-MTD-q1-case39/metric/case39/q1_top_sprint_20260424_094946/gate9_fail_only_guard_20260426_224426/logs/runtime_gate9_late_mixed_1.jsonl
resume_from_partial: NONE
total_steps: 240
z noise size: (35134, 170)
v est size: (35134, 39)
test dataset size scaled: 7022
test dataset size unscaled: 7021
valid dataset size scaled: 7022
valid dataset size unscaled: 7021
Using cuda device
LSTM_AE(
  (encoder): Encoder(
    (LSTM_layers): ModuleList(
      (0): LSTM(170, 116, batch_first=True)
      (1): LSTM(116, 63, batch_first=True)
      (2): LSTM(63, 10, batch_first=True)
    )
  )
  (decoder): Decoder(
    (LSTM_layers): ModuleList(
      (0): LSTM(10, 10, batch_first=True)
      (1): LSTM(10, 63, batch_first=True)
      (2): LSTM(63, 116, batch_first=True)
    )
    (output_layer): Linear(in_features=116, out_features=170, bias=True)
  )
)
The LSTM-AE detection threshold: [0.00714405 0.00737264 0.00760189 0.00785079 0.00817295 0.00854597
 0.00895281 0.00942822 0.01018794 0.01194939 0.01701637]
Quantile: 0.92
Threshold: 0.008952813036739827
-0.00011072380939914033
-5.2949284564652996e-06
-8.729431127566518e-08
-0.0004968818123129421
-1.1844073037561939e-07
-3.076599482665609e-07
-9.690850133723152e-06
-0.02115372325324736
-1.0577906388108772e-05
-2.0751496946377043e-06
-5.263577177900686e-08
-6.278109627808577e-07
-6.185653019929509e-07
-3.844009956921182e-05
-1.1288835417764091e-07
-2.643534337228013e-06
-1.0591560425985622e-07
-9.795585303203778e-07
-2.2144451402388203e-06
-5.214038913598457e-06
-5.2212475919808675e-08
-1.6280362562713887e-05
-1.0234147086811483e-06
-1.499988275991677e-05
-1.0383284080683562e-07
-3.824960274252012e-06
-7.995230275519677e-06
-8.397691384589273e-06
-8.541895383612485e-06
-3.1958889268853972e-06
-3.435301199422384e-07
-7.03550242723875e-05
-6.405152249861629e-05
-8.107944466920516e-05
-6.329055471209581e-05
-2.3417849628640866e-05
-0.005347749237813555
-0.0001357538415953823
-2.312183652200675e-05
-1.3450166931588508e-05
-3.8896421327464706e-05
-0.0002756998275454943
-0.00013502895646357914
-2.9930138181790678e-06
-1.2490852564443753e-05
-4.902602980568027e-07
-4.16366323598306e-06
-1.5975827616150245e-06
-2.615066929832636e-06
-2.9260797966486803e-05
-5.11408812353128e-07
-2.9412420676390835e-06
-0.0001116330898816187
-2.9549576453119e-07
-2.1040642554805827e-09
-1.3229879509064854e-08
-1.195410134598862e-05
-3.054833861646192e-08
-2.2566651150022253e-06
-4.257765899998184e-05
-3.2158811703946742e-06
-2.3391716015309107e-06
-7.273882611173412e-07
-5.1325538215050625e-08
-1.2650701375205515e-08
-0.0002756825433138851
-7.849212847751792e-08
-9.896020661099108e-09
-1.7040844535454153e-05
-1.389980253016526e-07
-2.984479375358331e-07
-6.360187734829642e-07
-3.916127842899448e-06
-1.102081163179006e-07
-2.5349807245196093e-07
-9.149783384582986e-06
-3.087354219400314e-07
-3.511716015507778e-07
-4.995530210175697e-07
-2.5428206416795257e-06
-1.654400671008583e-08
-2.8597615124377654e-07
-2.1826370106408198e-08
-3.8973259928694495e-07
-1.596107383461402e-07
-7.004490316959196e-07
-4.410477806188866e-08
-9.106339471628419e-06
-1.0083475106534268e-07
-7.993311031555131e-09
-2.6156072206628177e-05
-4.032624332192808e-06
-2.30385556803522e-05
-5.97736059232367e-05
-4.7679668906003363e-05
-3.844357463071989e-05
-2.155317277633812e-06
-3.372605886798429e-05
-2.7432845687773204e-06
-2.810276241253062e-05
-5.044486369143606e-06
-2.5369827406091e-06
-7.738668093134111e-08
-4.3180749412747255e-05
-1.864398863788393e-07
-2.2352025926993264e-06
-5.264464551777755e-07
-2.879060240569922e-07
-1.3131002786236421e-05
-1.770147845835676e-07
-3.761295647529925e-06
-1.6020791778129085e-08
-1.32477481005052e-05
-5.8066881922831184e-08
-8.340669516204698e-07
-4.2201171040508717e-07
-1.4179538127582382e-07
-4.0823693605291886e-05
-0.00013753749271720194
-4.279003752166275e-05
-4.213621506370919e-05
-0.00014253643328337
-4.8863984529286135e-06
-3.6130558512156236e-05
-0.007906847484712612
-0.00011334121058048389
-3.2904505209503005e-07
-8.929773731254837e-05
-7.019583869768773e-07
-1.6760537418274042e-05
-1.8790420504050954e-05
-1.982396818386214e-05
-0.0002843596022547089
-0.0007093803107002755
-2.8451580404385874e-06
-7.050319485756501e-06
-1.4319953752139545e-05
-1.615992874207379e-06
-6.894703419153702e-06
-2.033255429794716
-4.98788329152763e-05
-8.411658391235927e-06
-1.3029783304413828e-05
-0.00019232490258327113
-2.247646833482246e-07
-1.2201108833768157e-05
-1.0735890001255678e-05
-0.0002867310774234508
-1.301818258799177e-06
-0.00042453244371627697
-8.416328896331421e-05
-1.948787549202321e-06
-6.822465758558382e-08
-3.643777645647038e-06
-8.911913338541541e-06
-4.2699757896507546e-07
-4.961435857855396e-06
-5.7706108424679844e-06
-6.110917528880021e-07
-1.0776203992501168e-05
-7.89037775172823e-06
-6.321453185862508e-08
-6.914491254159639e-07
-3.339176194585439e-05
-0.00045464148572941235
-4.567315739349725e-06
-4.126828226544875e-08
-2.897756160717238e-07
-3.333409938426544e-06
-9.357314327495773e-06
-2.1217348949011455e-07
-1.9605278399714646e-06
-5.3742625658174745e-05
-5.6972780317611606e-08
-9.146003734284013e-08
-3.793523014265736e-06
-7.950783748069638e-06
-1.5283123121588998e-06
-3.7268283568865346e-05
-2.8832737820498584e-08
-4.614935418199608e-06
-2.676745946670915e-05
-2.7544415217435565e-07
-3.5867687007069744e-06
-1.8424688378812572e-07
-7.099828080480112e-06
-3.508023719634032e-08
-5.19601703048996e-06
-2.501301935917082e-06
-4.662036235298732e-06
-4.2003141257487086e-07
-8.513615204172226e-08
-8.493920631229236e-08
-3.301859801360507e-08
-3.706615737417605e-06
-1.0802128641576183e-05
-1.7163170757185812e-06
-2.5871831064514913e-06
-1.3735323441062455e-06
-6.349032384112708e-08
-4.839365568003129e-06
-0.0006997620818827431
-1.4642913014050473e-06
-2.439491878361512e-07
-1.4103151674985583e-07
-1.761940511208429e-05
-7.960624435731339e-08
-3.5077285862760053e-06
-6.440744917298945e-07
-2.10991540146137e-06
-8.581945418319901e-08
-2.098570780455871e-05
-4.2129788632739375e-07
-7.365265060423325e-07
-1.0873131189545324e-07
-1.8048680855492435e-06
-2.7710050570406945e-07
-2.0347219233631215e-07
-7.219976082810089e-07
-2.8556338381335203e-06
-2.1405479506781716e-06
-1.2574203377757586e-05
-2.1305097427077407e-07
-6.231815030990766e-05
-1.8870630260441183e-07
-1.4452937150274265e-05
-1.3064730300658677e-05
-1.8048517791123757e-05
-1.930616226129944e-08
-1.041640572830188e-05
-2.017878995252551e-06
-2.8951364655841414e-08
-0.0005732427575420896
-1.2450910945615422e-06
-1.0857019340958294e-06
-1.6378360619005121e-06
-4.826251381020379e-05
-2.9747353020956428e-06
-1.9031451276655494e-05
-2.4040603442560593e-05
-3.672410793450073e-07
-1.5737686172880116e-06
-8.082818585616958e-06
-7.918019029864529e-08
-3.0959678404058396e-06
-1.7932074515546977e-07
-0.0004063539647531268
-1.3372847984811691e-05
-1.3513046474938413e-06
-6.545970794871588e-06
-6.06595332669951e-06
-2.456114966238602e-07
-2.3832701944447427e-08
-1.2263272973001716e-08
-7.460618486677141e-05
-9.255184286710699e-06
-8.971448655397707e-07
-2.8749040134338183e-06
-4.0870937871438675e-06
-9.987515938906622e-05
-1.9310218480207575e-05
-5.567173075056359e-06
-6.121117121200962e-06
-2.456224094026671e-07
-4.0318849308808644e-07
-7.940985908167042e-06
-6.303758108127244e-06
-5.987331556967516e-08
-1.318764485793361e-06
-4.867697272037025e-07
-1.6629904384709165e-06
-1.5002775072193026e-05
-1.216012683448679e-06
-8.463402019761183e-05
-1.691618068928053e-07
-0.00028094183776797467
-4.621373852294569e-06
-5.028129877528095e-06
-0.0005211951797591423
-6.490670097019943e-06
-3.367040024068861e-05
-2.056681671356569e-05
-2.8945626989685643e-05
-2.6095674838612956e-06
-0.0005079465148305596
-3.021429425901044e-07
-1.1493008147663934e-06
-3.210974385947174e-05
-3.070161709964983e-06
-2.9476225353520167e-09
-1.023074247523266e-05
-2.773062955965667e-07
-8.529366199284744e-09
-3.5196331368893567e-06
-1.025631284605907e-05
-6.666212630439584e-07
-2.2995968393091013e-05
-0.00020916531368904526
-4.821422276797199e-06
-7.075871537679042e-06
-0.004648015514215547
-2.305087025092038e-06
-5.575658075030353e-06
-1.1912206170281207e-06
-2.1239087305207678e-07
-1.508633727647511e-08
-3.432014109573799e-05
-1.1350362292557474e-08
-2.7921983334666354e-06
-3.7798181411235184e-07
-8.288460418654051e-06
-2.056540822875981e-06
-5.9331157813961665e-05
-4.705968865232016e-07
-4.644735327798131e-06
-1.0866001614128746e-05
-3.77341485602576e-07
-2.555097401590647e-07
-5.804028769589174e-07
-8.516369394206869e-09
-1.97221558289871e-07
-2.1836567037993253e-07
-4.9866007526205266e-08
-3.994126166110866e-05
-7.063503938388778e-06
-8.837745527496822e-05
-8.512304269254422e-05
-1.2726102735839403e-06
-8.040803656629076e-06
-4.58986462651442e-06
-1.6441220107417712e-05
-8.150106234844177e-09
-5.4365499052408135e-05
-0.00022749058147717008
-4.295779872525612e-07
-8.067890463960969e-07
-1.6190731336435394e-06
-2.83874699761179e-06
-7.3945903953383036e-06
-3.465744446961626e-05
-5.232396612075056e-09
-3.928012885304054e-06
-7.237631883389401e-06
-1.828593778001608e-05
-7.734015320845574e-08
-9.833605933445587e-07
-3.550179864388806e-08
-1.3765985157592868e-08
-5.347791547399133e-07
-1.8968165602089203e-05
-4.628870652036209e-06
-2.4060214359823274e-05
-8.42208076045545e-08
-2.005464139260041e-06
-0.00029887228221073795
-4.5329111887603025e-06
-2.48666134841764e-06
-7.545336638206282e-05
-1.2955226259768304e-08
-1.3983587930399162e-05
-4.5811453696623087e-07
-5.214697554484947e-06
-4.53235325275927e-06
-8.850224640478573e-07
-6.577564388650963e-07
-1.783812908325646e-08
-3.673304838548941e-06
-6.948037026536585e-06
-5.274458565918922e-06
-2.0485392408221224e-05
-1.8767743478982845e-08
-8.52483701992354e-06
-2.5305258536697763e-06
-9.56613731433953e-06
-1.2038872918885301e-07
-1.3066603551516726e-05
-1.2643554341141993e-07
-1.367065736378706e-05
-2.2627540958229528e-05
-5.435680271396661e-06
-2.749799074372215e-05
-0.00029666844148891063
-0.6257052731650488
-8.426497981289107e-06
-6.274805002141337e-06
-0.03101614931451005
-0.00017043861132773634
-2.848681318061567e-06
-0.01976784153414905
-2.500859982321944e-05
-3.76910256460356e-06
-4.960484168010874e-06
-6.5280131559796245e-06
-0.021320307262560224
-3.8759864579554074e-05
-3.879320832775724e-06
-3.6408223002586554e-06
-7.416461100950535e-07
-4.7822430645271315e-06
-1.896569512433042e-06
-1.5890546649680116e-07
-0.0006576086045679681
-5.6896301947799274e-09
-3.2019839834130604e-05
-5.6878478480372404e-08
-1.006087133926074e-06
-6.711068090772022e-07
-9.855216818410122e-06
-5.616422588179588e-06
-4.529692107199291e-06
-4.3429149941036184e-05
-1.3731874935126302e-05
-0.05605587638124222
-6.476080679367037e-08
-5.525335538997069e-05
-6.243375897056598e-05
-7.699163021082685e-06
-0.020646745041596356
-1.4226805449291264e-05
-0.0010625586598065964
-4.561138414021733e-05
-0.000341211966576693
-0.0004530275094366806
-2.8651332173341947e-05
-4.5733552237309583e-07
-1.9545977773695227e-07
-2.8647087306719778e-05
-0.0011421135540044677
-2.2804422278306968e-05
-1.4289953798579084e-07
-3.0233288728392276e-06
-1.4316739747684192e-06
-4.018899295638749e-08
-1.5302836578920477e-05
-9.31985892394391e-07
-5.027662402604068e-08
-5.215034761177836e-08
-8.631407908192616e-07
-1.4149243645128832e-05
-2.82663150805202e-07
-3.1759986288300028e-06
-8.057285048888831e-06
-1.1011196530311327e-05
-1.2461144737126534e-06
-1.7677718539682283e-05
-3.4540353089902023e-06
-9.492032911814766e-08
-1.7703410660182086e-06
-5.222213932274154e-06
-0.00035123469567457434
-9.464657337113772e-06
-4.6096345380160356e-08
-5.526653381344447e-07
-0.0002905811744338876
-2.241957506694052e-06
-3.824681203271708e-08
-3.8420800291298625e-05
-2.5582815016056917e-07
-0.00017645284078656392
-1.7816483035133395e-06
-4.035412056981315e-06
-1.048826397218367e-06
-5.569061233585788e-07
-2.825524692711368e-05
-0.00015184769062485061
-1.104420518977926e-05
-3.52318809717665e-05
-3.970281673473636e-07
-2.115269904366157e-08
-9.76982685898048e-07
-1.558145747666969e-06
-1.3388539676453992e-05
-4.727688101987156e-06
-1.324129941343899e-06
-7.697172166650595e-06
-4.881960631937731e-08
-5.426230038146866e-07
-3.350740080720038e-08
-1.0996023942978208e-06
-1.0089653536759189e-07
-4.3313208228494645e-05
-9.736821914986061e-07
-2.9710738351007028e-06
-2.137162074410949e-05
-2.2639316039136814e-05
-6.028541014737195e-06
-5.6318983236858995e-06
-0.00038701349639399325
-3.848878801800815e-06
-0.0001045024161133428
-4.2604427689744366e-07
-7.853568836522281e-08
-9.899614779868613e-07
-8.120312633630953e-07
-0.00015859015047899863
-4.392057987350364e-06
-1.3853184432073947e-06
-1.160351820970286e-06
-1.3932425540304793e-08
-2.8274314942495883e-06
-4.214021935280956e-05
-8.873451541318718e-07
-4.567374262302028e-06
-2.2033438642960228e-08
-4.060434720958256e-06
-3.810433495634836e-07
-1.159774930424532e-06
-8.917984622566203e-05
-0.000555904265484081
-5.7641293672134485e-08
-2.0555648526309394e-07
-1.280085901062262e-06
-4.270546434161766e-06
-7.64056226513245e-07
-2.6253394049510413e-05
-0.2648007167096495
-0.274409156040222
-1.486057798135926e-06
-2.475272732602157e-06
-6.008972187751126e-05
-7.101363780932743e-06
-2.3066386114121527e-06
-2.809733633816245e-06
-4.3878302380585584e-07
-5.719741045780186e-07
-0.00012038601233616113
-4.1637012409669864e-05
-1.4896593153273956e-05
-1.7141397008472867e-05
-5.074807611421194e-06
-1.305834209668399e-06
-2.137749940485021e-08
-1.9155523957571607e-05
-6.478371320287456e-07
-4.4700537561126114e-08
-6.564984023924791e-05
-5.4266282169492664e-08
-1.1392086981955539e-07
-3.0234246900456014e-06
-1.4190230865032085e-07
-8.198048367746687e-07
-2.7870377730155068e-08
-8.786905441681861e-07
-1.216839245459586e-05
-2.2472218759876186e-08
-1.3959427060648461e-05
-2.6143207861491884e-05
-3.5327464709674424e-06
-4.062890775288784e-05
-5.577482415598185e-06
-4.111334846136069e-05
-0.0013772526415286642
-4.059940770759613e-05
-7.479723889073523e-06
-0.00019904930400176901
-2.858744236235809e-08
-1.939581360949552e-05
-1.0386785867194015e-06
-0.19646061889876573
-0.09629063990890328
-0.10259752580552903
-2.5876252364810338e-05
-6.723631297918879e-06
-2.738534882050901e-06
-1.9849113449574926e-05
-5.860141184380821e-05
-2.727626298247309e-06
-1.0228422132344348e-05
-2.4490011059944916e-05
-3.990208628988512e-07
-1.200820316619212e-06
-4.954187355728584e-07
-1.1344151634650662e-05
-1.4588795822306852e-05
-5.1760819761024916e-05
-9.77416803187594e-06
-2.2288745927400566e-06
-1.7862788438754636e-06
-3.685356490579751e-06
-0.0007150177565934019
-0.000163168245410451
-0.00012584065229307296
-2.053879861474493e-06
-9.858362038731837e-06
-8.952854463341418e-06
-4.133429619155649e-06
-1.2905749784232038e-08
-3.746197809718823e-06
-5.986532904070857e-06
-4.617436853380894e-07
-2.5290963791252357e-06
-1.2658902591738095e-07
-6.161685252064385e-07
-3.319021114114541e-05
-1.7023610711611655e-06
-2.5576420869702008e-05
-2.280042957750845e-06
-5.083185859290397e-07
-2.8927211569456232e-05
-2.312172619041417e-07
-4.2919033568980305e-05
-2.0675548275352305e-05
-2.7379852237522444e-07
-5.794273818117397e-05
-5.1556034350462925e-08
-2.592940276978678e-06
-6.6403194735118895e-06
-4.533160822840572e-06
-2.793187554740182e-08
-0.0001262842535606263
-1.404134220777948e-06
-2.6175107137654406e-05
-7.718903873034905e-06
-7.301054900168934e-06
-9.38098040308114e-06
-4.714898486317482e-05
-0.029301458689466424
-4.187769217279764e-05
-7.165782338859917e-07
-0.11181124384084812
-1.5242330562873257e-05
-1.4402381394581285e-05
-8.239236358982059e-06
-1.0396623425868267e-05
-3.027176495472428e-07
-1.7743829592535728e-07
-0.00018726019035725708
-2.86094793101776e-05
-2.0867001874017457e-07
2.994217825225217
3.7526904306891646
4.637096100393772
5.459633556931024
6.38770098888543
7.576080250781278
9.187652677313116
11.350772848677138
14.201401584436764
17.428035743352595
20.35809656581017
-1.3329380709229323e-07
-1.054411699527668e-06
-1.0973929642308722e-05
-4.747819513497907e-07
-3.185068157775081e-08
-2.0030005417249253e-05
-3.6198010780754526e-07
-3.1800837278307625e-06
-5.414179093106463e-07
106080.5924452275
4572.4006463434125
1729.869006258214
990.5608018959288
803.5625861819791
720.6040388748165
670.1832374948877
633.5931338792963
603.8052228747412
-4.322918885748781e-06
-2.9502401597158715e-08
-6.44061415255821e-06
-6.219348733992601e-08
-4.801816074254121e-07
-5.7660676696400344e-05
0.4440413657652933
-2.0886380830643897e-06
-3.855645358217645e-07
-6.157382926218372e-05
-7.962273334356531e-07
-4.3121811958767296e-06
-3.8890407966192954e-08
-8.062585123033886e-09
-4.423727180560428e-05
-8.479165380380169e-07
-1.004443263693052e-05
-2.210155147904694e-06
-2.4014028402065433e-05
-2.0740029826105977e-06
-6.977903841508852e-07
-4.0232292944821196e-05
-9.904609019738393e-06
-4.209095486296214e-06
-0.00015410490683497296
-1.1357260467164526e-07
-2.396501725401761e-07
-4.259689460376973e-06
-1.4612653344415737e-06
-7.866297953714244e-07
-8.33232202760957e-06
-2.9750952184234533e-06
-0.00015040212641515048
-4.929025222239731e-06
-4.6307077940430624e-07
-5.132114693853749e-05
-7.983250707566982e-09
-7.694954370790005e-07
-5.3248401182072465e-08
-0.0003233259471093404
-6.989482628838912e-05
-5.597810418969806e-07
-5.6960364484840025e-06
-1.5724306632906212e-08
-4.688088099189911e-05
-4.006985029475091e-08
-2.026750927355691e-06
-1.6529602681769757e-08
-4.636849788656366e-08
-0.0002916489260933061
-1.387643576165405e-06
-2.6988430504961373e-06
-1.0582113160004352e-06
-2.6488709099636696e-05
-1.2865203076869341e-05
-2.8070833584450177e-06
-3.510751108513797e-05
-9.085979839544481e-07
-0.0005477088936708676
-5.806411645294055e-06
-6.896874963596387e-05
-1.3082740290027881e-05
-5.658660448371645e-06
-4.803159770853014e-05
-0.00032985966739503025
-4.689712479470132e-05
-0.18300423413718245
-0.20133451596167842
-1.0419322336386125e-07
-3.317098002518545e-06
-4.514136004137004e-06
-4.366800857438999e-05
-5.3007692132789095e-06
-5.670354425326668e-06
-1.861332393170837e-06
-1.3322185205818748e-06
-1.6250415732623723e-05
-7.156625835814591e-06
-1.3211248552745008e-05
-0.00019367515113853355
-2.1934409819594012e-05
-1.4286109651783701e-06
-2.895678076061705e-07
-0.0005065391834254464
-1.1351117451651895e-05
-2.943219108368594e-06
-7.672918419240617e-09
-4.114177047884809e-06
-3.0271449981897235e-05
-3.4291219550012583e-06
-5.347411038450926e-08
-5.5084405985870434e-05
-1.9743890782401903e-06
-4.024409339234651e-06
-1.525028683224789e-06
-3.817923761027085e-05
-8.575991038353758e-06
-3.2250667988146537e-06
-4.082672974464884e-07
-1.846152804863492e-06
-3.128737593154755e-09
-3.4125237433986537e-06
-1.634690078094763e-06
-1.0650256933528793e-07
-1.0933113035803763e-07
-4.484313833412235e-05
-1.0158641790338716e-06
-1.2388120377452957e-05
-2.551024240110327e-06
-1.814142148633492e-07
-2.638427117110307e-06
-3.566737146759824e-08
-9.83254237279214e-08
-7.343038246634371e-07
-0.00039182229380727213
-8.866765304671773e-06
-1.8243480062824573e-07
-8.553833732169583e-07
-1.4193378676019973e-07
-4.221370310786658e-06
-7.14383447875306e-06
-2.3849993243983883e-08
-1.0250843499259479e-05
-7.788735301581388e-06
-1.3913223113670241e-05
-1.408920107784806e-06
-4.272771694798408e-07
-3.861175712412059e-06
-3.0066284500930382e-05
-4.928124830177864e-08
-3.6873634767632753e-07
-1.0775943074987536e-07
-3.7185164152397904e-06
-3.3469061248933147e-06
-3.1520189379647296e-05
-8.987697245165898e-06
-2.830559700403808e-07
-1.555176927449425e-05
-1.8661438016959456e-07
-9.366875143288327e-07
-6.1855873086727405e-06
-7.083624399021978e-06
-3.0077720357030326e-08
-0.0009016013236290172
-9.327265893860864e-06
-4.305063858249002e-07
-3.18938805540708e-06
-1.224563135367593e-07
-1.0004507178751395e-06
-2.78505909799977e-05
-8.405234782712919e-07
-1.594988445547319e-06
-3.1803550412854605e-08
-3.877579583746624e-09
-0.014705704165262453
-1.3973843751037507e-06
-2.615988098353677e-05
-2.9887955592474243e-05
-1.2722422632842092e-05
-9.973668399576144e-07
-1.773238921841864e-05
-6.944522264527268e-05
-1.876170098196049e-07
-2.7954721761608247e-05
-3.369741006539252e-06
-2.5227248347922106e-05
-0.0002992329709284599
-7.135895037013406e-07
-1.019707517795856e-06
-1.2241924270380187e-06
-2.528513944891883e-07
-2.75878597222656e-07
-2.4149737396822727e-08
-2.1377941441858886e-06
-7.176943883466437e-07
-1.967655825984023e-07
-3.933526489206553e-08
-2.4106200309645325e-05
-1.0736929689390966e-06
-3.940752399839869e-08
-2.430898341048749e-07
-5.506722002593325e-06
-5.391044139464102e-08
-3.8853509675260176e-05
-0.00024063529410319837
-1.2063198440078384e-06
-1.8292229039786538e-06
-1.7525262155228737e-06
-0.0003147543550036752
-0.00012515415054295033
-5.16464465349085e-06
-1.4775699875989694e-05
-1.4767602956797501e-06
-1.3644555062057998e-06
-9.15677844033282e-07
-7.186567602601861e-07
-6.402849113891526e-07
-7.766377901859309e-08
-5.343757268304947e-05
-1.746741635445253e-05
-1.2247525871196254e-06
-6.462682345918984e-08
-1.2085146091527092e-05
-3.8350381608109587e-07
-8.757625178042426e-05
-1.390081791731935e-05
-4.8526136596578696e-05
-6.055555173100925e-07
-8.97765212689545e-08
-7.82458125921151e-06
-9.262718939729065e-05
-6.166256887289971e-07
-5.33392204948922e-06
-3.0467084779887417e-06
-4.684994633726323e-06
-8.421234593913514e-06
-2.12191465711418e-06
-4.590516132363086e-06
-1.2520357201187324e-06
-2.8317589275186557e-07
-7.692484563292993e-06
-1.6815407010421512e-06
-3.7441720817512457e-06
-0.00010643087365022772
-3.4134103685939096e-06
-1.6621975759277043e-06
-3.1899785925810487e-06
-3.5904877197170276e-05
-5.439142888317143e-08
-9.951945060532368e-06
-8.410962434822345e-06
-4.442470594107445e-07
-0.0001826049862854852
-4.6383113658882523e-08
-5.7172819411758736e-05
-3.587194255671722e-06
-0.00014386973651646362
-1.1286682170398945e-06
-1.0925019463971087e-05
-0.0011592774682463666
-1.0060902302208006e-06
-7.030812078700956e-07
-1.8372369749894717e-06
-2.823941508449718e-05
-1.0964734652524457e-05
-4.9044391177995005e-05
-6.699025096776469e-06
-5.205796631769374e-06
-2.512545189843259e-06
-0.00012502900267143298
-5.87271144527426e-06
-3.176818386036868e-06
-2.4217657457098504e-06
-1.4253752229098267e-07
-2.1651216662850097e-09
-5.502006556474737e-05
-0.0001768725489123595
-7.959621383686655e-05
-4.835751266390433e-07
-2.981199045381202e-07
-3.6181514380731215e-08
-2.3979292953066996e-06
-1.2108881694826829e-08
-1.5098261658802859e-05
-3.2417780913198714e-07
-5.477782561775866e-07
-2.509062395488144e-06
-1.4943280287572092e-06
-0.0006692447086421772
-2.2407780685224867e-07
-5.03786652583677e-06
-2.772242093477996e-07
-4.288213431712098e-06
-2.28885133650416e-05
-2.829041192390748e-06
-0.000563319068938565
-7.57038014287664e-05
-1.4031433948101942e-06
-0.0002943074225228059
-1.5408763270063966e-05
-0.0014451786608883604
-3.15593079859994e-08
-1.897525578206031e-07
-5.197962001886985e-07
-2.6733688991319553e-05
-0.031850375866107734
-4.641788621408433e-06
-1.9566780597613073e-05
-6.91143440222579e-06
-2.4646471488431934e-06
-1.6146352098973242e-05
-8.072822909871984e-05
-0.3435260176955976
-0.0013241103234064063
-0.0003538575672158496
-9.851085294309612e-06
-7.917772250252278e-06
-6.427351450444119e-06
-7.179706753692394e-07
-2.0611559179065762e-05
-1.877401739837294e-06
-0.00010777428347088326
-4.723356914253324e-05
-3.3061308920802554e-05
-9.231044332440093e-05
-4.717239621674489e-06
-3.334074550606858e-07
-6.400264295630707e-06
-4.538254012829904e-06
-4.140383948819643e-06
-5.688333866042036e-07
-4.300501021942188e-05
-5.964482241906189e-05
-0.00041323399462711303
-3.713286045994257e-05
-9.254406087270264e-06
-2.207448364385169e-07
-9.400678331576628e-05
-2.3164916296644887e-05
-9.21107285778537e-06
-1.8378141758915218e-07
-3.348167874576329e-05
-1.0753554035967256e-06
0.0783064492615276
-0.0010524195417112344
-2.4446577684211543e-06
-1.2697964932095432e-06
-5.156080401594199e-07
-9.154674175955237e-05
-4.822825517667965e-06
-2.218800276442605e-06
-4.452997195062529e-08
-4.7028371601830415e-06
-3.005705665260502e-07
7.630061297289597
-6.46480744979934e-06
-0.0017317953756069418
113673.70029198038
33146.61406604596
7064.319721796807
3185.91045992864
2149.135702934284
1428.3017010524597
1000.1583679557356
804.8605991461217
689.8920845191186
608.7273431386728
546.5795738953748
497.52164969695343
458.23328690230585
426.49604259246837
400.7467968512187
380.06341256671004
363.47210915647435
349.9655213597718
338.78216384476764
329.35990680605875
321.305659439299
314.36691186695515
308.380687486149
303.2128836296868
298.70168890225847
294.6803148864191
291.03548924400116
287.67855132535834
284.54221607901195
281.5758606239545
278.74261839489014
276.0146267940011
273.3706804205808
270.79417606931645
268.2722584886678
265.794422859823
263.35258265135445
260.94008957930845
258.5525135423797
256.1901303903497
253.8987247383411
251.65578633203555
249.46391578770897
247.32786255842407
245.24392340786318
243.21000277149935
241.22046928708727
239.27411901027907
237.37389068908544
235.52600676675127
233.73385330030163
231.9968296222378
230.31421686735496
228.68538206742159
227.10913589242014
225.58264234650255
224.10425685809366
222.66563603246223
221.25929951937778
219.8820591828624
218.53041471947535
217.20195383529486
215.89420357159278
214.60495148040863
213.3324030374118
212.07478694300386
210.8312716824812
209.6008830486794
208.38339944947396
207.17877958238532
205.98791206264647
204.81149926870916
203.65124176958523
202.5068225946555
201.380120416449
200.27275911351208
199.18585809242117
198.1206307478627
197.07826986771425
196.0593972257574
195.06507462493772
-9.403045051083279e-06
-1.4282993412785512e-06
-0.0001850625767684017
-2.272994007359425e-07
-1.6451777341108932e-06
-2.564009311773987e-08
-5.282311951237814e-07
-2.668772369426632e-07
-9.65028667952505e-09
-1.7006314532065234e-07
-5.247325206120259e-07
-4.222143033996155e-06
-5.847456231236794e-06
-0.0002297136639996382
-1.392520603852551e-07
-8.096233761110841e-07
-5.682453525263139e-07
-0.0010421349170380014
-0.00011967469324871297
-4.383612143527548e-06
-1.0326189203856745e-05
-9.27543997855478e-06
-3.063615944290227e-05
-1.3232304967839005e-05
-3.334916402269757e-06
-1.294901128966329e-05
-1.0123596009742266e-06
-3.491991800159113e-08
-1.3184546383614793e-05
-1.4497838032914361e-05
-2.4320386769121205e-06
-5.273177712107823e-07
-5.963649104133622e-06
-1.443963500906311e-05
-3.8294481515321805e-08
-7.742093105318992e-06
-9.69914954598995e-06
-2.6591610895781136e-07
-1.6079669509293926e-06
-2.872870820560794e-08
-5.1386718782185775e-05
-1.7168701366940914e-05
-6.74881182973559e-07
-3.0197643742722356e-06
-2.641910716132222e-06
-3.109791480746444e-08
-2.768634414621282e-06
-0.00022706046374837478
-2.435823746503532e-06
-0.000243288115986307
-1.583253730249817e-08
-1.3723906655555512e-05
-5.741518248234516e-05
-4.5461256431834875e-08
-1.0509939567924425e-05
-3.298381434038324e-08
-2.4509741656650544e-06
-5.994639887073164e-06
-5.271523080685149e-06
-1.2234586310240758e-05
-2.8697575419970722e-05
-4.8160518076319075e-06
-7.417716093183607e-05
-8.992600627135739e-07
-3.636192562143816e-05
-0.009477966245357475
-5.641480096658673e-06
-1.146871442911924e-05
-5.710473025772086e-06
-2.056310298981648e-05
-6.314918727676701e-06
-2.036038028095928e-05
-6.82767096013867e-05
-9.238243676609787e-07
-2.418297257104966e-05
-9.024885997169592e-07
-3.700636928159993e-07
-2.4125325986983254e-05
-8.426076421796923e-07
-0.00017809821613767123
-0.006997184009588827
-2.2028767616207896e-06
-9.952495111898639e-08
-1.3217409660999833e-06
-0.00012204100447290099
-0.0002775165499360533
-1.0192221744827615e-05
-1.0796497648710719e-05
-1.4047466092652785e-06
-2.4471929821011344e-05
-1.1939484423470227e-06
-7.725385827893423e-06
-1.2118845517260954e-08
-3.686615944621635e-07
-2.3842648926216256e-05
-1.9737274729129627e-05
-5.26632095505118e-05
-1.5047866417685862e-06
-1.465023795462661e-07
-9.333384244730758e-08
-9.95254022665135e-07
-2.2329572895880777e-07
-5.788462443274809e-07
-2.4343789350615986e-05
-6.651645898644085e-07
-5.82377325718229e-07
-1.0455842356837812e-06
-4.1034006490144877e-08
-7.2104173799925186e-06
-1.1087813616347129e-05
-0.00013858501566001052
-1.0991606411446648e-06
-4.551563955008819e-06
-1.2139888059337752e-05
-2.5454060341364637e-08
-2.5449995457984706e-06
-5.796421482517773e-06
-7.84586676149931e-06
-1.1493835547924245e-06
-9.872662103567382e-08
-9.469646407866185e-08
-0.0002960288607866797
-1.3325341525225932e-06
-0.0004605562767609681
-1.3353305175838378e-06
-1.204379855396014e-08
-1.9623256704590173e-05
-1.457611086274343e-07
-0.21686635891177156
-0.006422186549173975
-0.04672630435708927
-1.1031563231508086e-06
-4.978143109442966e-07
-1.2134557362571961e-05
-2.353716956197011e-06
-1.6424726262656701e-06
-4.996350289833947e-07
-5.294395784025469e-06
-4.032156426697051e-06
-3.5489636000452175e-06
-1.4236445121014685e-05
-4.289457597175333e-08
-5.7026472035463046e-06
-5.0933023823562785e-06
-9.987406616967067e-07
-3.0876656816419294e-06
-1.206568611533835e-05
-1.824109446027316e-05
-1.5013500353029773e-07
-2.9799887158185727e-06
-7.371930506476486e-06
-7.361432759090198e-06
-7.462754680647355e-07
-3.954277704086837e-07
-1.1029082372774725e-06
-4.0511885527906005e-06
-5.4728419005100336e-06
-2.112781235108919e-05
-4.761425342360483e-06
-7.737703166263821e-06
-0.00010590158632172773
-2.683088365719109e-05
-4.4990250662004385e-05
-0.00046444572254625293
-2.3747756450605186e-08
-2.5253340462508947e-07
-1.2755142743557367e-06
-7.489905989095378e-07
-5.962520703109045e-07
-2.8573862546841323e-06
-1.088135165204381e-06
-4.311902900954945e-05
-2.6247600015223644e-07
-8.096423069211447e-07
-0.0001460234046744847
-1.8907688194144043e-06
-3.265210161665456e-05
-6.0348584007458145e-06
-2.9505774772689983e-06
-2.4373641168939063e-05
-9.361861233039695e-06
-4.33904307281324e-08
-6.5540043883124345e-06
-1.429014945694326e-07
-1.4327135409880136e-07
-1.1493885497875577e-08
-2.338768592139892e-06
-1.3487541232004177e-07
-2.7137644763761936e-08
-8.700966929064363e-08
-3.878468597910978e-05
-2.67802083715495e-05
-8.55882956379973e-07
-3.412714249115614e-05
-1.5013229638069112e-06
-8.103392372150111e-06
-6.988675679444792e-06
-2.6458990285049284e-07
-8.48753140841824e-08
-4.046689630811786e-06
-2.9747826298385093e-07
-1.80003535941951e-07
-6.227787830092628e-07
-1.8491984498293072e-05
-1.5862528810642642e-05
-5.3762483025709283e-08
-2.8302089424845822e-05
-6.160002323619063e-07
-2.3536284521593338e-08
-1.1979384745224112e-06
-2.940011795035924e-07
-0.0001590031168767784
-2.8218775228971827e-05
-3.6065611605476242e-06
-1.061411238487499e-05
-3.361500865875954e-07
-3.821140873706188e-06
-3.533544943530272e-05
-3.8119759905308673e-06
-3.529550756813891e-06
-5.837931767975848e-05
-2.506159028366773e-05
-1.5471641336625462e-06
-0.00020793096623585537
-1.2764208514575156e-05
-2.4634037832892054e-07
-7.287268232542737e-06
-9.752847110177332e-07
-0.00011812985166188258
-6.194155283675448e-06
-3.135957161822499e-05
-0.0001262893294357301
-1.3928912225523086e-05
-7.997772983249925e-06
-0.1489066642963511
-0.23668953699135953
-4.48969597794649e-07
-3.378647398934311e-05
-7.745701950500578e-05
-1.6729685493009946e-05
-3.024586069017791e-07
-5.6269307071766756e-05
-3.0383094933250253e-05
-1.277667384863172e-08
-0.0020432170700705487
-4.6444800623580815e-06
-1.6864994106240964e-07
-1.1391315379281315e-05
-2.2940875339690845e-05
-1.163735278379535e-06
-1.1749471878641648e-05
-1.52967474845321e-06
-4.049136008088375e-08
-7.3311544672152145e-06
-0.00021806825259946869
-9.433090395658946e-07
-5.624559251402236e-05
-2.111842236576719e-06
-2.229635712168416e-06
-0.00010419261102555133
-7.1836318147177e-06
-1.3015165658808808e-06
-4.211652451839166e-08
-2.8489460079792384e-05
-6.804414344560371e-07
-3.567911145245582e-07
-9.9793540529718e-09
-1.0026780722773904e-06
-8.68002043412295e-06
-3.24530560131707e-08
-1.5794084808340405e-08
-1.066448482324172e-07
-4.3991882022891825e-06
-1.0770893118565043e-07
-4.665218511283529e-06
-5.786857710269891e-08
-2.5729516609922717e-06
-1.2043092768640658e-06
-1.1096836662430419e-08
-2.260849891147446e-06
-4.8471892628559485e-05
-8.440275976441305e-06
-4.407875163545396e-06
-5.997218708171034e-07
-0.0006532141849671842
-1.0309445300958851e-05
-3.2025015047982734e-08
-1.2604264484356551e-06
-6.697400474984792e-06
-3.127302072091464e-08
-1.3980148762752033e-06
-9.923135512046213e-05
-3.281851693315277e-07
-1.1108800398686625e-05
-0.00023942392540839025
-1.3725590807286234e-07
-1.7483402165111564e-07
-4.8706494197814484e-08
-0.0005409942512475338
-1.5043360254639696e-06
-5.343897524173534e-07
-2.6044302674658764e-07
-5.3914716887926625e-05
-5.538662763749406e-07
-8.353858881540568e-06
-4.1969007942955046e-07
-3.0399847256950226e-08
-1.9080006643821496e-06
-7.012362644967737e-07
-5.960777048726269e-05
-1.1302888621095721e-05
-1.3257270257238079e-05
-1.2585275312399803e-08
-6.516426161596607e-05
-1.7040783544911672e-05
-1.625438690749135e-08
-3.299371499600514e-05
-3.633081165594395e-06
-5.441238542726988e-06
-0.0055774373030498875
-4.5800392397585415e-07
-0.0027432026391238894
-0.0002011444007630935
-2.3022076925427868e-05
-6.127234756703291e-05
-0.00022837854362925096
-3.396171324286286e-05
-0.12276747976751767
-6.102745177312285e-05
-2.3985944190586697e-07
-2.5887715073029707e-05
-0.00023554162206601946
-5.4827972488043895e-06
-0.000265617954189452
-0.048160897217254965
-3.577499471854156e-05
-1.1572433445995798e-05
-9.38233010972324e-06
-1.712847378791352e-07
-5.616091636758492e-05
-2.1749032315597063e-06
-0.00022840656479458513
-0.0007164715889758428
-1.4565923576496492e-05
-1.1208455805717816e-05
-1.4681517445318656e-05
-0.1895923695729645
-0.19301365021310588
-2.714350162079969e-08
-6.785027709228341e-05
-9.975091926519472e-06
-1.946042868191726e-05
-1.3413435335362609e-05
-0.040962963192570194
-1.0612598033747995e-05
-0.00020914288932405653
-2.7826580629671795e-05
-0.9102330924731512
-2.923257765071048e-05
-8.607819127508844e-05
-3.344959411812381e-05
-1.1272954796713274e-05
0.6464854474164571
0.8092030089807878
0.8744716456188949
-0.010416906206005912
-0.00010329804339141443
-1.3220308233173779e-05
-0.001181479586116599
-0.0056034109298578804
277471.31822696683
12206.200949387783
6015.868935672059
3400.6156470302344
2352.3315544878656
1991.3712100932444
1838.1106786422545
1721.9286142095234
1611.8546481767364
1504.5268734927736
1400.2694749977404
1300.4072527104483
1206.3757313121796
1120.9561185675834
1044.1351833652316
973.9075451299243
909.1437787882853
854.4964841632636
807.7195333665265
764.5781042452304
724.9385841529125
689.744959653857
659.6492110491087
635.0550028603507
614.9009241758141
598.5855288947151
585.4673148674422
574.9397296484755
566.0713748344704
558.3145354429124
551.4363295599378
545.3273125801102
539.910089392374
535.1144999371787
530.8678206445738
527.0786269361232
523.6688643311712
520.5774781251293
517.7545722502817
515.158901150212
512.7558860062463
510.5163928706782
508.41613431274163
506.434768053832
504.55515771809246
502.7635583110974
501.0485367337709
499.40050537738045
497.8125284513196
496.2783338990977
494.79378694671533
493.3557617792934
491.9897246089961
490.73236890726116
489.524566099836
488.360236865184
487.23809545492026
486.15717961361054
485.11642920501816
484.1146937624584
483.1496151572741
-9.665797468760825e-06
-3.168629782877648e-05
-1.6419847844442084e-06
-7.948230539190429e-05
-5.2366638826310434e-05
-6.228382711410686e-05
-9.424228558903087e-05
-5.9979710134352095e-05
-1.3755372306925421e-05
-8.610949607355564e-06
-0.0001326029526942743
-4.716672066454964e-06
-9.071808203136124e-05
-0.00010022880857141222
-1.0245007791104512e-05
-4.161100928470423e-06
-0.0004276720501719537
-2.1149919931769067e-05
-4.259285703537311e-06
-2.8061214551250218e-06
-1.4681916339098538e-06
-6.476748258718569e-08
-1.7538118823371278e-05
-8.908015286332101e-05
-1.0374796550214856e-05
-1.0458565788909534e-05
-2.03620437892722e-06
-7.781976304762248e-05
-1.2747283498010654e-06
-5.001242077657041e-07
-0.004092899390192177
-0.03857323949309262
-1.617547310262573e-05
-8.460615186333893e-06
-3.5332726563246466e-07
-2.5176208184209015e-05
-1.2234148668933428e-05
-0.15761766895205354
-0.00017496067570759629
-0.00016949110386301662
-2.2183005780622855e-06
-0.0008465754381485509
-0.00017006138413987906
-0.007259478521979381
-0.00016299701948285707
-1.2999523185122963e-05
-8.050463965275368e-06
-4.069525723645752e-06
-4.66533846425736e-08
-1.5342545148987197e-05
-0.00010293907521295568
-1.0917684288431119e-08
-3.8249866138844306e-06
-1.1007865972793642e-07
-6.064813215417406e-06
-2.1830502796830483e-06
-1.9809490007365297e-06
-7.070221919251943e-06
-0.0001232990165877437
-2.9314646965338274e-07
-5.308337773676291e-06
-0.00011080607920023691
-3.606867162360905e-06
-1.979063772651637e-05
-1.829732558067855e-05
-3.699613245154272e-06
-9.492428937809679e-06
-1.282792050982004e-05
-4.022310848901955e-06
-1.1878984284262994e-07
-8.178436036022995e-05
-0.001357562236501726
-3.0936241003539057e-06
-0.3734480233563611
-0.6954990946211994
-0.8338131662181746
-0.6145855962494332
-9.539202456099716e-06
-1.7802595145291972e-05
-0.008524905625656267
-3.963797579685225e-06
-1.734475122786379e-06
-2.8455104265225016e-07
-0.2583339725422649
-0.24102159204033552
-2.3167790866757876e-05
-2.675383845416991e-05
-4.573685482223354e-06
-1.8418717090335126e-05
-0.002680329901930068
-3.0832571422286596e-05
-0.01932663225351095
-1.1275996817450355e-05
-8.543592329321377e-05
-2.708298889467255e-05
-8.743385998778706e-06
-0.0038352548979458147
-0.00021025915179411614
-0.004464775365225768
-0.0004189945149240504
-3.248009490330685e-05
-0.01446153556498844
-0.00013593551365558983
-0.001400675848563626
-4.909667651959605e-05
-1.8247582545072307e-05
-4.303066594895549e-06
-1.7817854081024815e-05
-4.446769007898008e-06
-0.00018369259094007753
-6.626390612971319e-05
-0.00020542778268161936
-0.006765361622054051
-0.003570847731101683
-1.6910617822993318e-06
-7.304864329472239e-06
-0.00010873007002180751
-0.01381860775480657
-0.0072948513557014195
-0.0018242723146802225
-0.0002453119424316575
-5.44243442498932e-06
-0.026854822702319887
-6.851985419439553e-06
-0.00023526251394969205
-1.1587373698661968e-05
-0.00011583627011305244
-2.0010571933056182e-05
-1.1126404914873116e-06
-6.132822703848699e-05
-3.449374076570342e-05
-2.4205614249603583e-06
-3.674087346364395e-05
-1.741982318575388e-05
-1.1239074598039572e-05
-0.046181036079443315
-9.870568791028539e-05
-0.024360808940370314
-0.01819409772006503
-7.877717672907069e-06
-6.335464982266432e-05
-2.306423416263833e-06
-2.937529045322371e-06
-8.147946640862964e-06
-7.949785230602855e-06
0.14512757513337388
0.3176176501636357
0.552514697913713
0.8201802451478867
1.1154305124817583
1.31357701221319
1.52421919322135
-5.219364189532304e-07
-1.8042248604136166e-05
34.696973404109386
-1.487366419091186e-07
-5.6715804169714646e-05
21.921231343178256
-9.487706600996395e-07
9.246050166295609
38.648987432372735
8.809493863497979
28.79245681847184
6.503718368302414
20.102173258807557
-0.0001113020260929724
-1.7723589575012125e-05
-2.1804666464021645e-06
16.877119520721934
104.70303268641234
16441.11699945959
2402.774527021005
812.9301453756946
500.9310389541774
340.8861385441303
233.75955610958226
154.217623980548
101.64952895982715
74.41521528022062
59.56644916042235
51.06361110085968
45.62413961881648
41.783815795525115
38.8062049783251
36.39309059334504
34.51152268745295
32.97218032917143
31.706841230411257
30.646541675648294
29.720345007065507
13108.993649706299
5099.840185961617
2022.9203218262737
1013.7614933574837
757.7126477435041
609.4166413947752
506.23886989674946
426.6108455324663
363.8517566962747
313.0731140730867
270.56965054567615
233.5996529570623
200.31859736145816
169.34087079760064
139.7067226270544
111.77717651630456
88.3574829628841
71.7842946889525
60.63038570741193
52.79067145211396
46.935780746179006
42.34648335821159
38.60926573798776
35.449092011748334
32.6816275486232
22484.952022661542
6795.877058202919
2064.7246043985365
1055.540782356671
701.0730319002845
569.6748824429568
520.263076117333
495.524340473619
478.4644045550767
464.67306007328057
452.7813785257059
442.26544662048667
432.8415930269957
424.30892671420304
416.4964044321355
409.24078572494614
402.38214462761516
395.7707426217104
389.2821738856418
382.82630195069896
376.3443550142965
369.80058747841065
363.1733088708864
356.45065422299075
349.6253892735472
342.6942032708832
335.65686309327725
328.51562211109683
321.27532014203655
314.0316375197225
307.0802505570782
300.36657227443106
293.7085022164408
286.99543417300805
280.2221888144953
273.38919179354144
266.4994540892302
259.5564574007951
252.5656638076481
245.53308853156375
238.4653270933467
231.3719646172013
224.60514113464916
218.052811597655
211.4708990005515
204.8566307229039
198.21407509558827
191.54847002395562
184.86578067283614
178.17293938028763
171.47743857866195
164.78806660390296
158.11414255683823
151.46678667080857
144.85752238311832
138.2993954359963
131.80682317563537
125.39523253091424
119.08147041946488
112.8838386280871
106.82103240780204
100.9146010552321
95.18402519757065
89.64053342751272
84.27066161596122
79.10286224740157
74.21603281998176
69.6239141022735
65.33807008269237
61.36390063537752
57.6719906731546
54.22663493369275
51.00999632788011
48.00929438524531
45.207958694251815
42.582063091976615
40.099043233078234
37.71771208634364
35.38973602766994
33.0627179914044
30.692143730303737
28.259834983666668
25.791087796223508
23.37257098042988
21.11202380382563
19.139776850485564
17.46722184242482
16.040038440699963
14.798867955428543
13.698383584405805
12.664593572696468
11.721887392102875
9640.035131560679
2430.4913999043247
928.7564571596229
581.9867083607014
458.72244346617606
391.9881320243457
359.0646909220125
344.5827902048809
334.6854883708932
326.0992489509497
317.9450341386364
309.8522474035068
301.6496356136363
293.2428449320103
284.55677165231936
275.50872004589235
265.9721504152903
255.75622311254787
244.6358039037593
232.62232619976683
225.74098795907767
221.92542396105713
218.7894667810115
215.98320869148984
213.3621254483563
210.8360117227382
208.3439888599168
205.84473633773715
203.3083518397845
200.7132461505038
198.04334661500357
195.2896867426344
192.4711785759193
189.56552564199325
186.56561438681422
183.47482477428548
180.29855570342247
177.0440808805277
173.7193549432534
170.40903280043375
167.27847735547962
164.24092943709925
161.29678853162213
158.4489068609092
155.69680617300597
153.03661830772904
150.4610471009385
147.96102967708745
145.57284837592698
144.4246399783177
143.94015526733867
12197.361665550041
4029.199585201596
1205.5928477296357
808.4493917731354
715.2889098814393
668.5195227448843
15551.499558250282
4622.313658236956
2379.9454987155027
1698.6232514531923
1404.0036170497085
1259.5223316600875
1172.5973791777335
1110.8117258311167
1068.6784846214268
1037.4620935848072
1012.1270320815196
989.9469945559714
969.4427203804029
949.7641545663965
930.8668090423523
912.8611476586424
895.4361534970561
878.3309765287696
861.496022636945
844.9474018216068
828.7555592854483
813.0471826847055
797.9772083892186
783.6766595765657
770.1975429589797
757.4989461582226
745.4836899096366
734.5161039360379
724.3699128584451
714.6059609181624
705.1690663558165
696.041810147427
687.2486772509469
678.6303453885185
670.1201517868739
661.6595679518371
653.1833241042374
644.6246840135699
635.9157493105785
626.9849904631237
617.7580913580147
608.1516080965614
598.0694148257434
587.3955652026068
575.9807091794987
563.6239437325829
550.0387752476672
534.7915359647075
517.179309660183
495.9626154902749
468.72513627691313
430.2705060809306
369.7912652708472
281.94457527963937
200.77754442475114
151.78467633599757
130.96143500640193
118.35503796106063
110.02086469908073
103.96040880926769
99.17430699720639
95.28084680428316
92.03386049032237
89.1716176606635
86.61182208834406
84.28578535856883
82.15939817722864
80.19337484599716
78.36714839358498
76.65810108890635
75.05149386791197
73.53423339829362
72.09619049446515
70.72803256350103
69.4228758045029
68.17447577297335
66.97900315902659
65.8303228366076
64.72485416967712
63.65849147754226
62.629032902487836
61.63446187137021
-1.0725207655693243e-07
-2.975930295871954e-06
-7.625630326723353e-07
-2.233580650265536e-06
-1.4267776368216802e-06
-6.250060752993326e-08
-7.634486307533601e-07
-1.5427864450700532e-05
-2.503236178600639e-06
-4.372226366591161e-06
-8.54662214795854e-06
-3.6054118025113564e-06
-2.6196690357323613e-06
-3.3047244988245667e-07
-5.726392258862824e-06
1.096112495305074
1.9912965674357104
3.160859780613618
5.116891936952968
7.935874889677126
10.814158890284345
12.527639765209669
13.354340387292503
13.85043586849286
14.333807109516723
14.800073631426677
15.278475765765636
15.776972151606719
16.290625097101568
16.913497680427124
17.648588703437063
18.304792074332582
18.925637301230434
19.532731097383554
20.126429725991823
8.005838548004025
10.782235129384645
11.869439270894317
13.104697044778824
14.743848601961705
17.44831359447071
21.538583267621625
0.45551383781572446
4.996507738871877
6.266014883560546
7.084541181421302
8.052994065673849
9.078044869656372
10.22323580722233
11.419122302547224
12.691262888748321
14.110720438617763
15.753750369282717
17.77986752166469
20.226222911203706
1.0218517383167787
2.080359372472335
2.954328856816458
3.825264793918376
4.681799425070304
1.8859765077535253
3.450512989589839
4.06131209568913
4.860714178468614
5.894919226849571
7.222148163050935
8.992503273536721
11.390903581586683
14.854013341239309
18.644981569921438
23.452389093365664
0.7550758992351727
1.1411558805084778
1.5002853133852803
1.907583588595173
2.3726532351741936
2.95763552661911
3.7098759342822953
4.676025827587177
5.881977048329803
7.3300206583554735
8.870062190314735
9.692984507923368
10.199531131318388
10.687466271945057
11.140329668136754
11.583297154408127
12.033374949476267
12.507464503181206
13.018025984156168
13.556801471792273
14.087654779261946
14.679456596301065
15.348057653024082
16.109399345459924
16.982633683469178
17.98857000885708
19.143144403783456
20.252358758298403
-4.427655925448794e-06
-0.00039894069043715653
5.5041846858079895
8.192780535011897
9.736317769015427
11.383166179831951
13.191506139083831
14.741465492882789
15.653617757284067
16.314976710138215
16.533784076109818
16.69083486350916
16.85077377552381
17.01047171251646
17.17524578679257
17.341964597533366
17.513524800979614
17.691914081508493
17.87699561692642
18.028064677326796
18.12429363419866
-2.3305789757868916e-05
-0.0005724476410223693
-0.00015907632388588894
1.3677257824623736
3.394627168519501
6.047069547308087
8.655399453366705
11.274260156826232
14.054590088148329
17.330571577272767
21.52395352247742
-1.1950277566444061e-05
-1.3479925240939883e-06
-4.4335219297718854e-05
18544641.85890378
4318670.980133649
512858.6834437292
107936.87784739352
35512.072774329434
17228.752838903627
7929.85547659504
3971.5055640602654
2669.0771707758295
2161.1273670390087
1859.871961116365
1650.4353575370951
1492.7336602265218
1369.4714242470407
1269.318529971406
1183.6711110339704
1111.3706855682558
1053.759517891142
1006.2915243085146
965.5495682752339
929.4127987968174
899.6442021560836
874.9140625778055
852.9475405777144
833.1263132993007
815.0307944259208
798.3197408261049
783.0591585127216
768.8830661406478
755.3797861629722
742.4517013514586
730.0183344609422
718.5730575817774
709.9353318212715
702.4031620761342
695.2407251486948
688.1677923869993
681.0310054732387
675.1304440655401
671.6000945232759
668.3270047294641
665.1977899746933
662.1985627072185
659.3183831263997
656.5478190562862
653.878552831846
651.3031753700492
648.8149875947012
646.4080055420842
644.0767626172235
641.8163601818485
639.622266470887
637.4904522035039
635.4171344448195
633.3989567364457
631.432781556433
629.5157874876523
627.6452896834606
625.8188915394709
624.0343469429902
622.2898553073338
620.5835827684622
618.9130570169266
617.2765153684863
615.6733778883757
614.1017830243146
612.5604731593112
611.0480412616419
609.5634526024575
608.1055557071456
606.6733084989229
605.2657449410043
603.8819360394303
602.5210443881666
601.1822490151943
599.8647577172935
598.5678592258387
597.29083209173
596.0330619279893
594.7939119101637
593.5727877703645
592.3690643337551
591.1820511229184
590.010991918807
588.8553144990187
587.7144019354798
586.587974369647
585.4756788067826
584.3840278978956
583.3111649479627
582.2513153171302
581.2040953859836
580.1692010881575
579.1462675728583
578.1349982459941
577.1350861549894
265104.6440437883
35991.89586472176
5431.158390474337
2507.7402117429433
1512.4128095730027
1005.2705632664637
766.9973015513842
676.6441898227783
639.3070561592158
612.0612243409998
588.732854175312
569.4914779922672
555.544636125836
545.8895033729341
539.5549487054702
535.7609541604302
532.5287868797328
529.5831834956713
526.8276562269349
524.205066027524
521.6758137561611
519.4462598928733
517.656860121163
515.9540262828372
514.3117214976332
512.7204799266856
511.17264947075404
509.6613073228866
508.1806357097361
506.72532356319533
505.29045061719347
503.8713843142408
502.4640908892855
501.06439507111486
499.6684178384132
498.27251439957456
496.87306821921663
495.46653286257936
494.04906604585534
492.6169781566605
491.1665345740349
489.6940809332366
488.1954091573625
486.66641485114855
485.10269035489506
483.4997118545355
481.8528597505141
480.15683378698566
478.4057622875704
476.5941025118205
474.7157420362636
472.7646477514502
470.73390329052125
468.6166858130922
466.4060879700277
464.0945967992082
461.6744416816716
459.13799385714896
456.4777580346018
453.68616768515915
450.7556241178567
447.67873765278085
444.4483167205977
441.05636458253394
437.4956383656232
433.75843301892917
429.8372391200653
425.724406477108
421.4110597770489
416.890030856571
412.1532261023582
407.19354863138744
402.0044359697385
396.5808448813122
390.91901606604205
385.01850331519364
378.87980072680796
372.5074935125937
365.9117135307862
359.60077931058237
356.9962022010292
355.42992971775686
354.0572140880183
352.7157281357196
351.38921265317634
350.06793350766196
348.74293897023324
347.40594147367284
346.048622942141
344.6619707163423
343.23624221402576
341.7596690106123
340.21974806989334
338.600489040888
336.8848942062712
335.0511774733081
333.07392264189684
330.9214324715681
328.55589798374075
325.9309590122123
57044253.60531549
8980165.204672357
598706.8981199992
133214.7656372497
18111.523205455287
6830.15359185867
3861.871348725536
2800.1925249234014
2528.4489002176774
2388.251722781564
2280.956058388679
2183.5261963389075
2091.616755436797
2004.0779753665117
1920.3002326427586
1839.8431536562755
1762.3666401464486
1687.6114219447325
1615.3862767671237
1545.5396146042885
1477.926384458956
1412.525501121345
1350.5038496730194
1291.2750628373908
1234.2310698568454
1179.3241818969457
1126.4928782428121
1075.3386190690694
1025.4775894596219
976.5791212618204
928.5907176466361
881.3298060432975
834.901698358701
789.6636530540909
748.0337134669111
710.8797744913048
677.1767011966077
645.8699662546197
616.4387951823352
588.6999998331369
562.5403810134652
537.8733155846561
514.6299506466778
492.73760516703817
472.1276881828759
452.7512513039196
434.54626875356536
417.44847686814524
401.39786641732036
386.34493492266546
372.2420038420999
359.05033195548145
346.7537360041997
335.2945656290115
324.6040071803598
314.6308272957339
305.3408761712046
296.69026789794077
288.6354374822918
281.14391642836796
274.17543652190045
267.68803903428176
261.6484997309347
256.02757217493036
250.7971796056525
245.92294978199115
241.37621173172445
237.13607487273342
233.18189743876601
229.49219794914683
226.04733452427578
222.83151354244032
219.8403299677503
217.04322105729543
214.43376717729203
211.99686465109073
209.7196561419961
207.59308636309893
205.60782165526493
203.75259511282266
202.01589278186205
200.38906166471523
198.86709009307518
197.43902388787595
196.09905074916514
194.842513997791
193.66308616443138
192.555179764014
191.51533956457072
190.53341755166068
30666398.671217985
2873943.7718627215
864236.5656585206
121092.59649410326
6980.797255796455
2886.6781417464867
1766.8651760764185
1469.6476296786575
1331.1853724175253
1241.641074840862
1171.2530771810277
1109.8987984987311
1053.0135236882704
998.8846444594028
946.7649349640916
897.8296353873942
853.815640099478
812.8692432827021
773.2750261130221
734.7160565030699
696.9900131928081
659.9475154448761
623.5034370298864
587.6553599816076
552.4917488134777
518.1923000752031
484.984121343298
453.1578573959997
424.6730603567026
399.8424571443244
376.89887519998945
355.59234105801283
335.85409036680227
317.5242346925416
300.54217233842303
284.8025007548508
270.2302224745517
256.78177887926563
244.39216170896995
233.00354444571116
222.55212872137218
212.9803332980135
204.2306727978974
196.24718457431172
188.97628070304094
182.36722864253554
176.36663820931284
170.92754636191324
166.00333661858184
161.5559696000955
157.54037467486444
153.8879684638675
150.56373240028114
147.53372185035744
144.7734889953315
142.25799398024682
139.96387980518017
137.8671053024101
135.9489234277879
134.1935811662768
132.5835684295882
131.1048570411286
129.74440017742748
128.49124765057687
127.33497574310104
126.2677313915844
125.28130884240808
73509983.65711854
9187401.956262903
2233542.954984705
292222.0051980007
83196.78085181111
33008.05027581916
13231.527655420676
6573.217236477071
4092.0508062081603
3024.5477462917775
2442.408995464218
2036.9755016381862
1740.5947401993553
1517.6059016484387
1343.5852612223593
1206.1405320847016
1096.0233876323853
1006.0176451199274
930.5298722116792
866.010103391761
824.3536714529134
797.1565139767229
773.7984725845198
752.6013240423183
732.852843361723
714.1370316222344
696.1904416106298
678.8339362772793
661.9353483077776
645.3926274708043
629.1298353297785
613.0970581668412
597.2774954923241
581.7014065051321
566.4703116835472
558.6348939530147
552.237669336964
546.294214213061
540.7436503608409
535.5538420697728
530.6991752800145
526.1570564959416
521.9062275231724
518.1428214117518
515.6405754344429
513.6857091053031
511.9670498878176
510.38784299938374
508.9097577226239
507.51510760408576
506.1936929300798
504.9392548384575
503.7465916665896
502.61124250966867
501.52932889699724
500.4974380975134
499.5124843682873
247866.6757443108
20489.19826118564
12036.460671942288
9711.994349734923
8021.3391104633865
6767.237024049964
5845.016027047346
5346.044789421091
5094.334760258071
4885.1896995552615
4690.394328050229
4506.937912129899
4331.045797742421
4161.021522145652
3996.5440664824955
3837.4369613376093
3683.56480879165
3534.8091424980385
3391.061104123372
3252.212574727094
3118.157562610841
2988.78630974464
2863.990100508561
2743.65906636277
2627.681797221761
2515.948823561011
2408.351883064822
2304.7958116280047
2205.1484714277863
2109.845645746163
2018.8830927013873
1931.6197742240263
1847.9172284969711
1767.669348173943
1690.7745071002196
1617.154116790144
1546.7120643793594
1479.395423789627
1415.2794284245465
1354.2367162319824
1296.1055557957943
1240.7376315749893
1187.9984378490979
1137.7657556899142
1089.9283470294388
1044.382894578399
1001.0356890168763
959.786141348293
920.5439838587245
883.2271500404461
847.7591307903826
814.0681303757858
782.0846067169931
751.7428937053004
722.9825205700499
695.7688915111769
669.9870420550926
645.5729924953919
622.4755868015727
600.6444950091592
580.030619661163
560.5862220814761
542.2639030315011
525.0173268653353
508.80085446593534
493.5697731934572
479.28017899423617
465.8890183247164
453.353768813176
441.6327978601882
430.6857549261852
420.4726805686485
410.9546349539812
402.0938224503215
393.85330406673455
386.1974831050342
379.0908064091584
372.49989686117084
366.392160715258
360.7361642509238
355.50206360431065
350.65951261057234
346.1812645480266
342.04098201965974
338.2141615785927
334.6770142623209
331.4075370270016
328.385067772995
325.5903837488492
323.00519516510525
320.61252286682077
318.3964699561778
316.34291534451387
314.4382331746044
312.66983476970825
311.02642820005923
309.4974912944291
308.0733295100698
306.74522694290124
305.504851768356
-5.350460901686132e-05
-3.018786168425558e-06
-1.9827391286728518e-05
-2.441267658645955e-06
-8.238927793072926e-07
-8.041489676774808e-06
-1.569047783470139e-06
-3.829404660953434e-05
-5.036207933459429e-06
-4.651258695690946e-06
-2.159486866563931e-06
-4.4915216421289265e-06
-7.341698619799032e-08
-1.665401021832551e-06
-2.1849057809369888e-05
-2.4826035334070613e-05
-2.7162749174472752e-05
-0.00043395114147536015
-2.3411969281113035e-06
3.0856689825457666
5.185782639576678
7.801271019661679
10.332902079001059
12.125986877633173
13.460041613454393
14.365979541778524
14.85098551515479
15.168280008426272
15.385753799617117
15.58684134148518
15.795882410972728
16.01550624513442
16.250859612000333
16.50824919799058
16.80027845854534
17.14505903804615
17.486770347320174
17.735755458561602
17.88413637883992
18.037639861591558
18.21462427783266
18.41402233447754
18.636051384475003
18.874544696468767
19.120509812064462
19.355473590988563
19.548346091249385
19.665156991547565
19.728618520012738
-8.056480389686532e-07
-0.0004225937308347905
-2.0898425012642986e-06
-0.00024092669400655243
-4.775120223510844e-06
0.4062578598764036
0.645332204525337
0.8025114434817348
0.974815933715202
1.155924039623292
1.3566815591762356
1.5793243898808615
1.795025167686755
1.9929045439801465
2.1671238565555444
2.3626349537238007
2.58568628592181
2.8432542302544026
3.14483564689973
3.489232744352399
3.8549655461171035
4.306475724701738
4.877774265913668
5.610346674363845
6.457682874816078
7.232595797665572
7.826959750206288
8.244965475677963
8.517971301742667
8.730500404195341
8.985682832325429
9.330701835377466
9.79719177284067
10.117808212588795
10.417164670018073
10.71833469624785
11.027396768941708
11.34771592085344
11.650679235680705
11.948811239933288
12.252035629256849
12.56116761244063
12.878214010307119
13.203876685303179
13.538870665781289
13.884503118144243
14.240804617250477
14.592627241496006
14.919882902011949
15.291550018390367
15.616196303152917
15.931846442167272
16.251991937806306
16.578460319178877
16.90684316669391
17.24706904912412
17.539812019131006
17.728942700481817
17.780194528346435
-1.1643719589253142e-06
-1.9429169886169465e-06
-6.390966582011273e-06
1.3540234232014579
2.508852956980671
3.362160850011257
4.03495759123722
4.7461340694496545
5.5466219627541085
6.439059110916571
7.335576095465437
8.2588310251308
9.369514634128127
10.353666292138525
11.219793121775757
12.184597206836917
-1.6731917895095815e-06
-0.00012069194177352993
108469.05991930512
13496.145007645744
10026.006309846149
8044.802355926549
6755.887731695037
5836.18859870032
5133.250551971252
4583.65207021196
4152.34784471481
3803.5857717333474
3513.584455286437
3264.0585924180828
3037.8415429305924
2820.6484522722753
2604.3304347867497
2433.5885971896846
2303.916148451219
2203.611379235395
2121.7614951304176
2050.2447781774354
1985.0764332720887
1922.852527953819
1861.9595035361
1801.5113729661648
1741.6193660618278
1682.529042029114
1624.0728422590926
1565.9703702525212
1507.9107883800107
1449.5492391500318
1390.080983694684
1328.587352398877
1263.762336310701
1196.3814227420364
1146.4422691491482
1105.3227659570841
1065.6828831284147
1027.7779853540615
992.465606975848
960.5778590881253
932.5001501257179
910.0444373549501
893.9382978302614
883.1950636915266
876.2029273193604
871.6687899584201
868.3288756074448
865.7011059465653
863.5518595649083
861.7484302386637
860.2055074639592
858.8639846828418
857.6797787593314
856.6198604280333
855.658880689723
-8.802677318401242e-06
-9.02292958385122e-08
-2.2696992065472844e-06
-0.00025077863827929807
-9.391417248191057e-08
-5.065696566299187e-06
-3.3855570108432367e-05
-6.976001747136734e-08
-1.4502140299033565e-05
-1.6171402248111886e-07
-1.3378997595882547e-05
-2.2174525676538125e-07
-2.4918146254924815e-06
-1.2492704029018549e-06
-4.295850145879332e-06
-2.8577507470797613e-05
-4.97868850951579e-08
-2.4996117506643324e-06
-3.459280549920924e-07
-4.190361596607942e-06
-6.8202681737000755e-06
-4.774614674006792e-07
-7.118171263993679e-07
-3.079529168669493e-07
-3.922453634246006e-09
-3.7136132769831094e-06
-8.943899186834882e-07
-7.163987432742712e-07
-4.630068585808694e-06
-9.991009805976353e-05
-0.004801113653857709
1.6176548999048483
2.2454679203972567
3.03530804447542
3.9370954052251887
4.438884501448217
4.9169654249044585
5.282707150816093
5.638151054120695
5.911612775444265
6.117624029336167
6.332828493571029
6.514160420124283
6.677359589579472
6.825450798057961
6.944544009343912
7.078656465935125
7.214075677712012
7.314701241332145
7.362046839852489
0.3319742470111395
0.5001748005613785
0.5930031389181462
2.718515401319775
4.463288320619039
6.164879659944394
7.439943255687992
8.368944457975603
8.899726866869257
9.213464826609144
9.455077582014166
9.694248439851274
9.932763320898196
10.153164253887217
10.36667139050401
10.56929352711704
10.760059004507218
10.902255911437752
11.005815644343231
11.123194368825983
11.251331640124825
11.391491833210779
11.539217011872724
11.70336808788974
11.883641240364563
12.079527279181075
12.286110041365777
12.502704452044657
12.723998473289717
12.946697316253168
13.15721224255167
13.344153199025975
13.401814645576888
-4.5205963937232286e-05
-4.524245181839218e-06
1.6460732505657374
1.9938998852812242
2.0766268931797787
1.611110779471567
2.0370964860732257
2.5901731699321267
3.1339609880870007
3.822042790499888
4.566181722776111
5.2717295037642495
5.456012168926769
5.678263864621927
5.979198224779735
6.3494835861160555
6.666259711595929
7.0112073124133385
7.4914426485502705
8.266509720271964
8.848145422162862
9.2001496740441
9.334441904169875
9.422579213298086
0.8221270656072653
6.306829277447382
8.888549698881777
10.046284274499953
10.16530522547495
10.258450089346344
-4.7790996226470006e-05
0.0741633075511801
0.9153294000577635
5.248547969261528
8.176220719215173
8.798855026727436
9.128273723553797
9.32221337295038
9.596384241626565
9.765098149639874
9.981056440989294
10.240867448207476
10.3535568190108
10.452092066277567
-2.130879213475817e-06
0.0957850223402553
0.2770415886828657
1.2135425113337868
1.5857725100838465
1.9943884943024974
2.4404912036671473
2.938915767707246
3.503140415089667
4.04585517950525
4.5626359724274135
4.966252820489816
5.284344276716253
5.709417508306332
6.303655594228705
6.816249596595895
6.871447808992161
6582448.057801055
1981933.7084606779
267157.8943300986
5716.2070712899
4830.4671320333055
4549.077306258741
4396.320049534005
4302.595032311914
4230.16183778733
4170.522230001157
4117.538768825883
4072.803089217941
4036.295278286211
4006.67209541296
3982.3271679862687
3961.8694009464352
3944.273193123133
3928.673346673205
3914.5295027275424
3901.521102713073
3889.426011600314
3878.0810656584667
3867.3706992916023
3857.195655273382
3847.4831523080675
3838.1804822786507
3829.2777678003285
3820.7472037232947
3812.5783320383885
3804.7967626160207
3797.4856879188087
3790.863527273454
3786.577270020765
3783.871812181716
3781.6974956107197
3779.731675669601
3777.9012518373825
3776.189310818741
3774.57164292738
3773.042332396304
3771.588808841247
3770.205044030023
3768.885208181469
3767.6221231309137
3766.414889696364
3765.2571625901205
3764.1454569762604
3763.080585737541
3762.0579548147693
3761.0671783537528
-1.1359216398619895e-05
-0.00026381056107926227
-3.883713657084789e-06
-1.6376071234627806e-06
-0.00014581038495770616
-1.0235707629501995e-05
-3.0828021068982405e-05
-3.6085240838187006e-06
-2.0817537238375463e-06
-1.3659538987925477e-06
-4.897629928881164e-05
-7.846093075736677e-07
-2.2942211431888982e-06
-4.1139540763186595e-06
-2.191892732593422e-06
-5.0643802409332246e-05
-4.618567373318033e-07
-1.2440045265085277e-05
-2.1161380630888156e-05
-1.5153049009106366e-05
-0.0007459661043708325
-1.4693729052141756e-05
-1.1319255681717222e-05
-1.7264465344347944e-05
-1.9071685312008546e-06
-7.009172827940884e-06
-0.0007096807037380856
-6.709164926831911e-06
-1.105337175182371e-05
-2.614665984959372e-07
12.469485272012202
23.24412286363353
-3.121576579150558e-05
-0.04013321569012559
1.7199164630236212
7.582707861301606
11.260639226598316
16.090197716657027
20.455033449258178
2.050460814077792
5.990528347713193
12.546290932840678
23.08235819323542
3.9095417246883386
5.732739023873407
7.976803575629615
11.168440576221206
15.417632575514535
19.571615928154586
22.84215338729255
10.565027146568758
14.051209094497032
16.904661866437777
20.49541510039381
-7.220573979768465e-07
5.474997271258834
21.98428165572889
2.708101289858704
4.281066746404612
6.564250024057975
9.980589959214452
11.278994888600339
-2.911796260602736e-07
-3.4534136323415476e-06
-4.691582472798383e-05
-0.003182152564561327
-6.56148830359872e-06
-1.5005501162685056e-05
-5.467935550470903e-05
57115.275820610244
878.4293046598484
407.81555556823344
259.46506916554966
193.2567542145566
172540.46320172295
36621.766378969216
1393.5849681446389
550.8042542899491
321.2243535710645
254.49586245951528
223.4342830649606
204.13120498534528
190.38723531240637
180.23370938923028
172.51631311697824
166.59182118630528
161.80804116532147
157.7392180547044
154.2087222158604
151.10560435768713
148.27534902919476
145.77146495528586
143.42679012650675
141.2464150980793
139.2084724931314
137.29331319414203
135.47749228671708
133.74014492116225
132.07260229442076
130.54939434834233
129.1372729564786
127.83432414051308
126.5838558200518
125.21134742185708
123.9180241614455
122.6806693662552
121.45786161710642
120.38677127699299
119.25299528399889
118.10242948611833
116.9528732917051
115.81932164901369
114.68821621948517
113.54911764431259
112.37695851786599
111.29674528196905
110.15583819695824
109.01268243387064
107.89681185089081
106.76696013609418
105.61838591023307
104.50838319372018
103.36889550461075
102.17528046095322
100.99248348970957
99.82113562490832
98.69149836974091
97.59461088556247
96.5046997168451
95.41235971917752
94.3733332740371
93.336621698943
92.302381979418
91.26298849431626
90.21733789832362
89.1987033089647
88.16735609122844
87.15422913301424
86.13610417041457
85.1170988819693
84.10785473278656
83.08687030073919
82.0587028752335
81.04457407389455
80.0137933329456
78.98171567406952
77.93945769506722
76.89956117239711
75.85339662657836
74.81318429944744
73.76753022860863
72.70029206400358
71.63356973514523
70.55540744149917
69.4692848946712
68.37824388558815
67.2794194634802
66.17371718148938
65.05505029979741
64.03249815871293
63.18737558935282
246291.0704646208
6593.43965351696
623.6245762694175
236.26562446080746
145.79328561707476
118.75431551262055
105.61352194770038
96.95059806231932
90.11057880964516
85.57408095048399
82.22651578446346
79.67662259018496
77.60499367859116
75.84106222643585
74.28050387450855
72.85663699771577
71.70300077898203
71.02072970814977
385960.3096406921
116438.74851133999
49123.30360921588
22363.670700060087
11469.491802839639
7470.129117403178
5897.750109427721
5063.5199807084
4391.43554571914
3737.9104898868527
3029.6643767370756
2195.277144418137
1416.0307245512045
932.6293666889678
739.9662113303111
633.8229332126945
575.9237887937561
536.221689494561
506.31387007960933
482.21289550324997
461.2523262206975
442.0994761207066
424.3570918509833
407.83650658613584
392.4210925610728
378.0213372669165
364.56806508923734
351.9837820485944
340.1659177789995
329.0465268840518
318.54687178152744
308.6114466577823
299.1994095567199
290.67676489215603
282.7186462934293
275.0934259677904
267.77157151323894
260.7148271838481
253.8932021173396
247.28027304522385
240.88281003558902
234.68206458672717
228.6808119998262
222.89660172782848
217.36843382449763
212.05922171856696
206.96077875770487
202.07232799697996
197.39316335665038
192.92648338983642
188.81662783655912
184.95311145683112
181.2430931568531
177.66611957599807
174.2303905766108
170.87071392441027
167.63123477402362
164.50575535239284
161.45073675850105
158.46748892176097
155.58954422275275
152.7446017138283
149.96478515330588
147.25449328538335
144.61595734762665
142.01313371165313
139.46317800305098
136.9573892180348
134.5073684903516
132.09102756674807
129.71364343507065
127.37494478736743
125.07555672685054
122.81680766034636
120.54427389550268
118.30953703681497
116.0858581177379
113.87534480562117
111.65342893551687
109.41492226771614
107.15298179340964
104.84393535983806
102.43968383105687
99.94801729658509
97.27253613556135
94.37646440323816
91.12276084339086
87.44878776122944
83.36401284609306
79.14748702084106
75.13045950977046
71.56012248034158
68.57420951658253
66.17193781666472
64.24042745844082
62.65558414540327
61.31064387544442
60.085672182730356
58.97691225942868
57.92670597352037
155323.78836843616
15496.541331127746
1002.07979125911
575.7115789685239
434.89516860617886
355.67908014353185
303.7094846434873
268.2502055397972
239.170932538021
214.93195874481034
194.79110409065174
179.283449047339
167.8059221474563
158.25350198681673
150.24778297730307
143.49655958338028
137.88761312372569
133.30984243363457
129.44537950154157
126.04706078441569
122.94384053966812
120.25164111423194
117.73525076157699
115.41144553532517
113.23498301710333
111.27450494800357
109.48373053907223
107.86294989825716
106.35526239722735
104.98594157744596
103.7365572873957
102.5948328990631
101.5536589918964
100.5971808351033
2408.5015040821154
907.3095299467695
507.2101186922258
404.0740062858381
369.83025777917675
348.49684385872513
330.5047662784418
314.7228830218266
299.7708165737948
285.4477730496703
272.81912922446037
261.57755044464693
251.62106047503022
242.79700059656008
234.7642952325414
227.2634247431202
220.15495776359938
213.40203517992575
206.97394757748756
200.84854245559106
195.01132840525284
189.45197615014752
184.16093598808789
179.1286685361363
174.34578888270335
169.81571974829149
165.51734466444898
161.43343858326037
157.5493610305714
153.89239560109056
150.38086626300546
147.0407897413789
143.8388986174824
140.75214893693487
137.80684802113524
134.9852493077268
132.29856931298914
129.69345129483992
127.21724674651401
124.84438740240562
122.57326161639293
120.38997857454471
118.3175590454841
116.32893911358403
114.42678281611438
112.60462357556698
110.8545876826223
109.18411418783332
107.58121445064266
106.03941468247326
104.56950723241637
103.1655754966037
101.79678372306277
100.46879817581161
99.24764258347128
98.02489627726223
96.89251192503735
95.80515978201713
94.74156629652981
93.70541138226693
92.73663840029974
-4.7133801068066795e-06
-6.0147404817958464e-05
-0.0002628211234822451
-1.1045521180259144e-05
-3.8855662243473525e-08
-7.974757022993644e-07
-1.888118346277815e-05
-7.455754838052074e-07
-4.4403100714014715e-07
-3.5670749075014674e-09
-8.736869518985407e-05
-2.0942237640080603e-07
-1.2111642746416924e-06
-7.686022371374683e-09
-0.00010216206042331476
-8.990871823041203e-06
0.7329092027704488
0.9064641206226121
1.102014795209383
-3.438145242697077e-06
-1.2950706339493693e-06
6.127363105471449
9.166792687472539
12.403401302511481
16.199461235604495
20.891558683039403
-0.00010666270314008875
-0.12480294516752191
2.4769718417036497
5.459569473657646
8.198892581204095
10.219669213775063
11.367266356337792
12.179470686428045
13.65181539979652
14.353735931260614
14.868276825424655
15.09175411113054
15.214019717314342
15.320336606103815
15.41633657344612
-2.738388615296368e-06
1.4471189034099787
2.8842257594798477
3.9692428941178766
5.307571392314154
6.550106620981316
7.655606650926449
8.254441123517038
8.571098225466882
8.830440845325677
9.012616241108026
9.18388999114998
9.363367311212889
9.549032006799461
9.742474287515998
9.94414541349147
10.145704316605828
10.35507753030512
10.580252604176588
10.824161414797729
11.090832343189776
11.382792872089814
11.679947736746215
12.045745565965754
12.474208827389255
12.943492899841814
13.198354279356712
13.26383078404914
-7.634214538216956e-07
-1.0720198347692755e-05
-1.2762628328142583e-05
-2.901176028319383e-06
-6.497690024512615e-06
-0.004450946303038966
-3.862250558017131e-05
-5.859720934320891e-06
125816.32629829245
12203.630150722405
3254.0849373564815
1473.200342667149
961.0906602883564
828.2702116529373
758.837824937194
719.1119678961671
693.4096769234659
674.396796724262
658.7004368549466
644.6567295411074
632.0085789436466
620.438140361596
609.1772004396811
597.9799612948386
586.6042028556378
574.7797739442723
562.1735626106711
548.3447958210338
532.7978830624546
515.1926615943312
495.81650148093087
476.24473889388844
456.28444236103104
437.3138689696505
420.60236357710943
406.9037282120179
396.58707565187035
389.15942891329826
383.54966530390936
379.1373808987105
375.3438562530581
371.9451475501056
368.81366584164937
365.8539562825203
363.05032727370894
360.46745210117564
358.1957122234793
356.15518965513417
354.23421353457655
352.3952146686237
350.6119738310552
348.8661784845055
347.1469135944216
345.447195303166
343.76280173037986
342.3695454005776
341.28146663858666
340.2042087039901
339.13592307529876
338.0759688848649
337.02426045844425
335.9801924666337
334.94448459379714
333.9169656603656
332.8977802520295
331.88709838238617
330.88508837179006
329.89188341380765
-2.532343924138679e-06
-2.154354375659142e-06
-7.707351074899266e-07
-9.464849230718704e-06
-3.3031766098521636e-07
-3.805860931880919e-06
-1.0397887889192486e-06
-1.5061222103368947e-05
-4.0551886350599736e-08
-5.099385313530565e-08
-4.9129447232834523e-05
-2.9046726482598685e-09
-4.093391813227802e-06
-3.0398793488299365e-05
-6.861590404370355e-07
-2.22181980233513e-05
-1.197515133137215e-05
-2.2531016210032453e-05
-4.002069565831457e-06
-5.338095942233499e-05
-6.6709686721997e-08
-1.5402496538527325e-05
-1.6063288694368938e-07
-2.3415934580790523e-06
-4.9317628322708163e-08
-0.0001016587998012118
-1.853819673662361e-08
-1.4509242772103915e-08
-1.864221905292358e-05
-3.5412670900042646e-07
-4.026311156042708e-05
-3.130013363899102e-05
-1.2657016012644947e-06
-4.360023810781655e-07
-0.00024207917537404753
-1.3757844553080917e-07
-2.5159451403030563e-06
-3.227155625971653e-06
-9.729725193922877e-06
-1.3411951899630753e-05
-5.1467811528448466e-06
-1.6627140109930973e-05
-1.1712048478053032e-06
-0.00013417415491008395
-4.981268110070722e-06
-6.890314779801326e-06
-0.0004413374255659811
-9.501130312411915e-07
-3.830729599404194e-06
-2.223634340658651e-08
-4.292366759653528e-06
-8.215488561818434e-06
-2.656792495524494e-07
-5.254446749256782e-07
-4.7429193591195405e-06
-1.5182167468478733e-06
-2.7572606261973468e-08
-1.0068576563011451e-05
-4.528433244725418e-06
-4.514439125224067e-06
-2.5660277269081464e-06
-6.46837496509387e-06
-1.8268584918856665e-05
-5.6665156211711576e-05
-1.7893788230120995e-07
-0.00010577456192014505
-4.561733551842892e-05
-2.605416475107878e-06
-3.74686318095099e-09
-3.4711211841248683e-07
-9.557480928599548e-07
-0.0002810527429767623
-6.158496987871901e-07
-5.991390673440644e-08
-6.621456353103041e-07
-9.671526191274312e-06
28.104673002504637
-7.513630599473111e-08
89.28026333885039
-4.340687098728467e-06
5.530281148323384
10.692802497848257
15.826525119763561
23.1451220577317
-4.042523236332448e-05
-0.2575656124288341
-0.260935116089401
16.099536930126366
52.68989963960643
4.256143753062787
9.246701557551384
14.826608325792026
17.91617682210813
21.32324879847214
-0.005782512846913354
83.73445130515378
16.475362908881582
31.418103776347312
18.976433060552036
40.37095950247031
0.556143537517955
1.0430358957215293
1.4159140421423373
1.6804852655222184
1.990718143607343
2.350519599784262
2.819654966959223
3.5524466888759267
4.63731910995403
5.611018928282911
5.7342614882953375
5.825964264540962
15533.250893065926
8251.392370243404
6085.590109017372
5004.411390325911
4197.533648308234
3583.8105974311998
3101.3821871834057
2686.9533152443364
2312.695255206278
1963.2581361186583
1636.8153188970812
1349.570256354279
1145.9999329323982
1040.6215923473862
977.0472014310772
922.2575825131776
865.7871678919532
805.0365861319239
739.9243270045157
670.960053239981
601.346887795098
542.4540571249847
498.47079270254625
461.6176944246676
427.7045233112382
395.72586031887107
365.9529209897691
338.07954504812875
311.9825380017621
287.3092529522866
263.82324071300894
241.22802907038496
219.28788797372832
197.6391298225202
177.1996031481374
159.114349328825
143.7161252861104
130.99256461010208
121.86983404265708
116.52728412430857
112.67168437348064
109.52581991683404
106.77431446776538
104.26575561041062
101.91354590530953
99.67054757759944
97.5139966901632
95.4362545419955
93.4426245018231
91.53979158456761
89.82568356681061
88.7265802009198
87.73190285131456
2677.214008824679
752.9792210058547
464.3504797855405
323.27909416138846
247.1089422621539
205.5158727541465
182.7207445330131
169.23474241566228
160.01583158282753
152.94909992186723
147.20464679605425
142.37835614937651
138.24988771044997
134.66933219177488
131.52782282630014
128.7472347048426
126.26483222687301
124.03714067430727
122.02047477295697
120.18584597926653
118.5061827067369
116.95830647736696
115.53114518768658
114.20784072782737
112.97831052477167
111.83291998446447
110.76099332347898
109.75729095365482
108.8153211474581
20552.90461259002
2852.7734934949985
681.8985794755283
453.9391055011383
391.9260902824009
366.0787998719483
349.3561129625785
335.3564413687117
323.5452224943508
314.63871855848646
306.3449238448323
298.33309877984624
290.5914588616364
283.1396652949305
275.99053028491323
269.15300555581047
262.61605799437643
256.3984812037282
250.54452646255703
245.02630908913716
239.81696253443766
234.8909482976277
230.22526772142322
225.79874584669264
221.59200770366922
217.58720301166483
213.76850730204404
210.12205431636642
206.6361057697523
203.3010090001155
200.10916027747663
197.0547795137155
194.1334057151359
191.34120755996273
188.6748301651925
186.13100130312762
183.70463575052543
181.3912300576479
179.1805810685545
177.05983281222927
175.0173719972988
173.04180969212265
171.12221477889935
169.24845562046065
167.4115641612443
165.60496249235314
163.8246042612052
162.0693188644038
160.33956365525307
158.63705857762795
156.9484121660693
155.2329323832217
153.4613019711953
151.60551905680705
149.63141258353613
147.49917471412996
145.17900535270942
142.64916565631881
139.9298420420286
137.08110674062377
134.17745217940356
131.28762760869137
128.46831475132524
125.76454545001059
123.31354849845441
121.09204513640624
119.01549109528861
117.52568711795709
116.72854926439362
1933.3297679979019
724.483371043745
511.4504229362774
404.2692387028281
337.1511640439566
294.52238002232906
267.1540116229744
248.78467784461077
235.47314081462955
225.51686841266311
217.09129155878836
209.21645395087054
201.80642648611703
194.98566720732202
188.857728093907
183.54024443191696
179.7380158224129
176.81869499449942
107413.32191321015
10580.715283245709
4800.51756534268
2648.4673266470186
1842.7489358596001
1524.3835910142914
1361.4080533793633
1251.5386607982628
1163.179132465449
1081.7228516445791
999.9014816635342
914.7639749162461
826.3357600338296
736.5301882220587
648.1763606628817
565.4764557601352
491.06248379255754
426.34282617978965
371.0244155563462
325.17529288197665
287.0355121419334
255.32079196121987
229.7863418377503
208.05850812039526
189.14942914610486
173.3877161040013
162.4229320575657
154.24153339397716
147.3134345567221
141.12035201038063
135.39826579726298
130.00035933128726
124.84390254460874
119.88402247776561
115.09955704556248
110.47444915266873
105.98309379853093
101.61040402898666
97.32133028948363
93.09574114738086
88.92102714746586
84.77308829087002
80.6554391512697
76.55437724417679
72.45973188884373
68.37334869112942
64.29214260448288
60.212188757068425
56.15628337860449
52.15219370995201
48.23276495391596
44.44721966596185
40.836994109546964
37.45389024191031
34.25351199729144
31.21211922869568
28.306068863029047
25.553648263219053
22.956354840507874
20.5198232641547
18.25035403300903
16.138110403086014
14.190099086582414
12.944623861198988
11.937945036461945
11.174364460385746
4894.756631581021
605.8103970562569
344.61123594491426
241.0372988973961
195.50550318457525
176.0506340464499
166.51822861979048
159.57821278855903
153.30491596853818
147.33910345137923
141.60285144213287
136.07739824196705
130.74054885543973
125.59537018659641
120.63905628110669
115.87077952106007
111.28162204052025
106.87714290908971
102.65412647113982
98.61347480382385
94.74963212028182
91.0655323995826
87.55666109497679
84.2203554760484
81.06277282630792
78.06920179017345
75.24611558801246
72.5821244744232
70.07830991741737
67.72572035136126
65.5237051162622
63.46266194770267
61.54784304331313
59.75486033098888
58.09381026696954
56.5483334828199
55.12101618682196
53.79077670130725
52.52089468025515
51.300630710291244
50.128670231914974
48.99692939092961
47.90539492750793
46.85927626777382
45.85278163645155
44.88266182660795
14958.329586409089
2933.1557081477163
832.2743979969083
501.65239526050533
361.11191546662013
301.30865155810994
272.021693119128
250.7328871581917
230.9782117408539
211.44142199542992
191.51133153375437
170.78346462277517
149.11121521510222
127.51578586499392
105.76428997463073
85.20980832389179
69.38988758992247
62.20925941594143
58.635072084598924
55.70116253770251
53.162670997886295
50.90509835942338
48.86929452318184
47.031049073588356
45.354036890155605
43.79319829305432
42.31751364108672
40.91701383595124
39.58543069226454
38.32241837185294
37.12081811408213
35.97361408318405
34.87727245830712
33.82771586072903
32.82556081864337
31.86303892549218
6534.75976077883
1086.810783756701
372.98428454374704
251.5264352584198
214.5433638712517
201.47160192471821
193.95900575449926
188.05568268574135
183.00102757421467
178.63872136520573
174.86733331672653
171.60782750666186
168.7820216033466
166.31490377606292
164.13868862526024
162.19504153039324
160.43596754783533
158.8232538988082
157.32688469733975
155.92361393525186
154.59602920058654
153.3305427073478
152.11689384340121
150.94716521685626
149.81548219769877
148.71706303752086
147.6488079269123
146.61323123071608
145.6050342003924
144.61830116783514
-0.00011133586606546689
-2.231038366007269e-07
-2.04375077745766e-05
0.5241058356664965
0.8399559460428258
1.118076833047628
1.4819360280884677
2.0016706062268295
-4.066566960112771e-05
4.184985498239253
9.755842733444139
15.86750129273522
21.177651975917104
-8.402858408902601e-06
-3.5411391048001784e-05
-7.933117703596787e-05
3.1170910386515116
6.424731766042512
8.308033492331239
10.801083229016983
13.532020806710289
17.046191170668347
21.296214486535867
-0.00013802068633805893
-2.1653149579934686e-06
-7.401018587351752e-08
-5.8516451623610975e-08
-5.432169795298719e-06
-0.00016959315564970293
-5.751425579770347e-06
15051297.839355143
6875837.978412808
3621962.7468026797
2004720.767565527
921541.3948360758
250888.97391927865
45711.93266805987
23712.27824651635
14671.554541315823
8570.643420469049
6231.680568632405
4896.857248531415
3930.4841206270057
3209.306496383102
2684.8534464760737
2311.805402759001
2015.4978838515215
1748.5768370482917
1487.199545361539
1220.2107549399732
958.9950452423797
689.6726867389117
465.00411413460563
355.17891670252743
296.5108712034204
260.2763275278143
236.38921490309315
222.29739102427027
212.77965411835646
204.8448048321217
197.91832779098866
191.7633873745487
186.2190552388915
181.16614996241154
176.5113445372697
172.1816962518402
168.1198264766955
164.28029874095418
160.62667894165287
157.1301587466477
153.76744396597326
150.6100208121368
147.75292370839972
145.02562801704832
142.40279246152792
139.86742383805634
137.405239897972
135.00986978322456
132.673508196299
130.3908075382336
128.15632663989098
125.97029594756361
123.83355418534269
121.74587974060518
119.70633116142426
117.7151395136024
115.77122863517094
113.87523754486224
112.02620301628993
110.22503005788056
108.47080549281465
106.76332164671513
105.10199293566558
103.48513309081991
101.90903333612786
100.38239726779452
98.90411163176377
97.47107582311857
96.0823700179989
94.73710010870418
93.43442195963556
92.17145039241858
90.9467421628235
89.76150888747472
88.61573067369906
87.50928385685933
86.43980500808576
85.40479340622176
84.40346496158512
83.434029134468
3629808.778985893
332368.8767496854
23904.741128010424
19267.36986612249
17898.363224138546
16992.847467163603
16213.698282796282
15513.499577373812
14891.453307999629
14359.517587644765
13886.022650807638
13456.433283051623
13059.688585685095
12687.537554027012
12335.818429161487
12001.077919179352
11680.23207306405
11370.245296949422
11067.67418283194
10767.606909776527
10462.742444975973
10144.609741469494
9797.077767071582
9389.87539308807
9159.978665965493
9030.149716398171
8904.528062059937
8777.070291188673
8647.185528650114
8514.681477018177
8379.945939016878
8242.488107723335
8101.99220734883
7958.290326049599
7811.288877972045
7660.914349640441
7507.101809862098
7349.782358428841
7188.883208913737
7024.323898035007
6856.010966607891
6683.847657612298
6507.920615133867
6328.081967452466
6144.068134506177
5955.792690427224
5763.227707369847
5566.385693890771
5365.267121019096
5159.810769183113
4949.85450949213
4735.117730674756
4515.164058106035
4289.3358409701
4055.8775406084033
3802.547750676569
3498.5156637516166
3073.219732267868
2584.034205497782
2215.84994311039
1989.7717532180388
1791.1760964625848
1609.168590396432
1442.2749406959947
1290.5786866600786
1154.6283451509175
1035.066854822907
932.3542453934836
846.368587716396
775.726178293278
717.755188798436
669.9008196933729
630.0001629773969
596.3334296312211
567.6121822252413
542.8671931242014
521.3209988372655
502.3707175624075
485.62667097640747
470.85073180623056
457.5258836631569
445.3712113884144
434.18949932406935
423.83318489140623
414.18912953137243
405.1686401248672
396.701037376039
388.73022836349014
381.20672307643974
374.08725773576947
367.31578372979163
360.8615174773862
354.69565818930926
348.7954952633694
343.1438550247114
337.7262953037015
332.53077457097083
327.6600843434523
323.44710061021556
319.5337378760878
Saved complete output: /home/pang/projects/DDET-MTD-q1-case39/metric/case39/q1_top_sprint_20260424_094946/gate9_fail_only_guard_20260426_224426/reduced_fresh/mixed_bank_test_gate9_late_mixed_1.npy
