==== checkpointed_evaluation_mixed_timeline ====
case_name: case39
tau_verify: -1.0
schedule: clean:100;att-1-0.12:15;clean:80;att-2-0.22:15;clean:30
start_offset: 2400
seed_base: 20260911
max_wall_seconds: 43200.0
output: /home/pang/projects/DDET-MTD-q1-case39/metric/case39/q1_top_sprint_20260424_094946/gate9_fail_only_guard_20260426_224426/reduced_fresh/mixed_bank_test_gate9_sparse_front_0.npy
partial_output: /home/pang/projects/DDET-MTD-q1-case39/metric/case39/q1_top_sprint_20260424_094946/gate9_fail_only_guard_20260426_224426/partials/mixed_bank_test_gate9_sparse_front_0.partial.npy
runtime_jsonl: /home/pang/projects/DDET-MTD-q1-case39/metric/case39/q1_top_sprint_20260424_094946/gate9_fail_only_guard_20260426_224426/logs/runtime_gate9_sparse_front_0.jsonl
resume_from_partial: NONE
total_steps: 240
z noise size: (35134, 170)
v est size: (35134, 39)
test dataset size scaled: 7022
test dataset size unscaled: 7021
valid dataset size scaled: 7022
valid dataset size unscaled: 7021
Using cuda device
LSTM_AE(
  (encoder): Encoder(
    (LSTM_layers): ModuleList(
      (0): LSTM(170, 116, batch_first=True)
      (1): LSTM(116, 63, batch_first=True)
      (2): LSTM(63, 10, batch_first=True)
    )
  )
  (decoder): Decoder(
    (LSTM_layers): ModuleList(
      (0): LSTM(10, 10, batch_first=True)
      (1): LSTM(10, 63, batch_first=True)
      (2): LSTM(63, 116, batch_first=True)
    )
    (output_layer): Linear(in_features=116, out_features=170, bias=True)
  )
)
The LSTM-AE detection threshold: [0.00714405 0.00737264 0.00760189 0.00785079 0.00817295 0.00854597
 0.00895281 0.00942822 0.01018794 0.01194939 0.01701637]
Quantile: 0.92
Threshold: 0.008952813036739827
-0.004183772300068926
-0.041116458510920745
-7.830038248666497e-05
-3.664829069636626e-06
-0.01664247126711971
-3.0502722402852467e-05
-0.0015494084958685057
-0.0708969857439029
-0.40567030113080005
-0.30906702943761866
-0.006076346108316963
-1.7937746909214932e-05
-3.1846806490966826e-07
-0.007441183650740915
-6.43549794169614e-05
-1.0367906670519828e-05
-1.4030847808350028e-05
-5.398572842104568e-06
-3.327076931610714e-06
-0.6958221075990043
-0.3153198613615357
-0.11155514366631977
-0.13750013181968088
-7.097405470228833e-06
-1.1439318888723394e-05
-0.00012174858725899272
-4.5059571176112846e-05
-1.1095355844352546e-05
-7.308158783255704e-06
-0.00121787665189852
-4.189163200354766e-05
-0.00036049237019582367
-3.7244458189582945e-05
-6.569313301869709e-08
-0.0001204667656858933
-3.1132998084285514e-05
-2.72322786308763e-05
-1.631088039473825e-06
-4.13385260873881e-06
-8.491239499980099e-07
-0.6253910561720907
-0.6338612346119338
-3.6943546634111544e-07
-0.00010627476221662995
-1.7215788305219052e-05
-7.2205301777762035e-06
-5.757271786418528e-06
-7.731595851031858e-06
-4.968057996335674e-05
-3.0203733100278063e-05
-0.0006220624223481251
-0.013170408704061186
-2.2157622473639838e-05
-4.75616429514932e-06
-1.169236528362288e-05
-2.1702884137158573e-05
-0.0010057563957449863
-0.0004620270612152455
-0.00035466589446625214
-6.399574886533734e-06
-3.456702162656086e-06
-2.379084523082536e-05
-0.005712889698183071
-1.7566097118451947e-06
-3.8120720687293406e-05
-0.008665336412666064
-8.392175424553686e-05
-5.925084523206e-05
-8.020973429931413e-05
-2.0513606113050283e-06
-0.00013314983589005365
-7.093190639962501e-06
-2.065701264452179e-05
-0.001085408866655954
-1.9387557328737288e-06
-2.1882579699131254e-06
-2.395092524566387e-05
-1.5448433786652867e-05
-1.537941727885542e-05
-2.3118747172293306e-05
-3.6198113230426732e-06
-6.530448337361922e-07
-3.084191717915925e-06
-2.404363183755045e-06
-3.434054315590971e-06
-2.5334146038466597e-06
-9.236417204307292e-08
-2.125179221738151e-06
-1.1098266860064897e-05
-1.7871774193319477e-06
-5.323470878924386e-07
-0.00020937774081514053
-9.406508640703053e-05
-5.0191674169153586e-06
-2.0622940085734866e-06
-2.1654946834076288e-05
-6.295152274315178e-07
-3.706118961128383e-05
-7.094643200377701e-05
-3.420553919367779e-05
-3.0280911753935465e-06
-8.668355937311285e-05
-0.7620842044993178
-0.7439285275226651
-1.4934603599001255e-07
-2.1498466391436073e-06
-7.108330267684143e-06
-1.9841297139142313e-05
-3.850774137880233e-06
-1.5538487347962756e-06
-1.284000268912465e-05
-0.00042629350720599466
-0.00026374963281126836
-0.17427414882232975
-0.20922118393323988
-6.646670052191557e-06
-1.6134506914098464e-05
-9.451395718128692e-06
-3.00946540413814e-05
-0.00015650049019275212
-0.0018172512995943294
-8.983511706603374e-05
-0.0004008092446081921
-4.768185380961952e-08
-3.3959032194543196e-06
-1.3859597066495009e-05
-4.500832495650217e-05
-2.4550304084943888e-05
-6.478942340114691e-05
-0.0005281813660607742
-1.756391095847717e-05
-5.773320068377221e-06
-0.2354383684776546
-0.23133336105634575
-5.892208190387082e-06
-3.0110325267545372e-05
-0.24017155563361223
-0.06624814526652037
-0.02442082602071308
-0.53767737984502
-0.2378286565183359
-0.32844408317676904
-0.09700952092913659
-0.3707301105320962
-0.3855300260256121
-0.05418686072723771
-1.806943803391784e-05
-2.4935464755963248e-05
-2.4953324274821295e-06
-1.4020389189831823e-06
-0.00037641340983909374
-8.808533973161932e-07
-7.69095602362309e-06
-4.008915339887411e-07
-0.005872482213282749
-1.9282458237567967e-05
-5.266465766564109e-05
-0.23480793639903894
-0.21908102959696096
-1.3731213906874865e-05
-2.3163592107448492e-05
-2.8644104566871633e-08
-1.419525129166635e-05
-5.471529757425889e-06
-4.307800093756939e-05
-3.419016265232441e-08
-1.0319274560944837e-05
-1.0256576749812503e-05
-3.2039859664012533e-06
-5.4573860701869965e-05
-1.9916198288248824e-05
-0.000150785039934452
-2.0972621533830122e-05
-0.00011018853363814819
-1.3095949607722736e-05
-2.778058760198884e-05
-6.837242442650909e-05
-2.081949003412707e-05
-0.00032689335613004345
-1.6877779949200797e-07
-0.001042169662064474
-0.0002020217280357054
-0.00014604881101603343
-5.466332747292861e-06
-1.3742198934334187e-05
-1.91293244837173e-06
-8.37729185118601e-07
-0.000268794821583105
-3.783805170196501e-07
-4.969805222169059e-07
-8.626999483391035e-07
-1.3279109280273393e-05
-6.803400970406189e-05
-9.250808248829639e-08
-5.7940537675843225e-08
-1.622889928850074e-06
-0.0004741234848106199
-6.446713559016353e-07
-1.1730411855495684e-05
-6.035926033900966e-08
-5.544716307119396e-06
-1.2118430714620902e-06
-2.844590202727288e-06
-1.6868845332111224e-07
-3.2516859649041247e-07
-1.8339706862846009e-06
-6.602433400844232e-07
-6.224223304683122e-06
-4.0317707183583915e-07
-4.711303017818714e-07
-2.8174574694874043e-06
-2.210719015091154e-06
-2.0914321517505318e-05
-0.0007996117594261908
-7.54139849562528e-05
-0.00010799165249371756
-4.2697458151492665e-06
-8.906364741073639e-07
-3.762006195261194e-05
-2.3721992479122624e-06
-5.1936789907358875e-05
-4.529641045059406e-07
-1.575623565096917e-05
-1.2101400528510723e-06
-4.4800603690959175e-07
-0.0007000833034365051
-9.016431877979373e-06
-1.4840149028901602e-06
-1.557117069812771e-06
-7.927478757405354e-07
-3.0817984622310426e-06
-3.8948257739275624e-08
-1.1139413019387474e-05
-7.713558375402945e-07
-1.199418202292257e-05
-1.420354890419426e-05
-3.2633992768947946e-05
-1.137628680607352e-06
-9.649385889606138e-06
-3.699502838917744e-06
-4.01690508614597e-07
-5.5571883830453365e-08
-7.670508975038917e-09
-2.836206786466798e-06
-5.232329814841385e-07
-6.977308441045482e-06
-8.33463048139297e-05
-0.0003902212417558236
-5.900279993095702e-06
-1.951196056402926e-07
-6.4957447652533865e-06
-0.00024349745482958916
-1.128631760363942e-06
-3.0062107076984365e-07
-4.9459226870167686e-08
-2.2319780286254433e-07
-3.934009223513665e-06
-2.3377396842005973e-06
-5.1731378775343776e-05
-0.0001234113850701601
-1.7987287327700314e-05
-2.3385518295639274e-06
-5.8028025396287845e-08
-4.284746068293488e-06
-1.1937736529108266e-06
-1.0051280964499788e-05
-0.0005782163373202233
-3.384652190873335e-07
-2.6846878697243363e-08
-2.859815252795667e-06
-2.3348406561763202e-06
-1.79671899629458e-06
-9.33944828906632e-06
-1.8167028555406748e-05
-4.933037913832097e-07
-4.914899830798706e-07
-2.877877788010082e-07
-4.981022160363561e-05
-1.1441068203515006e-06
-2.1711717297198447e-05
-5.490132249279606e-06
-3.809453642995691e-07
-1.0602719185550737e-07
-1.3368587102217101e-07
-2.5676571800875467e-05
-8.56029998003377e-06
-1.3145333542527987e-07
-2.372303175087086e-06
-1.0327983256739898e-07
-4.5519829053134826e-07
-2.430077835686884e-07
-1.547582224415023e-05
-2.2398967554777206e-08
-1.1755096994891918e-07
-5.2104625320168673e-05
-1.3470074587882582e-05
-8.586632456695716e-07
-1.897375176610006e-06
-3.001091768654758e-07
-4.420998485869273e-06
-1.531580287005357e-05
-5.775099771323996e-05
-3.6744675541621414e-05
-3.3155259803947856e-06
-7.143533786867639e-05
-8.30989152086581e-05
-1.7762008816610267e-05
-2.5073143261952925e-05
-4.5564744054476024e-05
-3.758841488321949e-05
-1.2333380178136636e-05
-0.006379053075392177
-0.0001303933980690245
-7.606562666673367e-05
-1.7079599594366871e-06
-4.0535883741831345e-06
-1.1833931002417019e-05
-4.871185604751714e-06
-1.2525103967043431e-06
-0.00011134488649597724
-2.845547500628748e-05
-0.00011506004874857966
-0.0001772306164618553
-2.0556168523779584e-06
-1.9444058262509756e-06
-0.035739343461302815
-2.386454007382164e-05
-9.678525144124036e-06
-1.4696085592549977e-06
-2.7521442957498047e-06
-2.387347328642692e-07
-1.6467160851208606e-06
-3.988113200989954e-07
-6.193172599222514e-08
-1.58745289125129e-06
-4.812795592624938e-06
-6.089080450661798e-07
-2.3892432444429026e-06
-1.5217940622971147e-05
-0.0005997541773862404
-2.7296901024484647e-06
-0.00019236689857118534
-0.00011450029414626777
-2.323479608208648e-05
-8.60898850991461e-05
-9.382785221541426e-09
-4.732753040952654e-05
-0.0003931758189328729
-1.6856830025878394e-06
-5.579032636401822e-07
-3.2040600710477703e-05
-2.399097875484401e-06
-0.000507340429682448
-8.785199149467066e-05
-3.1185574621444367e-09
-2.639069545004237e-07
-4.645164252428675e-06
-2.850741329028459e-05
-3.7162553159624084e-05
-0.00011243025360805389
-0.00030338097986360574
-2.1914022810992033e-07
-2.9704197099897268e-05
-4.2886394205971525e-06
-0.00015874636552657963
-3.8611734401515127e-07
-1.0790121314332723e-05
-2.3085398449472523e-06
-5.365332558775577e-07
-3.265554358060051e-05
-9.189557882020078e-06
-5.612973684734662e-06
-2.2038383036417368e-05
-2.3004784438801472e-07
-6.175546473068691e-08
-0.0003245444493994658
-1.3050836719520353e-06
-5.327356614349505e-07
-0.012818146026786402
-9.828555442133156e-06
-3.907246313235035e-06
-7.62520501705269e-07
-2.4796020606521027e-07
-4.46215552177377e-05
-1.5818888938989017e-07
-4.2067678519244135e-07
-4.558314431243621e-06
-0.00016510113953052645
-9.613510890657845e-07
-2.358212358610786e-06
-3.6406476731165504e-06
-6.264444882837259e-05
-6.65220581974865e-08
-1.309950137912553e-07
-1.729770353452653e-05
-2.3065734897204065e-06
-4.168992893009634e-07
-3.101102148611859e-08
-1.8654121706367774e-05
-4.582790953650852e-09
-6.048850021183388e-08
-2.4942897242473535e-08
-1.0073514592783692e-07
-3.994843074105455e-07
-4.974946230511722e-07
-1.1486624883130399e-06
-2.306642128546588e-07
-5.8333380434719724e-06
-7.238407081397572e-06
-5.517641135692878e-08
-3.0445793178748882e-05
-3.524708756046394e-06
-3.381393443700742e-08
-5.624659889469084e-07
-3.1114406442193913e-07
-5.3078874997405305e-06
-1.193833124995117e-06
-5.590066250348336e-06
-0.00011162474557025367
-1.5073779289825054e-06
-7.126062671761843e-07
-4.783593469333768e-07
-3.2126510896182826e-07
-2.0303617432930784e-06
-8.260018259064778e-06
-0.00027945390016173187
-6.646983142807738e-07
-3.1406999895489613e-06
-6.87185570480113e-07
-7.549968092300251e-08
-5.021627416580896e-07
-2.289333645641457e-05
-1.6706945262077702e-06
-1.874472875717951e-05
-6.151202973923163e-06
-1.158562593572157e-05
-1.6679825593668364e-07
-4.0810251438789515e-06
-0.0002602689775893613
-1.6910930113213393e-07
-9.817196652278553e-08
-1.794940121558412e-08
-1.176457621636114e-08
-3.875222364094205e-07
-1.982107661823371e-06
-4.1974316542962963e-07
-0.00014637185519186856
-3.069904779211316e-08
-7.126984906779386e-07
-4.175960478881181e-05
-1.0751497730709573e-06
-0.00017555265061553922
-3.336520647203889e-06
-3.583752272574736e-05
-8.936755715640188e-07
-1.4642539060329661e-08
-4.982257741017441e-08
-2.414745997283789e-05
-9.983196202994012e-07
-5.185591991633487e-09
-1.131658481711401e-06
-3.50256267309116e-06
-1.6925764427907043e-05
-0.00015661569503010327
-1.827829272388867e-05
-4.682266558326523e-07
-1.6291733492277743e-05
-9.640458936345447e-06
-5.4517162635376246e-06
-4.584061347426937e-06
-7.676588613291523e-06
-3.475005374656209e-07
-6.643652460342076e-07
-6.396357404858759e-08
-9.900792331922623e-07
-3.227419648591706e-07
-1.1576550437990156e-05
-1.4293554945913022e-07
-2.9705479063144094e-06
-3.639374726823216e-06
-2.7056452133159845e-08
-2.6559443777235243e-05
-6.103730594313713e-06
-3.048981571247691e-08
-5.041507669027877e-07
-1.0219556461373681e-07
-1.1974105084415178e-06
-5.159279270500697e-07
-4.509217355641059e-06
-1.7640176045072318e-08
-1.8320271935766343e-06
-0.002102257080815242
-2.1780386841239076e-07
-5.692293937573367e-08
-5.683355800939656e-05
-9.379475305455885e-06
-4.558244521274806e-05
-6.573464093628643e-05
-4.46630955713179e-08
-1.2816256209964247e-06
-4.2112896398303375e-08
-5.657331449017122e-05
-0.0005518261449812684
-1.752493449391418e-05
-4.028928053940384e-06
-4.0742238080865546e-08
-6.163821760610453e-06
-1.5116349976153742e-06
-1.201407270935752e-06
-1.1430089756092329e-07
-4.8533390686280156e-08
-4.154670118142092e-06
-9.278956103393182e-06
-6.088818177386825e-05
-0.00013076889970266243
-1.4494808539107999e-06
-4.350251418832573e-08
-8.073150610869555e-07
-7.5031176918661675e-06
-1.2993185845714986e-05
-3.2692872852770265e-06
-1.8694029640277948e-06
-0.00022601981019787336
-6.679907537478392e-05
-4.6359410419077765e-07
-4.284244620242545e-07
-3.066511799640268e-05
-1.0886396138590636e-07
-3.5584829319681823e-06
-1.1443930144996085e-06
-1.5356741137975116e-06
-0.00025966613877009186
-5.5881240207376475e-08
-1.1460368714624466e-05
-6.2323892498530936e-06
-9.517947239658729e-06
-1.9373251184835867e-06
-4.763413113511034e-08
-1.8729484546207245e-05
-2.3984760729927917e-06
-2.8920693460429285e-08
-1.590903001493289e-05
-0.00027139652425523317
-1.800540850064996e-05
-1.8357667721191603e-08
-4.4335585152189576e-07
-6.73801801270483e-06
-7.910360967947843e-06
-0.00023365086362126222
-0.0001095606644124766
-5.196991838874119e-08
-3.3006549132755515e-07
-0.00014918370652716053
-0.00010944038264541099
-2.2898538839117023e-05
-9.248805286796132e-06
-6.172695827277799e-06
-6.266596143778252e-05
-2.5324351386620135e-05
-1.6314599214305623e-05
-0.00010845505767218658
-3.2802474066952336e-05
-4.542370338705905e-07
-0.00013311037637607313
-1.625240968933156e-05
-8.643929959993751e-07
-7.998823285892971e-06
-0.0003453538099952502
-0.0005479999226214356
-1.5010061116203409e-05
-1.0042809031568931e-07
-4.9879972683718544e-06
-9.936121054771897e-06
-1.0086836310698163e-05
-1.1264409512136845e-05
-9.471167623681291e-07
-1.6225837301867758e-07
-7.25351934941322e-09
-3.726208436840864e-07
-8.34344507858017e-07
-2.243456802232647e-06
-3.0771212024884807e-06
-1.1528729372220626e-06
-9.310770703944165e-09
-3.270746961018682e-05
-0.00033105461298958683
-1.003926627317886e-05
-1.131097546734327e-05
-0.053377378172084454
-0.00011227324740785808
-1.1196231284920223e-05
-2.949250048546844e-05
-7.818035262659248e-05
-0.0028163740252378894
-5.508293348280309e-06
-2.5901487812790226e-06
-4.1632193245931935e-05
-0.0005806945861906582
-1.2914506389082005e-05
-1.7913766537262117e-05
-2.0746970289467618e-08
-7.053489482661462e-05
-2.7671104600938843e-06
-1.338157452308709e-06
-6.007240400149665e-07
-3.072975857138741e-05
-2.0287137265984967e-06
-1.0130714450725678e-06
-1.147365611598903e-06
-9.733378601949724e-06
-1.3344052221155724e-05
-5.288517684352921e-07
-2.0377724012867625e-08
-0.00013029936866477238
-0.0005704251613959662
-0.00033292572814911997
-3.6460754786781647e-08
-3.0983927092670955e-05
-1.594998087417977e-07
-2.1577294110160858e-06
-4.7300938753485756e-08
-2.145733183295005e-07
-1.1828313137760041e-05
-4.6219084810366406e-07
-2.5881367068506794e-08
-0.01435452185671001
-1.1280018641248061e-05
-2.1488277385440838e-05
-1.7472249198439735e-06
-5.66143039256335e-07
-7.511177632810956e-07
-1.5163078073560567e-07
-1.0619099137248313e-06
-1.977273178404737e-07
-8.33401386918337e-06
-3.337654386989191e-07
-9.047166034371741e-07
-1.2493095607982552e-05
-5.742572303695949e-06
-5.754387716655308e-06
-0.00012349132155486185
-2.4089072594786457e-08
-1.2329519641780166e-06
-6.437818303505206e-06
-4.163997850063829e-07
-1.8994529609477938e-05
-3.776905833519015e-06
-1.1336096320901322e-06
-3.133077432380899e-05
-2.575663835048366e-08
-2.039559825122268e-06
-0.0001547079625223227
-0.00030146523253617657
-5.225676647375847e-06
-2.5717268729313076e-07
-1.4581552403513994e-06
-0.0001260626641038448
-3.541655748288417e-06
-6.2566647252054635e-06
-5.853149740041641e-05
-0.0001301701321752469
-3.4904837568779757e-06
-2.0824641725660772e-05
-4.5013938902424765e-05
-2.117524702856669e-05
-3.0326633145305793e-07
-1.0116024244517802e-07
-3.476193237639457e-05
-1.9384845631376816e-06
-9.466661897856137e-06
-6.921803604670504e-07
-1.8477835761228228e-06
-3.673524184129236e-07
-2.4991774667397257e-06
-1.0281963488552933e-08
-1.5571835645551562e-07
-6.963432779725212e-06
-4.408166243176407e-06
-6.768944316833475e-06
-2.2392423414217982e-05
-5.048693509143593e-07
-1.0134881123413903e-08
-7.174711070001616e-06
-7.090813568046536e-09
-9.140078524547632e-05
-4.661136074401485e-06
-0.0003674864718690313
-7.655280285265179e-06
-2.6282567473250807e-07
-4.794471491331617e-05
-2.800997765023956e-05
-8.279907242724203e-09
-0.04495968892733004
-0.00015173765957537266
-1.6077667582291156e-05
-3.561541882187778e-05
-7.2717582187758486e-06
-3.612224751749736e-05
-6.063641403710677e-06
-4.067457483355184e-06
-4.019107157605754e-06
-1.702328736660123e-05
-0.0019502796566269979
-6.954349249175756e-05
-1.067084084053836e-07
-3.0755503325016755e-07
-1.2466721739090222e-05
-1.3634440602004267e-06
-3.9295550875437893e-07
-0.00023049303610424418
-1.6167386213266713e-05
-7.875456901593203e-07
-2.2511015668670583e-05
-2.1297710893130134e-06
-3.4169956260784442e-06
-9.595532854446245e-07
-6.376826854956978e-06
-8.32011575537656e-06
-1.0537156038383573e-05
-0.0004548026006155419
-0.0018935239944038128
-6.438814862321018e-06
-2.5604407480151713e-06
-1.440739975211047e-05
-0.008802793466960248
-0.5481958740822857
-0.5832284648075319
-0.00010005184593697869
-1.0197388139758637e-06
-6.444355177079504e-05
-1.8019691853915756e-05
-9.367557000995286e-06
-4.6340807710188996e-05
-5.265726085193358e-05
-4.73591241981379e-05
-2.312141489830053e-05
-1.5355392706478296e-07
-1.1812314503144081e-05
-8.636723341928403e-08
-3.402815997284299e-05
-4.9928091202441135e-05
-1.3806187184796929e-05
-9.260792516864631e-07
-0.00010255414938853315
-2.1633186598289707e-08
-7.020753145211338e-07
-1.139087438607453e-05
-5.8209518615556103e-05
-1.846240222412437e-06
-0.00016543373716588642
-3.415270357171645e-05
-2.9347247953399583e-08
-2.2560225630574935e-06
-1.6533836818970167e-06
-1.0983081834976729e-07
-2.0892620996903634e-08
-4.438193779397201e-06
-0.0005103860990338696
-1.5879977706160503e-05
-1.2768876835582293e-05
-0.00035686481595374113
-0.00015382062651452265
-5.2941768235775566e-05
-3.7869901798937235e-06
-7.760431083434168e-06
-4.558135732381623e-07
-5.2141537971237485e-05
-6.63958952133794e-07
-8.631389407877373e-07
-4.4695447267228166e-08
-9.095177085576816e-07
-8.560911281912378e-06
-2.9246934984933e-07
-7.934946218627333e-08
-0.00020157559145857472
-3.0533894280106735e-06
-4.085560147540935e-06
-7.108476426025971e-06
-1.716431438561543e-05
-2.864003217196825e-05
-1.5584681004511512e-05
-1.9879128264286888e-05
-1.6714856814967453e-06
-2.0703217445196988e-06
-0.0002845032165230496
-2.9445095090279357e-05
-6.723493005839757e-05
-3.406978739326765e-05
-2.6071520624242554e-05
-1.878111045849981e-05
-1.5331292047569077e-05
-0.00010441787639007065
-3.0562985864985876e-05
-2.3998203035025497e-06
-5.099110744782327e-06
-4.482087981689961e-07
-7.938430834012274e-06
-2.5910997895096797e-06
-9.384680222804928e-06
-2.84299546136486e-06
-1.2587517867486275e-07
-4.576084220720299e-07
-2.7113968187667415e-06
-6.914112666451318e-06
-7.847387884141611e-08
-1.1196377997899447e-07
-2.0217322541778157e-08
-5.946765530407855e-08
-2.25022026893901e-05
-7.770513633559372e-08
-1.543748206426162e-05
-4.8197388518024574e-08
-3.029098984984835e-06
-1.8630101459169944e-08
-0.0001322976810670137
-1.6023590722880292e-05
-1.5159440344394797e-08
-9.490218351520376e-06
-2.8937783766736623e-06
-5.76047778260638e-07
-3.7010407132316097e-07
-0.00012977470857353772
-7.151923664359183e-06
-1.813444238864949e-05
-5.833624644094619e-07
-4.5499109606360294e-07
-3.99936879332223e-06
-3.3918074491907693e-06
-5.724054979377534e-07
-6.966717487049755e-06
-3.095971105065064e-06
-7.619758231360156e-06
-1.3181168333166611e-05
-6.15112684480017e-06
-4.5803697425362064e-07
-1.533836184390824e-06
-6.564449095804252e-06
-0.006594565615840897
-6.481070649199418e-09
-6.260862476349248e-07
-3.706296605674718e-07
-4.129872824238269e-06
-6.1143762387097745e-06
-5.0390214469058145e-08
-1.020586584459027e-06
-8.030565157947871e-07
-6.100957956971362e-07
-3.3462605983635707e-06
-2.675422286477672e-07
-2.032807842021187e-06
-2.0445487181501495e-05
-3.496350546612686e-05
-1.12877901003407e-05
-2.3831761986968253e-07
-2.6582365500872876e-06
-5.517651503223158e-07
-1.6697567523304226e-05
-7.331384992654784e-09
-4.249586648787854e-09
-0.0002862528665059623
-8.840840632220634e-06
-2.0562789907473014e-07
-2.0534387765887126e-08
-2.3545147546913286e-07
-2.86677815988345e-07
-2.719826760720273e-05
-1.3603116076508453e-05
-7.672600163344283e-08
-1.4797049431241997e-05
-1.3912347931264825e-05
-8.98352156046967e-07
-6.350215605914169e-08
-3.2477509583001217e-09
-2.1586563689747572e-05
-0.0009456056874498168
-1.6368834904972274e-06
-5.657615933356043e-09
-2.8961432844210286e-05
-0.0011116168157526561
-3.348186064415477e-06
-1.6343875726536066e-05
-2.9604812235905196e-05
-9.718741177990462e-08
-1.2837120142236458e-05
-3.6761671038757976e-06
-1.4610152402293169e-06
-1.582493803382964e-05
-1.806553130798732e-06
-0.43980958633080425
-0.3431814419531991
-0.0076648793210929754
-1.5317661258793167e-06
-6.728275467764146e-06
-5.7895895151475055e-06
-3.7257258836153196e-06
-9.252275377939728e-09
-5.475445022784754e-06
-1.5325000348012064e-06
-5.815378219110607e-06
-5.973694627460682e-07
-2.7869293569823887e-07
-3.327089931434252e-08
-1.9670426156109885e-05
-1.760793133144106e-07
-0.00023915295988755563
-6.614464005292428e-06
-4.777449927732761e-05
-1.2048576859928209e-06
-6.06614922403417e-07
-5.636893292227794e-06
-1.5534122071777196e-08
-2.1747432721682508e-08
-8.57754527486696e-06
-5.1682040334827804e-06
-3.541368196601745e-07
-1.2610362577346424e-07
-4.110544539050921e-07
-2.058405111785301e-07
-1.8992792187242565e-06
-9.294819273638085e-06
-1.3033516158529536e-05
-2.7148987485209843e-06
-4.4624158444115025e-08
-8.381776624869565e-07
-4.04694209161085e-06
-5.714742242212873e-05
-6.675966999522807e-05
-3.0072105899075072e-06
-5.125635956400837e-06
-2.3823551383363053e-08
-1.5798921767500682e-08
-6.492054670183993e-06
-2.1182782821106707e-06
-1.8558833685274736e-06
-5.992524850675697e-05
-2.8776150292891803e-07
-6.457158121636693e-05
-9.380749964141843e-07
-1.5617270327014833e-07
-1.0177029786472482e-06
-0.0010394229351846254
-2.6926322948952087e-06
-8.423620534043291e-09
-7.911920549746e-09
-1.5033132914608272e-08
-6.534927082622297e-06
-3.3234630497386336e-05
-1.6657936988271433e-07
-1.181502709750836e-06
-9.185737760572624e-05
-1.4941377283623332e-06
-1.8325295335315465e-06
-6.818036244019001e-07
-2.0145744277102208e-07
-6.8197952511044656e-06
-2.0996572370582595e-07
-3.908894179990956e-07
-2.0671287057343134e-08
-5.826562188848769e-06
-2.041064538309858e-05
-8.607788535469466e-05
-1.583239089754472e-05
-1.4632410608832596e-06
-3.105898617109881e-08
-1.711060923713394e-05
-1.8697765895850223e-06
-1.4492695444333432e-06
-0.0001413510053893828
-3.1893460373208727e-07
-1.448485954050057e-06
-1.1115337033078324e-06
-1.5108126615279347e-05
-4.021763232319535e-05
-2.8704889059231556e-06
-2.6693513364188036e-05
-5.711586625731138e-06
-1.045922971664387e-05
-1.1206223966126685e-06
-1.3086660503170822e-05
-8.69084511460938e-06
-1.2907823855427046e-07
-3.2987006737284327e-06
-2.274969752398462e-06
-8.403668296783056e-08
-4.307416374247032e-06
-1.339594376136699e-07
-2.173978235139876e-06
-2.4351142185238295e-05
-2.4873681548047846e-06
-4.622191383387601e-07
-4.82236099923429e-07
-5.332367728646742e-08
-3.28145507204984e-06
-5.9124622675149735e-05
-6.769821081651799e-06
-7.071063593840912e-06
-2.9168977074124843e-07
-3.228202707766946e-08
-3.2003312253932695e-06
-7.99955831238067e-06
-4.119159982797214e-06
-6.915873219380784e-06
-0.0005381714573809715
-3.19158609729935e-06
-1.0355618104827156e-07
-4.816150252291887e-07
-1.094290413170118e-05
-3.8030860094216104e-05
-1.5274164831339095e-05
-4.3475043578662517e-08
-0.0002914327907656549
-1.3236155943081673e-07
-5.920576388284613e-07
-2.3861598069899793e-06
-3.0073626588859864e-07
-3.5404856754265595e-06
-2.3890870903755664e-05
-2.0001625226926207e-06
-1.994243813637495e-05
-1.2024125578247528e-05
-1.0762838576492e-07
-1.3595755097353051e-06
-3.3335348890972133e-07
-1.463519755153759e-06
-4.471837524118898e-05
-1.1916856501618377e-06
-1.7503314010626566e-06
-1.2929019028233735e-06
-8.904805266210679e-07
-5.649100985034905e-06
-9.201073371253724e-07
-1.995838805792786e-06
-1.3057570736827286e-05
-4.0735750843767355e-07
-2.5736184435201365e-07
-3.293943939144264e-05
-8.734478693500705e-06
-1.2775789023854822e-07
-1.7875500738471143e-08
-1.587919220501396e-08
-2.694482419101964e-07
-5.8975632764054685e-05
-0.0015687998301201777
-6.389297268999165e-05
-7.930260862706474e-05
-1.5021916643813756e-07
-1.800383708921108e-05
-2.881895587735342e-06
-7.962416914560814e-07
-1.137402703861802e-05
-2.4332096359584955e-07
-9.762012374794398e-05
-0.10837871643322503
-0.03880420917189542
-1.2974854680609263e-06
-2.1532488379853996e-06
-0.00011793665255801766
-0.00971899863292984
-0.00023080691219025257
-1.7758303110383057e-05
-3.4880208973902387e-07
-1.5654934057038417e-05
-5.213344737391125e-06
-1.9294368647305738e-05
-0.001905793051324473
-2.8407550682044537e-07
-3.473625090210915e-06
-9.766138187489829e-08
-0.00026106187310022107
-2.757769821180195e-06
-8.873496928733127e-07
-1.7837314005208663e-06
-5.900557927810113e-07
-6.58676159202013e-07
-1.3009891269750123e-06
-5.122856908170101e-07
-1.8348101026870017e-07
-1.85178344017655e-07
-6.778795303451343e-06
-2.061073749427408e-06
-2.3687213321523352e-06
-1.8243293239087967e-06
-0.00010408168241939052
-2.6951774707506714e-06
-1.0882805917180449e-05
-2.4829228561494643e-06
-4.123154223107314e-05
-3.928455722105538e-06
-3.383340973609076e-05
-2.2444021726491952e-07
-1.2837501702847583e-05
-2.5034042115027826e-05
-4.02147990933208e-05
-8.897119814253359e-06
-0.00010183299725286802
-1.3525877198284468e-05
-2.0481457375930333e-06
-9.75442853126921e-06
-9.834944748033859e-06
-0.007260850498944485
-1.7020723246235087e-05
-5.556532434027454e-06
-5.013524555447871e-06
-2.2910740936926243e-05
-0.00013125584374424015
-1.0719022719626072e-07
-3.4253893181128526e-06
-1.3691714152000723e-05
-3.8579929685379615e-05
-0.017537234213891528
-5.1607557285008534e-05
-7.32842618499984e-07
-1.0230957649548498e-07
-3.509741243215583e-06
-2.1809548290363257e-05
-1.200837682290194e-06
-1.9308896589508372e-06
-0.00013910132646015216
-2.5200127140782832e-05
-6.483547145593267e-06
-1.5555493265946306e-06
-4.941501425466368e-06
-4.22027337115619e-07
-0.00017153979989687387
-3.0765343798792745e-08
-7.77338834790363e-06
-2.7174011007662563e-05
-1.734008267279419e-06
-2.6504510608188038e-05
-7.667188181497872e-06
-7.207529039832948e-05
-1.591034425279911e-07
-3.5381371909307123e-06
-1.6271217888776604e-07
-2.3616892680326142e-05
-4.145170583059421e-06
-5.7779864745158535e-06
-1.8592143420585225e-08
-0.0013426699373832152
-2.143545361204743e-06
-3.7126795584907324e-05
-1.3577029980410135e-07
-1.4824144039253802e-08
-1.48645590865809e-07
-4.842470986740518e-06
-2.0849019932596424e-06
-2.436155308454202e-06
-2.2513897495604878e-06
-2.0558995488213586e-05
-5.363622431653641e-06
-3.131750462823143e-07
-1.1916565485981062e-06
-4.1296507631173374e-09
-5.997906686605412e-07
-4.624276701391664e-05
-1.1968945863433115e-06
-4.244675359168018e-07
-0.0005979072306755494
-2.3539070723813174e-07
-1.3799434750534107e-05
-2.118412754320542e-06
-2.6000697614039227e-07
-2.0161281145549945e-05
-1.306352234337291e-06
-8.53543348777569e-07
-5.268430012662516e-06
-3.360723433282996e-06
-6.0655143572291074e-05
-6.511188373380552e-08
-6.970383089539593e-06
-2.7087829199541097e-09
-8.444129379024512e-09
-2.8894389622959198e-06
-2.101182058018985e-05
-1.2550598303361095e-06
-1.1472165293632502e-07
-5.702718501063987e-07
-6.309142396005664e-07
-1.0363409189474229e-05
-5.648770389765752e-06
-3.7692696386957733e-07
-3.8308118619610054e-07
-1.8048676356466034e-06
-1.5772327265624405e-06
-9.191188693568494e-08
-8.298772336956852e-07
-1.2076987252561443e-06
-4.017482796191759e-08
-9.22176556746901e-06
-4.094243671220993e-06
-3.71662237429684e-08
-3.5726432693607357e-06
-1.1375541801426771e-07
-6.823736645720816e-08
-1.0884755837386105e-07
-5.533845559034738e-06
-2.407513600624201e-07
-1.0521947868319046e-07
-1.709009695302467e-05
-1.2545180614315235e-06
-8.856200865320752e-09
-1.1928188547975629e-06
-4.173388136966594e-06
-4.679595863289131e-06
-1.9423665536758924e-06
-1.3662632629557129e-05
-3.975149579012584e-08
-7.141487551892161e-06
-7.094935290270093e-06
-0.00010222968119403576
-8.73259154672986e-07
-2.033204271041533e-05
-1.6576033887976655e-05
-3.875369376491022e-05
-1.033843588994038e-05
-8.110750453105639e-05
-2.2111955848624424e-06
-4.053131576459537e-06
-3.0819133471842147e-06
-7.418444603647947e-05
-4.431300816463769e-07
-1.2619212325826836e-05
-1.836733892546761e-06
-1.3752367546324676e-07
-9.518369915118706e-06
-1.374848734777347e-05
-4.293564481550292e-07
-3.7374112261694116e-07
-8.002315865117037e-09
-8.068295182786015e-06
-3.198164967292659e-06
-0.00016581788308178016
-7.6592804949078e-06
-1.0904063871956171e-06
-7.017772857272879e-06
-6.0212864070158825e-06
-2.8862461217881564e-06
-2.6990870157052745e-06
-0.00021149457950957073
-3.5611911220557255e-06
-0.00022703933171882773
-6.686915576298546e-05
-1.46793180577451e-06
-5.877512220996561e-07
-0.00013176445099624112
-4.843653242525492e-08
-5.87115125236927e-09
-5.051694704012841e-07
-1.9762365897896294e-06
-8.238065405702539e-08
-1.1824399456392414e-07
-1.0487168772589438e-05
-2.7544281348228666e-05
-3.1820236003510298e-06
-2.821056697478475e-07
-1.897236424649156e-06
-1.5576668717877723e-06
-3.6711657800847576e-06
-1.14533304208226e-05
-5.1731297144575945e-08
-6.569708489405455e-08
-2.1402829238040827e-08
-3.8363518376818664e-08
-4.920757512998456e-05
-1.5296867518371423e-07
-4.530124021956149e-07
-6.676916707337598e-08
-0.0006676626731699416
-3.1350051771329487e-06
-7.642054151885834e-05
-6.276884559031953e-06
-3.4381798636286284e-08
-3.280372340072681e-08
-6.956948346513437e-07
-1.4386801255385927e-07
-2.0352926316851127e-06
-5.1980070833070405e-08
-3.5873674702528466e-05
-2.6466243621534763e-07
-2.2905307042938626e-05
-1.373064574844143e-07
-2.5604694825649523e-08
-7.668634960823226e-05
-0.0009027245491662325
-1.633686979974997e-06
-0.0006117141069283776
-7.024293121036619e-07
-4.3230003807824425e-06
-4.287048626966658e-06
-1.9652907699580895e-06
-1.4323428294251898e-08
-2.9625539240648694e-05
-0.0008549236345219734
-4.6040220935998344e-05
-5.2485422749183614e-08
-5.305900282839547e-05
-6.512412453683272e-07
-6.827283543252793e-07
-0.00027984729362768977
-1.2372279061927061e-06
-2.5980852457126523e-06
-1.1578647059346936e-07
-4.356399412931296e-06
-3.509383877979465e-08
-6.9130888053508375e-06
-7.601138087932267e-06
-5.077191540547197e-08
-0.00027623640453067807
-1.3814822608715146e-06
-1.2260003722788685e-08
-5.0103840276138694e-06
-1.5634987378974766e-06
-1.645363053503305e-06
-1.3924744871582388e-06
-1.084702084614102e-05
-2.1708034787040716e-07
-1.1655889901273544e-06
-3.3965772757955794e-05
-5.244385155091225e-05
-8.57244877653637e-06
-3.577536465172833e-07
-8.290526917365966e-06
-0.00011186462736390403
-2.765436055500958e-06
-0.0005375192972061226
-0.00012947425625032307
-1.2865095941813608e-07
-5.732226064601985e-06
-3.350084165231924e-07
-4.504386018597671e-08
-7.522452833801194e-05
-1.0117176177630784e-05
-1.553336541103763e-08
-1.6356533001335894e-06
-2.9938678911197454e-06
-2.0368338733354028e-08
-2.198641513397228e-06
-9.788491063501204e-06
-1.754332093497669e-08
-1.7442286838857113e-05
-3.3296387185858926e-06
-6.11323726682894e-08
-1.8748203991074673e-06
-0.0001236284813770652
-1.9804637799420586e-07
-1.8300757572387368e-05
-1.8572261379243152e-06
-7.119161675282363e-06
-2.5502469414008915e-06
-1.3564155771866891e-06
-1.2995225657932593e-07
-2.7084830781886905e-05
-0.0014637352675581877
-4.390072027931007e-06
-9.624978834093799e-05
-0.000287615163076983
-5.2988085491294445e-05
-1.1350122989628967e-05
-4.639911380309639e-05
-4.687150292696487e-06
-5.754244519317983e-05
-9.856708362221417e-06
-4.4582185147888265e-06
-2.173183822721188e-05
-3.991500915139234e-06
-0.00025162203305295833
-0.0002330124197457519
-1.1430268455467228e-05
-1.526714298752916e-05
-2.5280123714397832e-05
-4.5829303873322004e-05
-2.4166298315649736e-07
-5.096805672510806e-07
-4.7915766486060946e-05
-3.0428914487414325e-06
-0.008665303649551462
-7.661798390743568e-05
-3.0492100788050674e-07
-1.925920078615466e-06
-5.294139548294185e-05
-0.03294430763234006
-0.00010618616075257954
-3.438182835763554e-07
-3.2416925640356588e-06
-2.940985650697232e-06
-9.141201392552157e-06
-6.799440001007134e-06
-2.1557334871940255e-08
-1.8138567996280965e-07
-2.2574107408402733e-05
-1.388873494170951e-07
-3.756711524876932e-06
-1.1925717491231797e-05
-4.882569439601486e-08
-2.5338722889513095e-05
-7.342466286836285e-05
-6.741502630927833e-07
-2.405933818293109e-05
-1.3478757900152454e-06
-5.555907363587598e-07
-1.1356483828716449e-07
-4.0107868922044696e-05
-3.2141061691758595e-07
-1.2868532900227935e-06
-8.161362902274455e-07
-1.647218179725087e-07
-4.555004977269487e-07
-9.65374470752302e-06
-1.8462317664998456e-06
-1.4097696126881219e-05
-6.229363389855532e-06
-2.6697479274991864e-05
-1.957670459672708e-05
-1.569565782691606e-06
-1.4014942088643207e-06
-6.840064360023602e-05
-8.946483135302111e-09
-0.00017074490362738583
-4.29600556712613e-08
-8.788671648814474e-05
-2.6328672534703254e-05
-1.2598765071820962e-07
-1.7890099583476772e-06
-3.1367847945925796e-05
-2.44571174574306e-06
-3.395722000539992e-05
-3.855680412096779e-06
-1.3701901827958173e-05
-1.4926674272324068e-06
-0.00013520176702457262
-2.149867338713391e-06
-4.502074562010166e-05
-2.4080466879254603e-06
-5.537152753912813e-07
-7.9956572599444e-06
-0.000753258767892329
-9.669838834103315e-05
-6.952070312968859e-05
-4.544606454032136e-08
-2.967259770545897e-08
-9.089133718853783e-06
-5.9575604222848395e-05
-1.8053430454510754e-07
-2.1034917672784227e-08
-6.735476740114002e-06
-3.801730719567261e-07
-1.595200657340871e-05
-4.3486149211887405e-06
-1.4127221446280457e-07
-1.4643250671908693e-07
-2.2129027376113912e-07
-3.00197189953888e-08
-4.7351207395644664e-08
-1.6948606116823748e-06
-6.222072356757751e-06
-7.898784620078404e-07
-1.1615080220423412e-07
Saved complete output: /home/pang/projects/DDET-MTD-q1-case39/metric/case39/q1_top_sprint_20260424_094946/gate9_fail_only_guard_20260426_224426/reduced_fresh/mixed_bank_test_gate9_sparse_front_0.npy
