==== checkpointed_evaluation_mixed_timeline ====
case_name: case39
tau_verify: -1.0
schedule: clean:60;att-1-0.10:10;clean:50;att-2-0.22:10;clean:50;att-3-0.32:10;clean:50
start_offset: 2560
seed_base: 20260913
max_wall_seconds: 43200.0
output: /home/pang/projects/DDET-MTD-q1-case39/metric/case39/q1_top_sprint_20260424_094946/gate9_fail_only_guard_20260426_224426/reduced_fresh/mixed_bank_test_gate9_alternating_short_2.npy
partial_output: /home/pang/projects/DDET-MTD-q1-case39/metric/case39/q1_top_sprint_20260424_094946/gate9_fail_only_guard_20260426_224426/partials/mixed_bank_test_gate9_alternating_short_2.partial.npy
runtime_jsonl: /home/pang/projects/DDET-MTD-q1-case39/metric/case39/q1_top_sprint_20260424_094946/gate9_fail_only_guard_20260426_224426/logs/runtime_gate9_alternating_short_2.jsonl
resume_from_partial: NONE
total_steps: 240
z noise size: (35134, 170)
v est size: (35134, 39)
test dataset size scaled: 7022
test dataset size unscaled: 7021
valid dataset size scaled: 7022
valid dataset size unscaled: 7021
Using cuda device
LSTM_AE(
  (encoder): Encoder(
    (LSTM_layers): ModuleList(
      (0): LSTM(170, 116, batch_first=True)
      (1): LSTM(116, 63, batch_first=True)
      (2): LSTM(63, 10, batch_first=True)
    )
  )
  (decoder): Decoder(
    (LSTM_layers): ModuleList(
      (0): LSTM(10, 10, batch_first=True)
      (1): LSTM(10, 63, batch_first=True)
      (2): LSTM(63, 116, batch_first=True)
    )
    (output_layer): Linear(in_features=116, out_features=170, bias=True)
  )
)
The LSTM-AE detection threshold: [0.00714405 0.00737264 0.00760189 0.00785079 0.00817295 0.00854597
 0.00895281 0.00942822 0.01018794 0.01194939 0.01701637]
Quantile: 0.92
Threshold: 0.008952813036739827
-7.245052854982608e-07
-6.396136137911924e-06
-1.1098553162533202e-05
-1.5646525746924402e-05
-7.410108917275313e-06
-2.7402441617532245e-06
-3.809363263741009e-05
-3.952822670601093e-08
-0.0004333622904190704
-2.415258878556623e-06
-1.0941449043878205e-06
-1.1017979527990984e-05
-3.5380322928451966e-07
-3.938223638030638e-06
-0.00035984676370662077
-2.05044237002873e-05
-5.035975072081883e-06
-4.4405294341276164e-06
-8.261348892192929e-08
-4.50343559110669e-06
-5.176305706916313e-06
-1.7591790031568e-07
-4.347170356884655e-06
-1.4557676240713065e-08
-1.3187532926605008e-06
-6.050273539446707e-08
-3.303680205535039e-08
-6.6260885508937326e-06
-1.7092937004552367e-05
-6.980118953384569e-09
-1.8450678828163734e-06
-2.4104311211843537e-06
-1.1689398118516294e-05
-0.00012180162660231974
-5.380906516562816e-07
-2.0290777041034297e-05
-1.4178241193387905e-05
-5.910679075685504e-07
-0.00021850107231054176
-3.438004009924661e-06
-1.2787223367616102e-05
-4.815259227359783e-07
-1.7210040872392447e-06
-6.602750939162852e-08
-1.1237303145141393e-06
-1.1138510945054037e-06
-6.489688209689781e-06
-6.485865799556374e-06
-9.625798994045155e-05
-0.00020420820910294264
-9.8887555084465e-05
-2.526197499856155e-05
-9.746842909715238e-05
-5.4385773627508476e-08
-4.3889357187947e-06
-4.7830284683112305e-06
-1.0978535181861764e-05
-2.6981240613286905e-08
-1.4904582298312082e-05
-3.328848851506467e-06
-2.0207856543772944e-06
-7.204457321279803e-08
-3.279363826576087e-06
-3.3370776827580512e-06
-3.132241450216652e-08
-3.2551491355033397e-07
-5.486604930616615e-05
-1.1986122390139647e-06
-1.0938832265981039e-06
-2.0371982446445156e-06
-1.2053658966154833e-07
-8.504058855897059e-07
-7.724899411623718e-05
-1.3084289799408224e-05
-1.823954470313251e-05
-1.252649441513105e-06
-1.8945127054321022e-07
-8.304630411705308e-06
-0.00011281708988973234
-1.0624755265765263e-08
-3.5130420236949327e-08
-4.2308922482226523e-07
-9.581434041710796e-05
-1.4231628487442297e-06
-1.429917287775197e-07
-1.745009875311907e-06
-9.208473895573063e-05
-1.353711088161391e-05
-4.211417171153976e-06
-2.0270291866105678e-07
-1.7149265280638945e-05
-9.693795862062112e-06
-0.11979764198096714
-0.12029457934010979
-1.0588312343860512e-05
-4.71852886771706e-06
-0.07783710647434389
-9.641443236372631e-06
-0.00030834843209758076
-0.00025526928773601896
-0.0012526209326215757
-5.243684643029135e-06
-1.3891736439201945
-3.037070007974313e-05
-6.838127324065449e-05
-5.79516468564302e-06
-9.710163303189368e-06
-1.2275419998615761e-05
-1.9184245706656443e-06
-6.041063417187918e-06
-5.907612046334802e-06
-2.552991990845869e-06
-5.193830927875603e-06
-1.4689676433149176e-07
-4.07030827616984e-07
-1.8415254156254346e-07
-5.798494469309836e-09
-8.936231573506724e-09
-1.368835346612049e-06
-6.553490363739342e-07
-1.5985789590282345e-07
-1.355717517594097e-05
-2.594289207432697e-07
-1.2598346167414907e-05
-1.0410297072785449e-05
-3.4384727955333974e-05
-7.801295511613687e-05
-1.976885053018951e-05
-4.958846098148609e-05
-1.6880530434501e-05
-9.878424545824803e-05
-5.923737774990584e-06
-0.17935602400628886
-1.0870754686943302e-05
-0.0004500351773799031
-2.9373959390229354e-05
-1.9013853203746998e-05
-4.55501574425471e-05
-0.0007680661167229322
-1.075981903222849e-05
-6.827848143118271e-08
-1.247096323603086e-06
-2.454856715946044e-07
-0.0001391295244176751
-1.0731818890596167e-06
-2.3140891976636518e-07
-7.769255559717978e-07
-1.5515842734629855e-05
-0.0004690105382390619
-4.086770121253404e-06
-5.478185443819253e-07
-4.909920329081005e-07
-7.333510744338729e-06
-6.439305577432678e-08
-0.11468927403101403
-0.3190752524028204
-0.3570830162959252
-8.313330237287452e-09
-1.809613001249619e-07
-5.162206062356404e-06
-3.2910915695584403e-06
-5.3674529722636195e-06
-0.0018932386361675067
-7.25249371058912e-07
-0.000248020066761763
-2.409468982692725e-05
-5.33723189762549e-08
-3.858445463382495e-06
-1.0604922955545644e-07
-2.968913933301436e-05
-2.000364885544709e-06
-4.903435145311403e-09
-4.66892802566192e-05
-3.5102428651521585e-07
-2.071504158268328e-06
-3.523737776771258e-07
-6.385484984989968e-08
-1.4865653591302185e-08
-1.2270587049094413e-07
-8.772367191589752e-07
-1.2618338819648445e-06
-2.760429977026922e-08
-1.4854170864730365e-06
-1.7170513686485275e-07
-0.057986305418778
-3.3139563666271054e-06
-7.529616418454459e-08
-5.218233999720609e-07
-1.0858978215928555e-05
-2.8978659139262806e-08
-6.438572870907744e-07
-1.6415617047055965e-06
-1.472530091290494e-06
-2.8833030503043926e-06
-3.3715245580867393e-07
-1.8921172302890628e-05
-2.9154315996407034e-06
-3.48738596609212e-08
-4.002853782730938e-06
-2.0614488880011684e-08
-4.122801043235205e-06
-1.2617372122363263e-05
-1.6561206275939474e-06
-3.421945729629507e-06
-1.0047241504815616e-06
-4.798726497421105e-08
-1.3639862597377793e-06
-5.059219334432582e-08
-9.32667414414635e-05
-1.3194813888395848e-07
-1.8145815234725336e-06
-1.0971063040093517e-06
-1.955390123356171e-06
-9.500662436578796e-05
-2.9703502843734137e-05
-1.3764350756314376e-07
-2.390088646597971e-08
-6.466410785543954e-06
-8.986622976346487e-06
-1.300384315268607e-05
-2.6848776166016696e-06
-2.530659250434816e-06
-8.81188702548349e-07
-5.0575412125760894e-08
-6.150811294006063e-05
-3.495998915429402e-07
-5.111541920943242e-06
-4.197327197932202e-06
-7.809578091415278e-07
-4.049381613153873e-08
-5.150438887364629e-06
-5.258786808864897e-06
-1.42826764801095e-06
-7.964192992815897e-06
-1.3284758620014211e-05
-6.266243664772772e-05
-1.5162861806113486e-06
-5.37380048210303e-06
-1.0262056123048375e-05
-2.982386164513229e-07
-1.7532512636478073e-06
-3.704815737539654e-05
-1.286730202166345e-05
-9.857870593657552e-05
-5.2338430827361106e-06
-0.0004554002714744085
-3.871353109509401e-05
-3.0662029249422195e-06
-1.3224682539260163e-05
-1.8384902965958854e-06
-9.932678514286275e-07
-0.00010147142263997462
-7.91578044341631e-06
-5.068118184289557e-08
-5.607331469054727e-06
-2.0707458658057077e-05
-1.2816743434595748e-06
-2.550012382991377e-06
-3.3566249812761065e-06
-3.704792142240063e-07
-2.1196987777578804e-07
-1.2227413181966912e-08
-6.769594120643788e-06
-0.007428383942490042
-8.97651504733373e-05
-1.21173514290768e-05
-0.0024669925261119395
-2.546969193597829e-05
-4.7105083709421736e-05
-4.0779622029458713e-05
-6.50985909388353e-06
-2.502113558747078e-06
-0.00025193511765055787
-3.2034542784688614e-06
-1.864993878546313e-05
-0.3375615024200992
-0.28384870206590074
-8.95204166415132e-05
-4.235432456280417e-06
-2.500701138646082e-06
-3.213124041078187e-05
-1.0589228936428456e-05
-6.499030699187597e-06
-5.2721137715518496e-06
-5.551991126401195e-06
-6.931650808079801e-05
-8.994118294346431e-06
-0.00166057529499257
-1.8254021577409877e-05
-1.2221654470861264e-06
-1.6638100678922897e-07
-2.4177746808404634e-06
-1.3208840351807718e-06
-5.614416162497922e-06
-2.373399944482348e-07
-4.535458908263486e-06
-2.700005711626198e-06
-9.174768732881332e-07
-4.5017683589133757e-07
-9.59591112601091e-06
-0.0014974315181551826
-9.740543979948643e-06
-2.316069152792182e-05
-0.0006549553308907531
-2.94461895249566e-07
-1.469889992568857e-05
-4.27541402217859e-06
-1.1114560658257652e-07
-4.485282317371417e-05
-9.68059598177803e-08
-1.827934703206391e-05
-1.5796458636634698e-06
-5.489435179248357e-06
-1.2633873765195397e-06
-1.794673520296014e-06
-0.00021563627323948606
-9.722040599097671e-08
-8.337674108565858e-06
-4.77739925299004e-06
-9.704605807477298e-05
-2.9679843186862905e-06
-1.320630643971636e-05
-7.635786461086113e-08
-0.0001648876921186077
-7.068441022286503e-06
-1.2700210475616514e-06
-3.888069748900845e-06
-5.164606923523305e-06
-3.520339253617716e-05
-1.0999057886005658e-05
-0.0001681065017340847
-2.9703753118529183e-05
-0.00011451980376478982
-7.914365769050198e-06
-1.2388776348102075
-1.1118249565902234
-0.989030030846801
-0.438327341911375
-1.0567812377423316
-1.7051343404646997e-06
-1.999575882524181e-06
-4.4317465308388184e-05
-5.8304513275132354e-05
-6.886134802903588e-05
-5.47029627386722e-07
-1.0451286136666136e-07
-2.3790508879608114e-05
-1.756896936810167e-07
-4.6699384819453685e-06
-5.309063483308731e-05
-1.875041472765454e-08
-4.955992348166352e-06
-2.1435326049884807e-06
-5.712014582631833e-07
-1.4442688285476346e-05
-6.940317729867506e-07
-2.602185878559553e-06
-1.1335465858623901e-05
-5.949446625087509e-08
-1.0666986123650826e-06
-9.797387623035578e-09
-3.7821911045106104e-06
-3.5503687487345716e-06
-1.5876066995193545e-07
-8.141201372392384e-05
-2.2889993709757846e-06
-0.00030668646193972993
-3.273785662946735e-06
-1.7337423226592153e-06
-8.791005250801319e-08
-4.075338534845476e-08
-6.0056253391566256e-05
-2.641956813088112e-07
-1.0095524062719906e-05
-2.1700745963133555e-06
-5.91674777440613e-06
-1.9644945502511177e-06
-6.644397352681469e-06
-9.973970891241664e-08
-6.289422757029939e-07
-4.660969678570712e-06
-0.0001749453707243619
-2.832805233962964e-06
-4.1461339357511436e-07
-3.353699322979269e-06
-4.446513449934108e-07
-7.176256483322806e-07
-6.316211481444458e-07
-5.545906297695304e-05
-1.8117951489609779e-06
-6.96397025589609e-08
-9.591179712424068e-07
-1.3023491933543687e-08
-2.3147742498549465e-08
-7.815824080715366e-08
-3.6511023079165236e-06
-5.97034886751563e-06
-2.6880128991915604e-07
-3.4424789598885736e-06
-2.3125493202441377e-05
-1.3693908907925993e-07
-1.1641414682381388e-07
-2.3066739253151967e-06
-1.9360420060848008e-05
-7.230958366390794e-06
-1.9628256236002816e-06
-2.172868226914355e-07
-2.689011529203577e-08
-1.7671146699442227e-05
-1.5598792845092183e-06
-4.21369444721573e-08
-4.8082672519063076e-06
-4.0906241661636765e-06
-7.689513794195533e-07
-7.353326319599651e-07
-9.886184807142971e-08
-5.161222614937721e-07
-7.645979054738092e-05
-0.0002555161833188421
-1.6930091563343365e-06
-2.5243784269727583e-06
-1.4665399419383726e-05
-1.390455367250805e-06
-2.9846799904455964e-07
-5.560338972850666e-06
-0.00020181704092803147
-6.248783132863485e-05
-1.6317677272340568e-07
-6.110369868157314e-06
-1.1588955176247152e-05
-3.6053876861719043e-06
-9.092952002671766e-08
-1.1212997880163558e-06
-3.3778323920621445e-06
-2.900310673210166e-06
-2.2282800826877642e-05
-2.136011186102303e-06
-3.996428674886356e-07
-1.2117324012662726e-05
-0.00020377658805739336
-3.011999240464452e-06
-0.000249719769441363
-1.1562720467565253e-05
-2.3043544421871008e-07
-7.38521868713302e-06
-3.855524974838173e-06
-1.0019921484038642e-05
-0.00025134752472287677
-2.293349849507968e-08
-3.1687239624110762e-06
-1.487153267692088e-06
-3.263713384823954e-05
-5.1427809844174476e-05
-1.9728600868844915e-07
-2.579061028447729e-08
-9.415180929054987e-09
-8.213302753794218e-07
-1.2873207787908375e-08
-3.804885923363046e-05
-3.1971753034119127e-07
-5.406946867581216e-06
-1.1003695984292153e-07
-4.0780579382938543e-05
-7.884557005552928e-06
-9.559046135442081e-06
-4.251908001192331e-06
-2.186402157845906e-05
-1.765376841917348e-05
-2.678357731788648e-06
-6.550379183074135e-07
-1.0867632303724888e-06
-3.6658859688169665e-05
-3.677397008880264e-06
-0.00011128020800365673
-4.227597798821508e-07
-5.8658131943988686e-08
-5.17895505172775e-07
-3.0480842772095924e-09
-6.514187557800762e-05
-1.730931329212713e-08
-5.469576639430952e-05
-2.734193123376345e-05
-2.5738794513934204e-08
-3.47952592667831e-07
-5.935262980866194e-07
-1.2708348547351951e-05
-1.1362378543297906e-07
-4.500783471674287e-07
-3.0839725497959014e-07
-4.935616467396206e-06
-1.9107401014123162e-07
-5.073693784324668e-06
-8.305013692800951e-07
-1.2667584596684934e-08
-2.808642436282517e-07
-9.938381730378342e-05
-5.319667078387512e-07
-1.7842279406826168e-06
-2.2996399401263634e-06
-2.290902178087539e-06
-2.8474142977270238e-06
-9.553615122108036e-06
-1.2570672105230476e-07
-0.00010242955004598645
-8.891309851097871e-08
-1.6322722962034142e-06
-9.929563231587157e-07
-3.8199022104230247e-07
-3.293918179423608e-05
-1.0012689496944626e-06
-3.101114444444608e-08
-2.8877445537508325e-06
-0.00017241097883356272
-2.928248199512418e-07
-6.496937607460252e-06
-1.3904151256614762e-06
-5.264646236571174e-08
-2.8250502865774653e-06
-5.858124379694077e-07
-0.0002730106116236473
-0.00018625444227311655
-2.519541513877773e-07
-4.1859945973661885e-06
-0.49202223175963933
-0.7188689433863726
-1.0278374851705208
-0.26081275720062497
-0.2340541309693579
-1.7493658646492782e-07
-6.736067323153274e-06
-0.006237510270352859
-1.0050684849933064e-05
0.9523713651773369
5.132065425157338
8.11488324717135
11.754233577423399
16.951274715640757
20.879877110300182
-2.8118492099193404e-06
-0.00016884320979442208
-1.3218180265187557e-05
-8.701448523486159e-06
-3.068365349559023e-06
-1.5921818245323612e-06
-9.282152983631432e-05
-1.3161123830898882e-05
-9.512262543371823e-06
-1.2576208271537347e-06
1228459.0113301151
331075.6739109064
39864.504088791495
6947.2570675223615
3767.464853017365
2763.4465869812575
2304.3704139647925
2096.183254719566
1984.5174886354723
1910.9117307904685
1857.9529401830666
1818.5941076867446
1783.2480349767352
1749.2159630655528
1715.1334067480273
1680.3258877189924
1644.8737873021153
1610.4992737976302
1581.5471963375667
1555.1342496189766
1533.9964465685878
1514.7199869324622
1496.1830705037887
1478.2060560325895
1460.8563706146872
1444.231190831531
1428.3752285367925
1413.7599039273073
1400.2115644825928
1387.5957124502684
1375.9214855523996
1365.2484968441217
1355.642308572438
1347.1553283848575
1339.6824878281877
1332.9550898600933
1326.7212142111912
1320.8444893828116
1315.2391977538352
1309.878537938387
1304.7304015372918
1299.791071160634
1295.0506714258197
1290.500445287792
1286.142174068412
1281.9753704582974
1278.003459863246
1274.2247653906943
1270.6631691307305
1267.4164971040204
1264.386782983635
1261.5625741133501
1258.925075985419
1256.4582798141585
1254.1417016561893
1251.9487477071912
1249.8388082439494
1247.7787372913263
1245.7544797964972
1243.7619824327367
1241.7967559882418
1239.8578874875948
1237.942246609277
1236.045027052549
1234.170210148207
1232.3107245398053
1230.4685849923292
1228.6422203265674
1226.8298304034915
1225.0308717997323
1223.2447629031176
1221.467920049747
1219.7029959021422
1217.9481742474422
1216.2028129534629
1214.4663743262004
1212.7369739148967
1211.0163938472665
1209.3025257476213
1207.5959718478512
1205.8947215663813
1204.2010435307948
1202.5121141111422
1200.829252369314
1199.1517072573076
1197.4792991826248
1195.8106169125322
1194.1460900727573
1192.4871374147524
1190.8324280068737
1189.181182990558
1187.5356445623615
1185.8903207225674
1184.2506700952215
1182.6181097891488
1180.9914526011971
1179.367527992665
1177.7457165273306
1176.1255485128345
1174.506925847294
-4.271952962143175e-06
-0.0003656422149989651
-1.7305493065919643e-06
-1.3965544156909986e-08
-1.2635145955598714e-06
-9.433967591390909e-07
-8.499573827613502e-07
-4.1555048085524145e-06
-8.424259533316349e-07
-1.5800893454971746e-06
-2.5070604197380137e-07
-7.40748552601791e-05
-3.1704054681273585e-07
-5.79633453548298e-07
-1.0911998411350666e-06
-7.833824668461323e-08
-6.483418145840275e-07
-1.956451311218943e-06
-3.867173900772056e-06
-1.0001240822732014e-07
-0.000170368371371582
-1.0811180008086682e-05
-1.8014655156726576e-05
-4.9148806375897836e-05
-1.2942648261002298e-05
-3.782491690677652e-05
-1.3777031557521594e-05
-6.661860192996138e-05
-5.79713525178552e-05
-6.281039228298206e-07
-1.7784334551384254e-05
-1.3208058597252108e-05
-8.504653321228943e-08
-1.7262888209496614e-06
-0.00013813116131311184
-4.3686396761301215e-06
-4.184589306207084e-07
-1.2067243172943738e-06
-1.3274169675379974e-06
-1.2699214640701824e-05
-5.217824170260091e-06
-0.00013552043089797155
-2.158797763247642e-05
-4.219934024905932e-05
-3.136047680834684e-08
-2.073432507096247e-06
-3.306532280162957e-05
-4.7553377836444996e-05
-3.392773533953346e-05
-6.029054646523928e-05
-1.6008264645317902e-06
-3.870738711003717e-06
-0.0016894946339205668
-1.344352642021044e-06
-1.1911033829203377e-05
-5.255226546054465e-06
-1.8689222363226834e-07
-7.98887353554002e-06
-3.6124243215485957e-06
-8.650721147854633e-08
-4.5122798909253754e-05
-1.3365838975549884e-05
-0.0005624332078784635
-8.206554161913888e-06
-6.095722583784464e-05
-3.917523428669614e-05
-7.931448311134786e-06
-1.4182923819699199e-06
-5.4706138872458876e-05
-4.454651126525988e-05
-9.262278804639349e-06
-3.7371942658956575e-05
-0.15147271417565722
-0.1623601882105865
-0.0012500891689888167
-0.0001054622937616608
-2.9051530598786207e-07
-1.1602387423741981e-07
-1.5424376574346534e-06
-4.446566589622299e-08
-9.747482826857375e-09
-0.00019319422962919011
-7.269423576411287e-05
-0.0034318317282589876
-1.1050579118019083e-07
-1.9336704623945669e-07
-2.26883450301372e-08
-0.0001196367850546523
-0.00020397418641037796
-6.5000474717296e-05
-5.751948593167107e-07
-5.36723119563221e-06
-5.603878755730233e-06
-1.6132295233761518e-05
-0.029068747791541494
-2.293325482476601e-05
-0.00020163971129496822
-0.0001138843714873205
-6.836276142232385e-07
-0.00024375021504286236
-0.00016657143706528909
-9.809860230570689e-06
-1.890443025334787e-05
-6.523107390816399e-06
-3.5358241132707654e-09
-2.1111811220301096e-05
-0.00020810547253825986
-1.9779076333017437e-05
-2.895468474774229e-05
-5.3176788500453346e-05
-1.2499199972085977e-05
-0.00024203565681918653
-2.9301294912752062e-05
-9.907457595841488e-06
-7.605443324675499e-05
-3.0056396744879683e-06
-0.16312318721363706
-0.16005812354277404
-3.923376188195889e-05
-3.3828976027841626e-05
-0.00013227921920556224
-1.0814685606648284e-05
-1.0316171562718394e-05
-8.992283698721154e-07
-9.110199517616576e-07
-9.863701049415361e-06
-1.4934054190422593e-07
-1.767694965367204e-07
-2.912618877134786e-07
-3.99392746351394e-07
-2.709392615250245e-06
-8.965933762338006e-07
-1.161933258171682e-06
-3.852455013332144e-06
-6.192814801389931e-06
-6.478226392836144e-07
-8.117462094282882e-08
0.08146299661301591
-6.08075587257672e-06
-3.8292057311501236e-07
-0.0003144132466327204
-4.987229254261445e-06
-5.110068076301501e-06
-1.818806947708211e-06
-2.866314675731997e-07
-3.7038418183099945e-07
-4.4811909684988175e-06
-6.64429198711476e-07
-1.4290767428176881e-05
-8.097790477771981e-07
-2.118307503935388e-07
-7.504114896079667e-06
-3.9789908010699526e-06
-2.9659169089991675e-06
-1.0165671548753105e-07
-2.1063396417419532e-05
-2.4938538213093483e-06
-4.814796159941799e-07
-9.562516643676266e-08
-2.321310260269169e-07
-2.138436170405934e-06
-3.371840385732279e-07
-2.2487805252636195e-06
-7.312099044142841e-05
-5.116325066341052e-07
-1.0302387939289827e-06
-1.821827784691264e-05
-1.5386230187678324e-05
-1.0354539088760986e-05
-1.4389107462749156e-05
-1.8598491657217893e-07
-1.2095283217196908e-06
-4.324928073831812e-06
-2.087088647377029e-06
-4.5977046770210465e-07
-3.6505091945274285e-06
-8.096908345014032e-07
-5.01701447378961e-05
-1.2214156216978871e-08
-1.2478238854022032e-05
-3.2146323557725966e-09
-9.811310811879392e-07
-4.535685864052705e-06
-7.642430082604618e-08
-2.8854516710317695e-06
-5.061601612489511e-08
-2.5577520218430377e-07
-5.1427087597074735e-08
-7.750217754417655e-07
-2.155192143972351e-06
-3.3243074813074323e-08
-1.9973738339651068e-06
-2.661569596300377e-06
-4.921047222745433e-06
-1.4752845092186869e-06
-0.00029875732478161813
-3.106573820449777e-05
-2.131951452204051e-06
-1.7088046651634e-05
-0.00010553629215832306
-8.523558326397932e-06
-6.740916699114797e-06
-0.0057021949694028105
-4.0775679912631686e-08
-6.717678984197283e-06
-3.737952036437318e-08
-7.5662210528350375e-06
-8.90215700841827e-06
-6.2396022081032835e-09
-2.6566075712626934e-06
-2.3204890240272813e-08
-1.0366260343163316e-06
-5.922715269326654e-07
-2.973668770227424e-07
-4.1314849361200456e-05
-2.3950035220602892e-05
-5.670267650186886e-06
-0.00011288711864166636
-6.405511576895836e-06
-6.075964895635841e-05
-5.282161046088979e-06
-4.649929453090562e-06
-1.6282101624364673e-05
-3.67795000742864e-07
-0.00028397097077634677
-3.2548820101418964e-06
-1.2009493901607136e-05
-3.2979827785770247e-06
-8.880319448133301e-05
-3.1360813418542285e-05
-1.2345282933568916e-07
-4.346450386902038e-06
-7.551296102885636e-07
-7.275229430984379e-05
-7.738904295734025e-07
-1.6671376921611995e-06
-2.4556171217968036e-07
-4.824173672352004e-08
-4.935959980298e-06
-7.04704721039839e-05
-1.231834004167982e-07
-1.2926499917616772e-05
-1.55921087290059e-08
-1.1400688857769793e-05
-7.844409760840513e-06
-1.4971914428945821e-06
-2.0888519560608117e-06
-3.709526771676636e-05
-1.8307433262113592e-06
-2.467902503813706e-06
-4.0542311470169945e-06
-9.287468875023618e-05
-8.997539017239427e-07
-1.9564021936224102e-06
-4.03467025337132e-07
-1.0421989911050624e-05
-1.9512298346417313e-06
-1.429669691436271e-07
-1.933304926324191e-05
-1.062321923343993e-06
-4.543833938083207e-06
-2.0794046558850173e-06
-1.2797586427896837e-08
-1.8232770849101085e-07
-3.7067983684027737e-06
-0.00022513228811074017
-2.4751507086989957e-06
-4.846014434348527e-07
-2.9385349490073967e-05
-5.229485458031581e-06
-6.539107464155316e-06
-4.830188938609419e-05
-5.76301911402898e-06
-3.0843024471421892e-06
-8.659953073696234e-06
-4.695449460270801e-08
-5.580798804125823e-07
-1.8355460724430572e-06
-1.8289729122255913e-06
-3.440338140794547e-08
-1.2531745083197335e-08
-9.918463804857868e-07
-6.08412202923311e-05
-1.7144215738418436e-07
-1.6224707590455984e-06
-3.7054019461361095e-06
-3.1490216572796987e-06
-2.127454426955508e-08
-9.552346811101167e-07
-1.4796087756065683e-05
-0.00013174226823740436
-6.117650565718032e-08
-1.283062017244398e-07
-9.853141382744236e-07
-3.2876893834323227e-06
-5.756591852806445e-06
-1.1600697730087472e-06
-1.949882598441439e-06
-9.411346210420118e-08
-3.5430301816905825e-06
-2.4367860749875534e-08
-8.068887123475015e-05
-1.0546699846426914e-07
-8.796759811688983e-08
-3.681312485303865e-05
-6.207619552899035e-08
-1.1949860524672602e-05
-1.1796337878927786e-06
-8.817009192755018e-07
-8.197345198188508e-07
-9.813531699363953e-09
-8.826830526498853e-05
-3.370553686570988e-08
-2.219645368579044e-05
-4.766036584330835e-06
-5.0491239600122506e-05
-1.0336661300448211e-05
-1.3856149122007144e-07
-1.3597756232573798e-07
-2.852168435104047e-06
-1.6688443733962042e-08
-8.860398988553684e-06
-5.987209838307593e-06
-7.509920041128337e-05
-1.960582561044189e-07
-1.1955590706944425e-05
-0.0001905282892070475
-6.586243608518976e-06
-8.163773002137488e-08
-2.0522678025237223e-06
-1.1445938923774014e-05
-6.75873802557838e-06
-5.327810227374839e-06
-2.5708062103473465e-07
-2.2641275611864364e-05
-7.19956005622604e-05
-3.1292547268414546e-07
-8.033984523420414e-07
-8.62087691691242e-07
-7.511457347714296e-06
-1.8440012604095823e-05
-4.0264964629395506e-07
-0.00015616220926921502
-1.1722380656536627e-05
-1.3394757654922109e-05
-1.2931567667710097e-06
-4.825087852417873e-06
-3.148515141286183e-05
-1.7116440678788968e-06
-7.0812421769540706e-06
-4.322362675395637e-07
-1.1892614320068588e-07
-5.498933831524736e-06
-1.2915164290031956e-05
-5.114458808911064e-07
-3.638120133418662e-06
-9.43015396232439e-09
-1.7419480014606183e-08
-1.583739625678693e-05
-3.562482535251722e-08
-7.204948852922835e-06
-7.719055942125002e-06
-1.880291959963943e-07
-3.173345518986016e-05
-1.6212843414127997e-05
-3.8431214158254165e-05
-2.784607022738892e-06
-4.2603320305408524e-05
-0.00016312405412356122
-6.789959535301277e-05
-1.266326732150086e-06
-0.00012303137373289997
-4.839828341162464e-08
-2.0616746749642165e-08
-9.605571733293678e-08
-0.00014232069521440748
-0.0003500143098518176
-5.808476331633132e-05
-2.872261609891621e-05
-1.3427040567566595e-05
-0.00016301266815529824
-2.0809355966734706e-05
-0.00010081558286441011
-0.017134499153292262
-0.005445653220110905
-3.253531342576928e-05
-9.107523078952882e-05
-1.289290739357538e-05
-8.212164324311474e-06
-2.3194098267111647e-05
-2.2222647396737546e-05
-0.0008025588866893814
-4.596095014719468e-05
-9.474243740904084e-06
-6.078043818956433e-06
-6.426403196106456e-06
-3.2286600369336763e-06
-3.6827811014475676e-06
-2.8352295156627784e-07
-1.0119178538785616e-05
-4.3699932974364306e-07
-4.325953660597832e-06
-6.075099119035288e-07
-6.270805578000556e-06
-0.0008400343947599398
-1.4620722312945956e-06
-2.4889783233844015e-05
-2.1620889508027954e-05
-4.7011196460315946e-05
-6.002788135670311e-05
-5.503037939355122e-06
-9.189028759453344e-05
-1.0689820029109946e-07
-3.6831391604077806e-05
-1.6667695537239363e-06
-2.146478444764097e-05
-1.4445600831761075e-08
-0.00015164381705046109
-1.884687552281817e-08
-2.471412512025548e-09
-1.269057493794615e-06
-9.531683932128628e-07
-5.824066544165518e-06
-4.595603100253404e-06
-1.6425239976905297e-05
-0.0009804813319394584
-1.4994814874257016e-05
-3.815199545654002e-06
-3.9539225556898195e-06
-2.277048036653962e-06
-1.1557370383835592e-08
-5.6702723280795425e-06
-8.625803374836514e-08
-3.11822707357754e-07
-0.0003685095267328428
-6.553970774105938e-09
-6.882003747857636e-06
-0.00010017599007055447
-1.9736668774439307e-07
-2.3731869468564675e-05
-4.105991409771721e-05
-9.295272323129643e-05
-2.212415346588076e-07
-9.864097345830862e-07
-2.509744626585597e-05
-1.3151403381120065e-06
-1.502439197856171e-06
-3.6480909439428797e-09
-3.4382924238063626e-08
-5.0411998200417664e-05
-1.5067271698497126e-06
-1.5216992640598315e-06
-0.0006060348767166631
-1.153118951353996e-05
-2.2486865906888176e-07
-1.0690034984210054e-05
-8.00683893362117e-05
-1.4209629574293215e-05
-5.908439564943887e-05
-1.6963749716028514e-08
-0.00032159614478756275
-1.2649688525240878e-05
-4.882443703808441e-06
-3.60890110224505e-07
-7.357850518814056e-06
-0.0003057793890961842
-1.3781910183788543e-05
-1.598120836517502e-05
-0.0009075261549993741
-8.434411118640078e-05
-2.4811676921545405e-05
-0.5300572611867989
-1.3021431306151025e-05
-3.0749798312695238e-06
-3.110453213731701e-05
-4.394100142619896e-06
-1.0495175292750743e-07
-3.6979287090005494e-06
-2.050534555964365e-06
-0.05699508257464536
-3.912153301048298e-05
-6.649622416635315e-06
-2.4867944463943025e-05
-0.241297880688506
-0.1413438828619347
-0.001533318555778885
-1.5891238134626338e-05
-3.2953148967419334e-05
-1.732028789349126e-06
-1.110571413791983e-06
-1.669283581184919e-05
-9.518000758892304e-06
-0.0001809539906295437
-3.892529566305608e-05
-3.906949569224318e-05
-7.323915231488249e-05
-1.9643625069158115e-06
-0.0036466993934816364
-5.349372153104932e-06
-0.00029313089516298265
0.5397120155131013
2.1833238464702647
5.751244894419608
9.077194096306819
12.555638845415432
16.320965970578207
21.0057973424406
-0.0007327986530005059
-8.535603379334735e-06
5.823768107441002
8.619934784931981
10.667862387288855
12.859038341591452
14.435239697637833
16.320415129817487
18.62504728650259
21.722340461361412
-1.3098018287953825e-08
-8.332014499948066e-07
9.037670621807537
17.78029731563831
24.04601848540642
-3.635805215639574e-05
-0.00016758676988827447
4.907241583452209
7.636758628212254
10.415033459691921
13.018784565092885
16.517880294365987
20.362902124096102
4.228791677886981
9.720166420277511
17.599376245559284
32.9683479437512
1.378142403514545
-0.0006665282810390596
-0.02419207060786302
-0.00012213048826533864
-0.0009735059240369677
-9.726452027909302e-07
1177.881684310546
453190.9896868356
5552.188572961369
288.8060751963788
116.58209800600714
61.59723499333913
53.64197120226326
52.536438727367404
51.948588255770325
5218.897217284047
1239.3651679529376
701.0238928143881
466.74479913105415
318.98851168846124
224.8999790703983
164.14645044593806
133.2493000662404
116.36236765219682
104.78878973474777
95.21182992097376
86.61916546884112
78.66178360211327
71.1492163587151
63.951150985315095
56.98575880152133
50.22115410151595
43.6836670040615
38.09756584094839
33.48244959445609
30.096439789949912
27.51131002658139
25.467904554063505
23.83629155296323
22.527457953216377
21.468930188225762
20.60286992097203
2873.559028801275
433.2123969416513
187.40822674852885
98.77578730980034
57.83253517959637
43.248278919727625
34.88383709946244
28.299153982021913
23.227976437869994
19.405984206029885
16.518242533739986
14.335837746334196
12.691627022806687
11.46589444893141
10.561170509768113
20601.430188543538
2704.1291937962296
211.79396396207144
79.10060606677052
36.864022883223015
24.832305283022396
18.891169798071562
15.500934894003459
13.494749258297439
12.148979209741746
11.189298707103035
-1.4944937458515752e-05
-3.681575917403493e-06
-5.5116398223748465e-06
-1.2868274745690172e-05
-1.6759874988347953e-06
-8.439588826304898e-05
-2.619327625505103e-05
-0.0004046915263327896
-1.941762384636264e-05
-4.317153892718322e-05
-1.1987841510057137e-06
-0.00010141918974103996
-2.2699498643482283e-05
-1.3794512187921082e-05
-2.7895476195674504e-06
-7.645328910819675e-07
-7.048259782079584e-06
-3.244186349239519e-05
-1.0660671720529138e-07
-1.9813693520703588e-06
-2.0704641000587133e-05
-0.0002332185526922501
-7.122206481511484e-06
-2.2578645421551046e-05
-3.9178381265775244e-06
-2.686300105131093e-05
-6.775963629621214e-05
-0.0002468797721803416
-3.004974955371767e-05
-0.02470807956963433
-0.0002550828955956351
-1.3280067513649595e-06
-6.99568360834195e-06
-1.827675370419814e-08
-2.352555173908708e-05
-2.7807669841402316e-06
-3.004418916499724e-06
-7.820560428918192e-06
-5.2917144251571275e-05
-0.00019724155438263942
-1.2495714957233336e-06
-1.481647396171722e-05
-1.2492781271861362e-05
-6.658399154625185e-06
-5.806735214658789e-06
-4.724411817472098e-08
-1.424849254586236e-07
-1.2223070841745924e-07
-3.2418363250333764e-05
-0.05830465740739662
-8.578987824629403e-08
-2.0358858322664358e-07
-1.6552664615825116e-05
-2.0752636755182088e-08
-3.777983244423084e-06
-8.298153323772437e-07
-0.00021769884719585947
-0.0003902268783155829
-8.116592885966264e-06
-1.9443655724662238e-05
0.6527292354239107
1.342700145525002
2.4765933031870926
3.2722257303042084
-2.2707016737044576e-05
-9.590741722843015e-05
-0.00043538214146662514
-4.6946898199381867e-07
-1.6741462671278464e-05
-2.1341418471273517e-05
-8.722777173240209e-05
0.005060787361700122
3.0146635377072757
5.158886991739633
6.443866949566958
7.28252088825376
8.286912637131497
9.490501214753214
10.676313821190293
12.026835682959344
13.785750206660895
15.44934371575861
17.035590693266293
18.18095290461113
18.947799363142686
19.221590354435047
19.448915756914026
19.583383124205817
19.722441031631064
19.811917447365655
-2.5721498022877938e-06
-1.1566788997646386e-05
-8.806054471812923e-05
-1.1122353924877242e-05
-5.363637012342236e-05
-3.9809792225782525e-05
0.08484516066565126
489821096.8940187
49786802.14425368
9831235.301062947
361902.0215122593
74809.22401066862
61226.5189733613
55136.25672672859
49274.21099389434
43669.04748458394
40834.02268770029
39546.68215738051
38682.06015192205
37919.10444683862
37191.67747948939
36478.48559244564
35768.82189562437
35060.44612982229
34351.86362567891
33626.95051101879
32889.174325722655
32128.755083293407
31341.421726052165
30518.955458992325
29652.850653647678
28737.25971235586
27760.236822287065
26668.127671548922
25417.58166501865
23973.759133955635
22301.210629946163
20386.86963822104
18387.86478336324
17602.03536937332
17375.963166824524
17263.50939074681
17182.6566586376
17111.687729010086
17044.069375054918
16977.705861641487
16911.884716925415
16846.34484023065
16780.98065560909
16715.74469788955
16650.612881252004
16585.571619862163
16520.611627943792
16455.726878764184
16390.912573025587
16326.164600071113
16261.478690563394
16196.85352461603
16132.284630195238
16067.76967844181
16003.307509615695
15938.893794801881
15874.525764545057
15810.288048343267
15746.967765847943
15683.899145104537
15620.849282442154
15557.812822702841
15494.786707545187
15431.768075798649
15368.754417464192
15305.742933611311
15242.730864472163
15179.715924978922
15116.694810530838
15053.665543919655
14990.624704675469
14927.569328586644
14864.497150811025
14801.372090259092
14737.833370072725
14673.704179105944
14608.987803764367
14543.667624085416
14477.715803475588
14411.096845778928
14343.769425113163
14275.68601336871
14206.791496558804
14137.025072605697
14066.316901369793
13994.587578034141
13921.74667408694
13847.690082328918
13772.297436763303
13695.42854438509
13616.917643917575
13536.567921294485
13454.14190116522
13369.350096510692
13281.833567208865
13191.140339096726
13096.689747543123
12997.719388232239
12893.202588625318
12781.718061811034
12661.226073538188
-0.0002201119048675525
-9.93131046322707e-05
-4.108576043985296e-05
-7.302593275051673e-06
-4.356491276311295e-05
-4.898112819183353e-05
-1.922846255143842e-06
-1.7509757387937336e-07
-5.142531649727438e-07
-0.00011552153242357568
-7.448656951359366e-08
-1.6286410280428178e-05
-0.000869309835943469
-0.0012541609134113548
-2.1830556090653847e-05
-1.4357307269620728e-05
-2.083115673546282e-05
-2.245960263236784e-08
-0.00012156702916552406
-2.996971984705576e-06
-7.320228670221698e-06
-2.5076422970417848e-05
4.271168718113274
17.602757301227662
21.01763400563124
-2.856706349246248e-07
0.2924287718979535
1.1758667149199356
3.43860831444831
6.815979389393485
10.181491768360322
14.76394802866869
20.86679994901505
12.750555880577028
20.076328416159452
-4.044479172319761e-05
-1.0145313481091975e-07
-0.0001444167716422875
-3.351689512199626e-08
45113.26778811001
16359.906913791237
7115.22556059065
3187.009737570343
1663.2410885926597
1113.4562819805565
929.6999231114199
838.0140727268482
775.7221835953264
739.1502696979196
717.0895114341967
700.2089892268419
685.2565987875429
671.4764931371097
658.6359797170022
646.6643543244774
635.1124086611752
624.060846259987
613.4813704080315
603.3471920242746
593.6332801746915
584.3166330034429
575.3756551272862
566.7901621553266
558.5410579642956
550.6109930449034
542.983196116038
535.6422095950124
528.573299429677
521.7629691907022
515.1979633419986
508.8666106990954
502.75738016345224
496.8596508473597
491.16340947945577
485.65912246965706
480.337828340839
475.19089583999425
470.2102759726658
465.3884779229432
460.7199723130921
456.1986652051967
451.8176959223707
447.5701321708992
443.4500883263572
439.4513587217886
435.5679575108102
431.79413007740163
428.1242954504366
424.5528944431736
421.0744792672732
417.68347779131466
414.374353758204
411.1415905928966
407.9798934415232
404.88403543389563
401.8495278531219
398.87273159489166
395.9519959415568
393.1077925096848
390.84522169524985
388.91097170910734
387.05587923809503
385.2717491017928
383.5559575216165
381.9065013231847
380.3214422589388
378.7987412009265
377.33617160572305
375.93142996265516
374.58204437151676
373.28534925680043
372.0384951091192
370.8385236028811
369.68222742800145
368.56631317521015
367.4873107195239
366.44190621314254
365.426683506523
364.43834724239883
1578177.8063035253
268366.49710419716
21014.818374002192
4950.378174752535
2161.6317969676375
1300.8313761587865
1007.6783127194997
841.5707647201475
740.9404653609577
685.548230760544
658.3084912765304
638.0195769475574
620.1767275544652
603.5799126369939
588.0963668992882
574.0532370571905
561.460778135253
550.4429931263901
540.7525731299322
532.2035396994069
524.5760760493115
517.6567150515872
511.2588582303766
505.2380364808319
499.48638103637535
493.9544122753737
489.307372826296
485.1105289641284
480.962525660995
476.8284493875905
472.6629193588596
468.4494510368634
464.2067190141329
460.3314351002816
456.56684876338295
452.76787289939375
448.92909481668715
445.0484075963357
441.1233914862189
437.15145999021473
433.12952360493534
429.0552070219385
424.9258708214773
420.73856059919274
416.4897842838585
412.1769506142153
407.79632282198065
403.3444668196988
398.8175967323698
394.21195445712993
389.52362661466907
384.748554531327
379.88329720605924
374.92483696439047
369.8711853230769
364.7214454631919
359.4771021558476
354.2075891849846
349.1839632009278
344.452791796651
340.0244764377271
335.9024294844089
332.0875992256076
328.5798485134798
325.37881993185607
322.4836073744654
319.8933557715742
317.60749934900514
315.62252750813695
313.9146853358719
312.5501870805676
311.47346900991715
310.6346034757881
149520.01093167192
1556.6919643426795
537.2192961976019
366.56721563444376
310.35346531935403
283.61915192586986
266.4581410741133
253.59534897062076
242.16051777214025
231.20669120985696
220.43073157881747
209.82077929441311
199.66531814694903
190.42313797032568
182.34265970842787
175.5055625465853
169.88884796517493
165.74066385300918
162.8130606236095
160.79030802573325
159.4039170416349
158.4070981642495
-7.5213156366741085e-06
-4.555046974606057e-06
-5.833463955159685e-06
-2.1250352917678178e-06
-3.604121486460545e-05
-2.1069585209299282e-07
-0.00020450157600951615
-1.1777928914245378e-07
-1.1531930180735675e-06
-6.722236007941703e-06
-7.487142240372357e-07
-1.0917169322285189e-05
-3.18559650008819e-07
-3.2396159241665182e-06
-8.572159509779226e-06
-2.19183883345115e-05
-1.019154383764784e-05
0.2181812729036934
1.4544671641112243
4.233545486615783
8.71422756404539
11.199987858969335
12.785951933055863
13.663545457667713
14.254684253043557
14.749902275476439
15.170715058600129
15.499018495783496
15.800637858815707
16.10143754238661
16.409698576732833
16.72991770509218
17.06466602065405
17.419894403581434
17.82524853152321
18.272713368497378
18.876830159863324
19.97604111549349
22.05386883300545
-0.009031230593984519
-0.00011186985650713251
-0.0003241773235034192
1.4983333589889254
2.057255625837416
2.7385038719786485
3.752658368446651
5.0008971631970915
5.973750572327716
6.880882036123321
7.357960279923915
7.664138680625777
8.003638034385308
8.402293657397902
8.882112946066547
9.481201430850986
10.263748765104914
11.34690936327927
12.176237635925947
12.331574206440672
12.459548427978072
12.581895777775797
12.701384134263511
12.820061334316064
12.938656292901662
13.056744555833248
13.174322798901859
13.291316500648879
13.407628388460678
13.526244134946968
13.643736660232731
13.75584190172401
13.869655650604162
13.978147705408821
14.085271592615449
14.190786106802262
14.294472958754147
14.39641529123824
14.496123019739438
-1.0753972639680441e-05
-2.907792267783755e-06
-7.022871281307664e-06
-0.0019466735440558651
-8.189292532934479e-05
-0.30435344769214745
-0.0580713979908076
1.634590577412492
4.542411952661121
5.882298904229848
7.142630920759194
8.21186929252113
9.480057263460207
11.198661218570814
13.188839319132741
14.234004771926351
14.681060503545034
15.27127145354786
16.179553638243465
17.41404392128737
17.631892100847715
17.802479911189764
17.965570032881818
18.12866921561051
18.29318640405229
18.458952684147892
18.63107624803507
18.803261694397857
18.96904969247034
19.1467194248574
19.32020743311342
19.4976553427701
19.673504738863162
19.85323708511382
20.034757482948677
0.5227105127668108
2.701692991702886
6.284204450312118
8.432540287674374
9.355515332306776
10.136057047900504
10.83310835739736
11.59597203120864
12.462225443033187
13.073160760793856
13.266702835220512
13.478555560354025
13.688927000518959
13.91064091711647
14.148137573266784
14.400572703786345
14.672853863041778
14.935496680725013
15.158725531884569
15.385586249978742
15.615881021243615
15.858402834303659
16.111134638606668
16.335947125779963
16.612941434792823
16.85411629518028
17.131730252123315
17.40405001436014
17.686518646643307
17.98824171133292
18.299643346106336
18.644261984252783
18.985343839479693
19.174780115709176
19.365364661040687
19.559268653311147
19.752484794121028
19.960183478380763
20.175865873661994
-4.269707423773486e-05
421227.86938240944
30003.33957658639
3041.088226323386
2292.31230448422
1978.9426994688986
1810.8203524872542
1693.7677499372428
1596.3690222986147
1509.5387831331875
1429.9244963131757
1356.2810427502645
1288.0890270976392
1226.2173664541147
1168.866017202381
1115.2872626093952
1064.9395306953372
1017.4026817685144
972.3553091231444
929.5480696907662
888.7798771384803
849.911117287638
817.9759451941832
803.0252051007109
790.9087614607822
779.7475798834246
769.4042458364386
759.799389476487
750.8661548756988
742.5447509367448
734.7825226035677
727.5320266504285
720.7495951058744
714.3962699957347
708.4366315031942
702.837854948843
697.5708629337568
692.6086864773979
687.9273987767731
683.5045463163249
679.3202373406758
675.3562315441626
671.5958676226688
668.0241533492898
664.6273261414059
661.3928519290614
658.3093089282618
655.3662713834091
652.5542114351013
649.8644056753222
647.2888418715147
644.8202008998868
642.451741421402
640.1772832720143
637.9911132597956
635.8879656031482
633.866599229695
631.9230708868756
630.0507769209279
628.2379633288724
626.4850040517944
624.796493306257
623.1834213416746
621.626336305731
620.1024464820186
618.6307326462642
617.197952646942
615.8076226809729
614.4452846923592
613.1178809785115
611.8196740229213
610.5499904509579
609.3164584572584
608.1040523450581
606.9162581340776
605.7553845255194
604.621341826723
603.51148998701
602.4302357693418
601.3649094756521
600.3269251387402
599.3038081165973
598.3017587413178
597.3185054126468
3408227.3929857425
1051228.1922869345
338478.45880347764
101271.44931743226
15368.944522053285
3999.2279164529227
3299.23619447679
2918.26985897887
2657.9430270013277
2453.059003016084
2278.36911534421
2123.029849174716
1982.6234039883427
1855.1741634508057
1741.317697224829
1636.5784350695815
1538.9137709146223
1446.7949203793576
1359.6195587852133
1277.3522987701758
1200.186262529708
1128.3895953662602
1062.281670662311
1001.9004975448396
946.4085311842884
894.9626471405959
846.9792309442681
802.0211358755913
759.7711179083425
719.9901290533999
682.4870884023372
647.0946118409995
613.6137559819039
581.8812855119511
551.7711987956227
523.1697904563347
496.0262128167143
470.79812907156276
446.9266038605458
428.0133589112118
425.37387919058585
425.14101001166296
288274.7277880023
45377.09419545674
6950.166585721696
4752.6603405745955
4241.291510029331
4086.2231400474116
4005.652696843254
3950.701875932739
3906.855419837919
3868.731557720547
3834.0322732041664
3801.584782749109
3770.700917864472
3740.9296918093632
3711.9461296913328
3683.512613483921
3655.4412808601155
3627.5747153272528
3599.7736609772774
3571.907725761568
3543.8503730935295
3515.473825095187
3486.645913685077
3457.228158215702
3427.075525322015
3396.04143539785
3363.9956065909714
3330.878738279845
3296.882977873408
3263.6513751167367
3249.2073070405118
3231.7996626054805
3213.6619891902737
3196.136638378394
3183.422142289629
3175.993718284354
3170.6517635143086
3166.512334021841
3162.921483589961
3159.579987104206
3156.362443378539
3153.2139688145344
3150.1080673363886
3147.0308719799878
3143.9744858346935
3140.9339304544196
3137.906188679634
3134.889234183855
3131.881644569976
3128.881948071078
3125.8893550561456
3122.9030176793203
3119.9221045303084
3116.946156781923
3113.9743239162053
3111.006573788406
3108.042105231195
3105.080985432048
3102.122618731007
3099.1668286036206
3096.2130818395617
3093.261472078268
3090.3114834600324
3087.3631426083384
3084.4162139991895
3081.470453119886
3078.5258923734355
3075.582220519175
3072.639351524932
3069.6972434879212
3066.755827117642
3063.8150209073924
3060.8747966674473
3057.9349461158654
3054.995616322857
3052.056475231817
3049.1177667184597
3046.179268114633
3043.241018014647
3040.302914919751
3037.365030052023
3034.4272746595984
3031.48893116708
3028.5514471709716
3025.613846248874
3022.6765711351272
3019.7391850300087
3016.8021450225606
3013.8649755748625
3010.9279408565453
3007.9908687205934
3005.053959258688
3002.1170477286605
2999.180328255633
2996.2435675378447
2993.306818927691
2990.370232594918
2987.4337584893947
2984.497250899945
2981.560901910852
-1.4868943395959633e-06
-9.349631256861858e-06
-4.208747020368974e-05
-3.837764485725432e-07
-1.2842927989087322e-06
-6.885213519622487e-07
-3.673648757258356e-06
-6.92871233825641e-07
-0.00010242581031441291
-8.684645884103868e-05
-1.2800528877673445e-05
-3.3373369180643477e-07
-1.6065213953692011e-06
-1.8523517695905996e-08
-1.3217511804145908e-06
1.8385285015064519
5.863700680892379
9.758219505790493
12.8521524581075
15.968681560454153
18.102202670531696
19.26261487730465
20.46942452554633
-0.011386721072992174
-2.2902371325827205e-05
0.2653856015356468
0.9528673020785894
1.3085436679835234
1.864691066136652
2.876501420421539
3.8789331654553543
4.608044637366706
5.4806854686285815
6.414943712652565
7.617166675133976
9.271158016587352
10.521900776306378
11.541545844895694
12.638560533053534
13.543447581772291
14.42830784629799
15.03293706879359
15.556287197072711
15.876561943733224
16.13346939465649
16.4014865708866
16.681617960686584
16.97474006378238
17.283969431405
17.607933722204525
17.95013026047757
18.310218661337665
18.690001931070487
19.090891481544777
19.51251059166961
19.961196434639305
20.434790900452043
-0.011170881988145665
-0.06099496696066396
0.545248476268529
2.6656313406440364
3.6893310172760163
4.657662788485221
5.354757142943098
6.017817419215249
6.614741291740929
7.265993348976072
8.400360032445063
10.94381988614687
17.85748004170791
18.985125036026464
20.00747381491389
-0.04277697405478421
-1.8223495063003238e-05
-4.62509718608523e-05
0.32270547845506037
0.5241714669315947
0.7021180114179637
1.0236377333795148
1.4572982182836152
1.8457522761131622
2.403067072134729
3.172792779147604
4.45534311717885
5.710066743449395
6.523285153721088
7.214412428180218
8.047191479225859
8.966258642439973
9.591233091364192
10.19795219443887
10.751639812705076
11.033876409534093
11.18041121668493
11.274660801024755
3.970847924612592
6.965477916600722
8.082265502398517
8.705717748164572
9.338225079645024
9.999916789187333
10.649376755875904
11.353153626921586
12.11806347075663
12.850700584379407
13.533769892077144
14.314591411329918
15.269442430009407
16.489948668525905
17.14898769214136
17.441093479400728
17.574002776811174
17.690517116117285
17.758482093791226
-5.874161315819216e-06
-3.416075977631811e-05
-6.745265623934525e-06
155502.13214977024
18315.77798189579
3888.7211439940015
2408.8046755370788
2106.267040048268
2007.569192437729
1956.9882895295452
1923.108894158374
1900.2522195643692
1881.796053691046
1866.0179113613212
1852.1901921251776
1839.900054387037
1828.9082788626838
1819.0841153932108
1810.3653879974643
1802.7286265401167
1796.160916326627
1790.6428882814268
1786.1379010190033
1782.463346068268
1779.2557287085112
1776.3182331038502
1773.531147532723
1770.899072315537
1768.6739223271552
1766.8645599713657
1765.325347256034
1764.0269827950142
1762.8986615453032
1761.8909538022879
1760.9683817372481
229848.05734266376
50049.155440820614
6445.7833178298515
2230.331380885731
1300.1278194175457
943.0739504401332
774.7954931333262
687.5957200111204
634.0844449781241
592.7396030370206
556.7239244677528
523.6980433754479
492.66715322449113
463.04174135992446
434.5648431402779
407.1640636739347
380.96346913824107
355.9555228644855
332.1886058841264
309.85295526407
289.18700654150183
270.16966675256975
252.77300123500163
241.46356364850266
238.80043691905743
237.3565369299773
236.24780912216877
235.3510991004111
267350.096096315
28885.916956561072
7930.195373715325
3570.9892954840398
2032.8570904595754
1265.9255072462934
944.8625944388416
816.6900372136159
733.6259732648562
674.9860353973103
648.4594230881381
630.6557144100916
614.2744580528148
597.9051860233898
589.8845114717521
586.5743900870625
583.88058136107
581.3934165835369
578.9978521991923
576.6405151682673
574.2902951574664
571.927332128937
569.5380233152166
567.1123637434516
564.6424139925264
562.1211361989084
559.542086612381
556.8986742002925
554.1841323073952
551.3908465419865
548.5099960351902
545.5323860050727
542.4466868536649
539.2387378899521
535.8913530340034
532.3805962249444
528.6754404202948
524.731279002141
520.6451913228678
518.5643496982944
517.6464614190667
-6.148127703330062e-06
-2.3065841024632844e-05
-0.00013921776947176337
7.451886714024997
18.966529513044122
22.34190310697468
-4.971490340788814e-05
-1.150786599644741e-05
-5.496920063053146e-06
0.2571922839295569
0.32885548100143674
-6.763149460561447e-06
-4.098804658851258e-05
0.1220446522665129
0.7448982703634003
1.0154337067368038
1.3340236525251892
1.7560804213414902
2.365812212595996
3.3472088462593987
4.219752178576804
4.775832746827401
5.265501335576132
5.714046792949037
6.163110808579534
6.616641460333188
7.0590763680421205
7.481405249263533
7.8447012386824655
8.152296723601703
8.443781977101885
8.725000961724145
8.849091213098433
8.876131050338818
-3.1872901020400084e-05
-0.0041085033118542814
-0.011014884624251719
1.0851648736544337
1.870566015238524
2.932518843830545
3.9303518797880876
4.566556250802508
5.07177500656149
5.523478789814328
5.833280693060454
6.118863749622011
6.520017180785862
7.060484206562259
7.436455189332142
7.791828001850524
8.22014002451468
8.357280171039228
8.409860843211518
198766311.09308192
31628661.280089997
8933548.355531646
3174561.845297576
1395803.7310505442
953187.425176457
706029.1091459455
551475.280279365
428047.40099222254
275044.9212225367
153288.17093329752
131870.93057751714
130673.50874842638
130072.78629677555
129501.06951728645
128963.60469880531
128457.19950857254
127954.66863623234
127506.10092400748
127102.5463452799
126702.45820901573
126305.02017188023
125909.88283731068
125516.7803468105
125125.53575889375
124735.99874970537
124348.07096060741
123961.68019764409
123576.75010464317
123193.2483579804
122811.12858597912
122430.36977222718
122050.9573629599
121672.85750491527
121296.06466253957
120920.56654453889
120546.35563374353
120173.42429383867
119801.76473176922
119431.37308174516
119062.24329006688
118694.37223799391
118327.75490544693
117962.38717712487
117598.26420271584
117235.38768679809
116873.75312891782
116513.35736495785
116154.19723537339
115796.2712054029
115439.5762256965
115084.11079078072
114729.87107264751
114376.85652347407
114025.06264308811
113674.49036776659
113325.133992515
112976.99414295958
112630.07223198206
112284.36629728101
111939.87516329694
111596.80634161331
111257.7279596322
110920.67798282314
110584.78540963773
110250.04834822366
109916.4659421568
109584.03862740197
109252.76466706353
108922.64436513331
108593.67559199689
108265.85878695302
107939.19513549362
107613.68091039006
107289.31687226346
106966.10251214282
106644.04594693021
106323.13936698958
106003.3760332619
105684.75648123084
105367.27940356349
105050.95475172948
104735.77568427511
104421.74362034963
104108.86355081701
103797.14065084695
103486.5643906029
103177.13545653188
102868.8545764055
102561.7206818341
102255.73415367366
101950.89662116523
101647.20752433
101344.66721307757
101043.27598460778
100743.03436747826
100443.9428481209
100146.00207675734
99849.2125424966
99553.57492206697
0.13539843771198448
0.29238667851475614
0.5284665773186726
0.9317791835445637
1.4788031813661737
1.8856245506229494
2.0957967051174844
2.199443468093553
2.3199149973294513
2.4507862729499514
2.5808871977027974
2.677988420621986
-1.4196812418396817e-05
0.9788738855563036
2.214335636782915
2.8991816986438166
3.3421581699529908
3.625319546021962
3.9086650648874786
4.219335487259004
4.548987654993047
4.906830066892947
5.290498177910179
5.694519556805264
6.087906215286781
6.387876170696437
6.618676035442279
6.856603114779138
7.087163835526361
7.2481772782012355
7.403986973594547
7.555253516713137
7.700992742307769
7.842707920330175
7.9832570494603
8.119732902581651
8.215177051783359
0.7668983202995884
1.1797021569387398
1.5729845761016576
2.1461988578159628
2.9679225323982052
3.5687519783766994
4.011135254870701
4.19992664283613
4.290709903283871
-0.0001857239815957604
-3.148125515065857e-07
-4.5637002017062e-05
0.0018009167781930186
-3.3669370994749563e-06
-2.655051706056689e-05
-0.0004520735698630621
-7.276722519414907e-06
-6.552222066755411e-06
0.020205555349024226
-7.44243759008444e-09
138938.74789186887
33556.83107697026
18579.120783403792
10875.018497154928
6763.356236243451
4692.7977834299645
3729.332989161173
3223.9790253625283
2951.872427745885
2795.722596899673
2672.880661902829
2566.384465045265
2472.3241026503315
2388.0557531452023
2311.901863871522
2242.12177620073
2177.897431239697
2119.3272796584506
2067.3119111610454
2023.407970616206
1986.7759272847136
1954.322990657593
1924.499544139304
1896.640378330601
1869.3016123869356
1842.0520321448262
1814.9488478674286
1787.8758296423407
1760.73268534102
1733.4521351180824
1706.024255582794
1678.4442700879965
1650.7099013217187
1623.025915774314
1595.5213257183082
1568.4876778347002
1548.9199697381591
1532.4454244556646
1516.6303466310485
1501.6127631503598
1487.6814817976847
1475.1589437045614
1464.1461227027291
1455.2202337925285
1450.2065303135842
1445.5323240838582
1440.7798858635235
1435.9173919902312
1430.9220904678536
1425.773890200891
1420.454879334888
1414.9506989651006
1409.2532345357008
1403.3650786460937
1397.314545125454
1391.140904463951
1384.923294949242
1378.7832569644163
1372.8236032794637
1366.927290199567
1360.7034047307943
1353.8072230719124
1346.0189439061814
1337.1434923740953
1326.9572216379077
1315.1836125235563
1301.4722932380273
1285.3783834800272
1266.3389067546382
1243.6581152413657
1216.5085860081617
1184.2188784850525
1147.119175840149
1112.7925171425263
1095.8473780925378
1084.3608049027887
1075.2786580908523
1070.0100987184285
1067.890244612219
1067.0064187651767
-3.412668687206511e-06
-2.636298662388714e-08
-1.4123444954164832e-05
-2.9913188602699794e-08
-8.524107061710276e-08
-0.021042831318507333
-8.410987766061622e-05
-9.538520021696127e-06
-2.047523505463774e-06
-5.118727156167481e-06
-1.4900471418911127e-07
-1.3395356482758377e-05
-7.942971462947464e-06
-1.7010539609016816e-08
-5.221178026781273e-05
-3.447332789645726e-06
-3.4680867481306494e-06
-1.7583577911575614e-07
-2.602221387920729e-07
-1.9353638424696116e-06
-1.6161984678164876e-07
-2.1668580271799647e-06
-2.4462427877144574e-05
-1.9210774697487983e-06
-8.588173867557071e-07
-2.145268589982426e-06
-9.550106179151866e-06
-8.680528070150148e-07
-2.4319030084742232e-05
-3.474938809932301e-05
-2.7366364904323638e-05
0.8496012177847373
2.2215035249608253
3.5793157076486417
5.730080076028079
9.627684660058597
12.483611069290097
13.561410001088054
14.248379118000353
14.927689137864428
15.647860548648252
16.41865674506249
17.236801363143428
18.12332663121463
18.82759082870917
19.521551152481617
20.321566278120518
-4.141635623335751e-06
-7.691189996755055e-06
-4.2438493924263905e-05
-0.0012564582681603286
-0.008376707394877527
0.07380930007916159
0.1895319696738321
0.9354126655830769
2.3809625347871504
4.612812460122323
6.810593364511361
10.108142379117627
14.330992739436226
17.396046856827372
20.177676212557405
-0.1577277283049719
-1.447413747959963e-07
-0.023102067821028652
-0.00017321422955805286
-0.00562739744787336
-2.4938605306481896e-06
-0.00012061090053244888
-7.70789821069402e-06
60097653.89960619
8357100.457820558
3857229.6518131597
1777852.9760858386
784387.5295469746
436430.2820964326
363747.8171586821
338962.3115668299
327390.1748501542
317712.22181024513
308836.100928756
301007.21416667145
293831.2196493341
286316.44867990236
278343.9625175732
271108.26012357196
264940.3367200137
259390.4810469242
254453.82598003803
249512.3408395519
244516.92160362666
239455.97041318627
234326.49055792452
229135.98339511867
223885.87245922963
218577.5145024967
213212.38032745966
207792.1814611605
202318.9113458445
196794.8629504104
191222.6366606422
185605.15006382833
179945.6487642758
174247.71639604494
168515.29170427262
162752.66998741392
156964.518255433
151155.8837642267
145332.196857826
139499.2776020533
133663.33768948432
127830.98504788901
122009.22410830169
116211.7290721774
110560.28187588933
105164.38911889368
99978.53817460661
94986.94710646922
90177.99981321984
85541.64755496752
81070.25733861455
76758.75329748295
72601.7872584646
68594.5647932611
64735.31298219806
61028.09174225609
57465.322276351755
54059.161952834715
50807.633586254706
47708.89306440906
44761.69514242845
41963.86746950185
39312.28905637156
36803.13995936891
34432.0102107259
32193.988047170576
30083.792375091914
28095.918343261594
26224.75941847549
24464.712192582345
22810.25809730117
21256.018312049804
19796.809372777767
18427.646940912935
17143.723022337686
15940.003267417673
14811.603438937267
13753.98301394517
12763.368732961095
11843.126632169253
10988.667396599607
10190.484698429767
9445.200507784994
8749.968477704957
8102.147398303938
7499.265159614273
6938.989594685304
6417.937399409581
5931.986433456006
5478.683908701101
5055.309645264123
4659.01667037209
4287.282960922369
3937.8743506970745
3608.1676304787566
3299.2356219983444
3028.639715584348
2795.1605720524794
2592.146214349285
2415.642383308763
216569314.01506707
40157813.789869815
416924.17845319083
57771.071463825334
3271.6543529698984
674.4133796514617
437.11198216325454
337.98103440396477
269.3812511205057
218.505904604033
190.66374474822229
174.70627471422915
163.94429568592417
156.4248490847973
151.18751881307008
147.4811564414273
144.8254479985241
142.8336418211457
141.24706049681294
139.9315574938134
138.79415106420245
137.80108966254102
-3.048066225080449e-07
-0.09093679010861289
-4.855892217988445e-07
0.023581521508806554
0.4224954539434994
0.82181080060105
1.2300113257476644
1.747335117775504
2.2357232872283563
2.7470989482646586
3.340807748237266
3.7241796048862943
4.03250395334488
4.302673195999218
4.626665435741006
4.819610873893706
4.944382774028226
5.079733369787821
5.218373905747032
5.350817657044025
5.502358114563014
5.689325905300044
5.930472443463969
6.2184012895016725
6.37192165122737
6.491654394851293
6.605974917306816
6.7070641013136925
6.80632850414238
-0.00035931152656414235
-0.14551012167747732
-0.1389570105227063
-2.3516891186952667e-05
-5.395990488708815e-05
-0.00042076987848606697
-5.945419383954262e-06
-3.7044521572899155e-05
-6.124624455541245e-05
0.27604805432639995
0.9946115312197615
1.9503041170737028
2.7363213068388927
3.23040525527447
3.883668717167538
4.717767843892145
4.970587442855361
5.0759376974179515
5.194511137631794
5.32359964044598
5.445882684471718
5.5695005848645875
5.622305057030778
-9.772070338970057e-07
13185497.262288349
5931999.622309438
3485328.4531075545
2063387.7985054632
1189692.6680111694
554109.3620351952
121275.87096593902
53165.556403130366
36316.81747710605
25781.531470041158
19725.100234941972
16252.157817365392
14496.708415956939
13306.039742954426
12312.936675956462
11461.18053094159
10745.015849667918
10119.694983015119
9572.378234436816
9092.457017509767
8670.120734364165
8296.350197558679
7963.034194890811
7663.020090347725
7390.113584567118
7139.075033258104
6905.532419102652
6685.874808586378
6477.936474110612
6286.728382603124
6110.501065594332
5946.859731959888
5793.962181199553
5650.387464770049
5515.012846980072
5386.9463741624495
5265.466356675852
5149.982846648488
5039.917785167989
4934.741755221282
4834.098517352871
4737.3850752173485
4644.115345380232
4553.8961916972075
4466.408372535712
4381.393964133511
4298.637777481233
4217.965904514596
4139.235156306153
4062.3235982779393
3987.1307713577926
3913.571384552131
3841.5726868894426
3771.0733078528165
3702.0193265707476
3634.363940856314
3568.0667235679934
3503.091525081941
3439.406257333297
3376.9827176619037
3315.7947149538677
3255.8191741200067
3197.034381767782
3139.421057630206
3082.9613577355403
3027.6372328269113
2973.4335963910453
2920.3356670605663
2868.328814059692
2817.3993083664127
2767.5338736958247
2718.7196286406693
2670.9440062221365
2624.1935864301777
2578.9996459445265
2535.476824743483
2493.3108179654096
2452.4731995133375
2413.0091918910825
2375.0525338122347
2338.848613144221
2304.8352992196374
2273.855718782283
2247.882670795197
2233.794560091658
2229.9454522449523
2227.1942867675693
2224.643454827288
2222.248806637353
2219.9791857808077
2217.8109235522193
2215.7256238505333
2213.7089642065607
2211.7495310564063
2209.837843554553
2207.9663557161603
2206.1291361727203
2204.321102556622
2202.538063247905
2200.776334732623
-1.2636926684223891e-05
35.60105390769704
3.361406256409342
7.730157854745946
9.52590759752716
10.044840207282348
10.425978697823666
10.647670041568297
10.891382740919152
11.137994122699919
11.40501229609784
11.713127101254063
12.10647489073203
12.56795616872478
12.836120454648986
12.932180393513201
-8.503440275769804e-08
-3.5854387352356014e-05
-9.83523690687719e-06
-2.1908013245741537e-05
-0.0002612997277234524
-1.7093400930014136e-06
-0.0016638427246158185
-2.3334458385352605e-05
-0.027599962365919033
-0.01790190499607215
-6.951635533961927e-08
0.19740480610468364
1.4085287095985823
-0.00016310601716296313
-1.3251056144637996e-05
189.68193939071406
35.95536493430425
9.579912931332496
5.343281787322818
3.6791891582887093
2.897664412172182
Saved complete output: /home/pang/projects/DDET-MTD-q1-case39/metric/case39/q1_top_sprint_20260424_094946/gate9_fail_only_guard_20260426_224426/reduced_fresh/mixed_bank_test_gate9_alternating_short_2.npy
